=== Omnipod Scan started Fri Apr 03 18:25:31 GMT+02:00 2026 ===

[18:25:31.055] Device: (no name)  [5E:03:4B:5F:1B:27]
RSSI: -68 dBm
Manufacturer Data:
  Company ID: 0x004C (76)
  Data (8 bytes): 10 06 0C 1D F5 CB 98 78
Raw AD (62 bytes):
  02 01 1A 02 0A 0B 0B FF 4C 00 10 06 0C 1D F5 CB
  98 78 00 00 00 00 00 00 00 00 00 00 00 00 00 00
  00 00 00 00 00 00 00 00 00 00 00 00 00 00 00 00
  00 00 00 00 00 00 00 00 00 00 00 00 00 00
AD Structures:
  [type=0x01 len=2] Flags: 1A
  [type=0x0A len=2] Type 10: 0B
  [type=0xFF len=11] Manufacturer Data: 4C 00 10 06 0C 1D F5 CB 98 78


[18:25:31.073] Device: (no name)  [CE:34:67:98:B5:73]
RSSI: -66 dBm
Manufacturer Data:
  Company ID: 0x004C (76)
  Data (4 bytes): 12 02 00 00
Raw AD (62 bytes):
  07 FF 4C 00 12 02 00 00 00 00 00 00 00 00 00 00
  00 00 00 00 00 00 00 00 00 00 00 00 00 00 00 00
  00 00 00 00 00 00 00 00 00 00 00 00 00 00 00 00
  00 00 00 00 00 00 00 00 00 00 00 00 00 00
AD Structures:
  [type=0xFF len=7] Manufacturer Data: 4C 00 12 02 00 00


[18:25:31.081] Device: (no name)  [F0:B3:EC:6B:AE:C9]
RSSI: -73 dBm
Manufacturer Data:
  Company ID: 0x004C (76)
  Data (7 bytes): 10 05 08 14 6E 29 60
Raw AD (62 bytes):
  02 01 1A 02 0A 0C 0A FF 4C 00 10 05 08 14 6E 29
  60 00 00 00 00 00 00 00 00 00 00 00 00 00 00 00
  00 00 00 00 00 00 00 00 00 00 00 00 00 00 00 00
  00 00 00 00 00 00 00 00 00 00 00 00 00 00
AD Structures:
  [type=0x01 len=2] Flags: 1A
  [type=0x0A len=2] Type 10: 0C
  [type=0xFF len=10] Manufacturer Data: 4C 00 10 05 08 14 6E 29 60


[18:25:31.111] Device: GBK_H61A2_B3DB  [D4:AD:FC:6C:B3:DB]
RSSI: -85 dBm
Manufacturer Data:
  Company ID: 0x8802 (34818)
  Data (5 bytes): EC 00 02 01 01
Raw AD (62 bytes):
  0F 09 47 42 4B 5F 48 36 31 41 32 5F 42 33 44 42
  08 FF 02 88 EC 00 02 01 01 02 01 05 0F 09 47 42
  4B 5F 48 36 31 41 32 5F 42 33 44 42 00 00 00 00
  00 00 00 00 00 00 00 00 00 00 00 00 00 00
AD Structures:
  [type=0x09 len=15] Complete Name: 47 42 4B 5F 48 36 31 41 32 5F 42 33 44 42
  [type=0xFF len=8] Manufacturer Data: 02 88 EC 00 02 01 01
  [type=0x01 len=2] Flags: 05
  [type=0x09 len=15] Complete Name: 47 42 4B 5F 48 36 31 41 32 5F 42 33 44 42


[18:25:31.116] Device: SugarPixel-Unten  [78:1C:3C:EF:A6:AE]
RSSI: -65 dBm
Raw AD (62 bytes):
  02 01 06 11 09 53 75 67 61 72 50 69 78 65 6C 2D
  55 6E 74 65 6E 00 00 00 00 00 00 00 00 00 00 00
  00 00 00 00 00 00 00 00 00 00 00 00 00 00 00 00
  00 00 00 00 00 00 00 00 00 00 00 00 00 00
AD Structures:
  [type=0x01 len=2] Flags: 06
  [type=0x09 len=17] Complete Name: 53 75 67 61 72 50 69 78 65 6C 2D 55 6E 74 65 6E


[18:25:31.122] Device: (no name)  [48:0F:69:87:A7:04]
RSSI: -60 dBm
Manufacturer Data:
  Company ID: 0x004C (76)
  Data (26 bytes): 10 07 30 1F B7 A0 3D E5 78 01 00 00 00 00 00 00
  00 00 00 00 00 00 80 00 00 00
Raw AD (62 bytes):
  02 01 1A 02 0A 08 0C FF 4C 00 10 07 30 1F B7 A0
  3D E5 78 14 FF 4C 00 01 00 00 00 00 00 00 00 00
  00 00 00 00 80 00 00 00 00 00 00 00 00 00 00 00
  00 00 00 00 00 00 00 00 00 00 00 00 00 00
AD Structures:
  [type=0x01 len=2] Flags: 1A
  [type=0x0A len=2] Type 10: 08
  [type=0xFF len=12] Manufacturer Data: 4C 00 10 07 30 1F B7 A0 3D E5 78
  [type=0xFF len=20] Manufacturer Data: 4C 00 01 00 00 00 00 00 00 00 00 00 00 00 00 80
  00 00 00


[18:25:31.128] Device: (no name)  [77:03:BD:1A:F8:35]
RSSI: -75 dBm
Manufacturer Data:
  Company ID: 0x004C (76)
  Data (20 bytes): 09 08 13 E3 C0 A8 01 91 1B 58 16 08 00 8C BB B8
  A2 07 35 08
Raw AD (62 bytes):
  02 01 1A 17 FF 4C 00 09 08 13 E3 C0 A8 01 91 1B
  58 16 08 00 8C BB B8 A2 07 35 08 00 00 00 00 00
  00 00 00 00 00 00 00 00 00 00 00 00 00 00 00 00
  00 00 00 00 00 00 00 00 00 00 00 00 00 00
AD Structures:
  [type=0x01 len=2] Flags: 1A
  [type=0xFF len=23] Manufacturer Data: 4C 00 09 08 13 E3 C0 A8 01 91 1B 58 16 08 00 8C
  BB B8 A2 07 35 08


[18:25:31.131] Device: GVH600D50FA  [0C:4E:A0:88:50:FA]
RSSI: -66 dBm
Manufacturer Data:
  Company ID: 0x8802 (34818)
  Data (6 bytes): EC 00 01 01 00 00
Raw AD (62 bytes):
  02 01 06 0C 09 47 56 48 36 30 30 44 35 30 46 41
  09 FF 02 88 EC 00 01 01 00 00 03 19 00 00 00 00
  00 00 00 00 00 00 00 00 00 00 00 00 00 00 00 00
  00 00 00 00 00 00 00 00 00 00 00 00 00 00
AD Structures:
  [type=0x01 len=2] Flags: 06
  [type=0x09 len=12] Complete Name: 47 56 48 36 30 30 44 35 30 46 41
  [type=0xFF len=9] Manufacturer Data: 02 88 EC 00 01 01 00 00
  [type=0x19 len=3] Type 25: 00 00


[18:25:31.147] Device: (no name)  [E5:F1:15:C9:28:BD]
RSSI: -93 dBm
Manufacturer Data:
  Company ID: 0x004C (76)
  Data (27 bytes): 12 19 50 43 03 D3 4E FF 4E AA 61 DF 17 70 23 B5
  60 27 09 06 C1 8E 42 53 83 03 EB
Raw AD (62 bytes):
  1E FF 4C 00 12 19 50 43 03 D3 4E FF 4E AA 61 DF
  17 70 23 B5 60 27 09 06 C1 8E 42 53 83 03 EB 00
  00 00 00 00 00 00 00 00 00 00 00 00 00 00 00 00
  00 00 00 00 00 00 00 00 00 00 00 00 00 00
AD Structures:
  [type=0xFF len=30] Manufacturer Data: 4C 00 12 19 50 43 03 D3 4E FF 4E AA 61 DF 17 70
  23 B5 60 27 09 06 C1 8E 42 53 83 03 EB


[18:25:31.196] Device: GVH600D833E  [A8:46:74:20:83:3E]
RSSI: -65 dBm
Manufacturer Data:
  Company ID: 0x8802 (34818)
  Data (6 bytes): EC 00 01 01 00 00
Raw AD (62 bytes):
  02 01 06 0C 09 47 56 48 36 30 30 44 38 33 33 45
  09 FF 02 88 EC 00 01 01 00 00 03 19 00 00 00 00
  00 00 00 00 00 00 00 00 00 00 00 00 00 00 00 00
  00 00 00 00 00 00 00 00 00 00 00 00 00 00
AD Structures:
  [type=0x01 len=2] Flags: 06
  [type=0x09 len=12] Complete Name: 47 56 48 36 30 30 44 38 33 33 45
  [type=0xFF len=9] Manufacturer Data: 02 88 EC 00 01 01 00 00
  [type=0x19 len=3] Type 25: 00 00


[18:25:31.197] Device: Govee_H6072_5288  [C8:36:39:34:52:88]
RSSI: -82 dBm
Manufacturer Data:
  Company ID: 0x8802 (34818)
  Data (5 bytes): EC 00 02 01 01
Raw AD (62 bytes):
  02 01 06 11 09 47 6F 76 65 65 5F 48 36 30 37 32
  5F 35 32 38 38 08 FF 02 88 EC 00 02 01 01 11 09
  47 6F 76 65 65 5F 48 36 30 37 32 5F 35 32 38 38
  00 00 00 00 00 00 00 00 00 00 00 00 00 00
AD Structures:
  [type=0x01 len=2] Flags: 06
  [type=0x09 len=17] Complete Name: 47 6F 76 65 65 5F 48 36 30 37 32 5F 35 32 38 38
  [type=0xFF len=8] Manufacturer Data: 02 88 EC 00 02 01 01
  [type=0x09 len=17] Complete Name: 47 6F 76 65 65 5F 48 36 30 37 32 5F 35 32 38 38


[18:25:31.207] Device: (no name)  [53:B7:BC:75:66:66]
RSSI: -77 dBm
Manufacturer Data:
  Company ID: 0x004C (76)
  Data (8 bytes): 10 06 3E 1A E1 DF 8E 40
Raw AD (62 bytes):
  02 01 1A 02 0A 0C 0B FF 4C 00 10 06 3E 1A E1 DF
  8E 40 00 00 00 00 00 00 00 00 00 00 00 00 00 00
  00 00 00 00 00 00 00 00 00 00 00 00 00 00 00 00
  00 00 00 00 00 00 00 00 00 00 00 00 00 00
AD Structures:
  [type=0x01 len=2] Flags: 1A
  [type=0x0A len=2] Type 10: 0C
  [type=0xFF len=11] Manufacturer Data: 4C 00 10 06 3E 1A E1 DF 8E 40


[18:25:31.218] Device: (no name)  [66:67:C6:67:B6:82]
RSSI: -93 dBm
Manufacturer Data:
  Company ID: 0x004C (76)
  Data (24 bytes): 0C 0E 08 4A 2A FB B5 9E 87 3C 8C 35 CF 76 28 AD
  10 06 4F 1D 15 BC E6 18
Raw AD (62 bytes):
  02 01 1A 1B FF 4C 00 0C 0E 08 4A 2A FB B5 9E 87
  3C 8C 35 CF 76 28 AD 10 06 4F 1D 15 BC E6 18 00
  00 00 00 00 00 00 00 00 00 00 00 00 00 00 00 00
  00 00 00 00 00 00 00 00 00 00 00 00 00 00
AD Structures:
  [type=0x01 len=2] Flags: 1A
  [type=0xFF len=27] Manufacturer Data: 4C 00 0C 0E 08 4A 2A FB B5 9E 87 3C 8C 35 CF 76
  28 AD 10 06 4F 1D 15 BC E6 18


[18:25:31.220] Device: SugarPixel-Oben  [78:1C:3C:EF:B4:4E]
RSSI: -96 dBm
Raw AD (62 bytes):
  02 01 06 10 09 53 75 67 61 72 50 69 78 65 6C 2D
  4F 62 65 6E 00 00 00 00 00 00 00 00 00 00 00 00
  00 00 00 00 00 00 00 00 00 00 00 00 00 00 00 00
  00 00 00 00 00 00 00 00 00 00 00 00 00 00
AD Structures:
  [type=0x01 len=2] Flags: 06
  [type=0x09 len=16] Complete Name: 53 75 67 61 72 50 69 78 65 6C 2D 4F 62 65 6E


[18:25:31.232] Device: Plaud Note Pro  [51:CA:FC:FE:76:58]
RSSI: -70 dBm
Manufacturer Data:
  Company ID: 0x005D (93)
  Data (27 bytes): 02 71 03 04 56 07 04 01 08 88 10 B3 02 54 58 91
  19 44 14 00 04 CF 79 57 1E 01 01
Raw AD (62 bytes):
  1E FF 5D 00 02 71 03 04 56 07 04 01 08 88 10 B3
  02 54 58 91 19 44 14 00 04 CF 79 57 1E 01 01 0F
  09 50 6C 61 75 64 20 4E 6F 74 65 20 50 72 6F 00
  00 00 00 00 00 00 00 00 00 00 00 00 00 00
AD Structures:
  [type=0xFF len=30] Manufacturer Data: 5D 00 02 71 03 04 56 07 04 01 08 88 10 B3 02 54
  58 91 19 44 14 00 04 CF 79 57 1E 01 01
  [type=0x09 len=15] Complete Name: 50 6C 61 75 64 20 4E 6F 74 65 20 50 72 6F


[18:25:31.252] Device: (no name)  [5C:12:1A:AB:C0:BB]
RSSI: -96 dBm
Manufacturer Data:
  Company ID: 0x004C (76)
  Data (24 bytes): 0C 0E 08 4A 2A FB B5 9E 87 3C 8C 35 CF 76 28 AD
  10 06 4F 1D 15 BC E6 18
Raw AD (62 bytes):
  02 01 1A 1B FF 4C 00 0C 0E 08 4A 2A FB B5 9E 87
  3C 8C 35 CF 76 28 AD 10 06 4F 1D 15 BC E6 18 00
  00 00 00 00 00 00 00 00 00 00 00 00 00 00 00 00
  00 00 00 00 00 00 00 00 00 00 00 00 00 00
AD Structures:
  [type=0x01 len=2] Flags: 1A
  [type=0xFF len=27] Manufacturer Data: 4C 00 0C 0E 08 4A 2A FB B5 9E 87 3C 8C 35 CF 76
  28 AD 10 06 4F 1D 15 BC E6 18


[18:25:31.253] Device: (no name)  [4C:06:F5:A9:99:39]
RSSI: -71 dBm
Manufacturer Data:
  Company ID: 0x004C (76)
  Data (26 bytes): 10 07 36 1F 0B AC 92 D3 18 01 00 00 00 00 00 00
  00 00 00 00 00 00 80 00 00 00
Raw AD (62 bytes):
  02 01 1A 02 0A 0C 0C FF 4C 00 10 07 36 1F 0B AC
  92 D3 18 14 FF 4C 00 01 00 00 00 00 00 00 00 00
  00 00 00 00 80 00 00 00 00 00 00 00 00 00 00 00
  00 00 00 00 00 00 00 00 00 00 00 00 00 00
AD Structures:
  [type=0x01 len=2] Flags: 1A
  [type=0x0A len=2] Type 10: 0C
  [type=0xFF len=12] Manufacturer Data: 4C 00 10 07 36 1F 0B AC 92 D3 18
  [type=0xFF len=20] Manufacturer Data: 4C 00 01 00 00 00 00 00 00 00 00 00 00 00 00 80
  00 00 00


[18:25:31.888] Device: (no name)  [48:7B:2E:B2:B8:0B]
RSSI: -89 dBm
Manufacturer Data:
  Company ID: 0x004C (76)
  Data (16 bytes): 09 08 13 5B C0 A8 B2 24 1B 58 0A 04 12 A0 56 78
Raw AD (62 bytes):
  02 01 1A 13 FF 4C 00 09 08 13 5B C0 A8 B2 24 1B
  58 0A 04 12 A0 56 78 00 00 00 00 00 00 00 00 00
  00 00 00 00 00 00 00 00 00 00 00 00 00 00 00 00
  00 00 00 00 00 00 00 00 00 00 00 00 00 00
AD Structures:
  [type=0x01 len=2] Flags: 1A
  [type=0xFF len=19] Manufacturer Data: 4C 00 09 08 13 5B C0 A8 B2 24 1B 58 0A 04 12 A0
  56 78


[18:25:31.941] Device: (no name)  [41:F8:AD:E4:9D:09]
RSSI: -51 dBm
Manufacturer Data:
  Company ID: 0x004C (76)
  Data (9 bytes): 10 07 3B 1F 08 F6 7B CC 78
Raw AD (62 bytes):
  02 01 1A 0C FF 4C 00 10 07 3B 1F 08 F6 7B CC 78
  02 0A 00 00 00 00 00 00 00 00 00 00 00 00 00 00
  00 00 00 00 00 00 00 00 00 00 00 00 00 00 00 00
  00 00 00 00 00 00 00 00 00 00 00 00 00 00
AD Structures:
  [type=0x01 len=2] Flags: 1A
  [type=0xFF len=12] Manufacturer Data: 4C 00 10 07 3B 1F 08 F6 7B CC 78
  [type=0x0A len=2] Type 10: 00


[18:25:31.991] Device: (no name)  [5B:E1:0F:16:B4:23]
RSSI: -89 dBm
Manufacturer Data:
  Company ID: 0x004C (76)
  Data (26 bytes): 10 07 3F 1F E8 D7 1A A8 58 01 00 00 00 00 00 00
  00 00 00 00 00 00 80 00 00 00
Raw AD (62 bytes):
  02 01 1A 02 0A 0B 0C FF 4C 00 10 07 3F 1F E8 D7
  1A A8 58 14 FF 4C 00 01 00 00 00 00 00 00 00 00
  00 00 00 00 80 00 00 00 00 00 00 00 00 00 00 00
  00 00 00 00 00 00 00 00 00 00 00 00 00 00
AD Structures:
  [type=0x01 len=2] Flags: 1A
  [type=0x0A len=2] Type 10: 0B
  [type=0xFF len=12] Manufacturer Data: 4C 00 10 07 3F 1F E8 D7 1A A8 58
  [type=0xFF len=20] Manufacturer Data: 4C 00 01 00 00 00 00 00 00 00 00 00 00 00 00 80
  00 00 00


[18:25:31.993] Device: Core300s  [10:97:BD:46:6F:C2]
RSSI: -94 dBm
Manufacturer Data:
  Company ID: 0x06D0 (1744)
  Data (12 bytes): 01 C2 6F 46 BD 97 10 C6 2E 02 02 00
Raw AD (62 bytes):
  02 01 06 0F FF D0 06 01 C2 6F 46 BD 97 10 C6 2E
  02 02 00 09 09 43 6F 72 65 33 30 30 73 00 00 00
  00 00 00 00 00 00 00 00 00 00 00 00 00 00 00 00
  00 00 00 00 00 00 00 00 00 00 00 00 00 00
AD Structures:
  [type=0x01 len=2] Flags: 06
  [type=0xFF len=15] Manufacturer Data: D0 06 01 C2 6F 46 BD 97 10 C6 2E 02 02 00
  [type=0x09 len=9] Complete Name: 43 6F 72 65 33 30 30 73


[18:25:31.994] Device: (no name)  [D1:E6:63:B5:CE:B4]
RSSI: -85 dBm
Manufacturer Data:
  Company ID: 0x004C (76)
  Data (23 bytes): 12 02 6E 02 07 11 06 08 30 B3 B0 42 38 4F 24 32
  FB C6 1F F9 14 4A 65
Raw AD (62 bytes):
  1A FF 4C 00 12 02 6E 02 07 11 06 08 30 B3 B0 42
  38 4F 24 32 FB C6 1F F9 14 4A 65 00 00 00 00 00
  00 00 00 00 00 00 00 00 00 00 00 00 00 00 00 00
  00 00 00 00 00 00 00 00 00 00 00 00 00 00
AD Structures:
  [type=0xFF len=26] Manufacturer Data: 4C 00 12 02 6E 02 07 11 06 08 30 B3 B0 42 38 4F
  24 32 FB C6 1F F9 14 4A 65


[18:25:32.597] Device: (no name)  [57:5A:1C:4C:92:CB]
RSSI: -89 dBm
Manufacturer Data:
  Company ID: 0x004C (76)
  Data (7 bytes): 10 05 16 18 45 23 5C
Raw AD (62 bytes):
  02 01 1A 02 0A 0C 0A FF 4C 00 10 05 16 18 45 23
  5C 00 00 00 00 00 00 00 00 00 00 00 00 00 00 00
  00 00 00 00 00 00 00 00 00 00 00 00 00 00 00 00
  00 00 00 00 00 00 00 00 00 00 00 00 00 00
AD Structures:
  [type=0x01 len=2] Flags: 1A
  [type=0x0A len=2] Type 10: 0C
  [type=0xFF len=10] Manufacturer Data: 4C 00 10 05 16 18 45 23 5C


[18:25:32.750] Device: (no name)  [DF:00:EB:58:FC:A1]
RSSI: -84 dBm
Manufacturer Data:
  Company ID: 0x004C (76)
  Data (4 bytes): 12 02 00 03
Raw AD (62 bytes):
  07 FF 4C 00 12 02 00 03 00 00 00 00 00 00 00 00
  00 00 00 00 00 00 00 00 00 00 00 00 00 00 00 00
  00 00 00 00 00 00 00 00 00 00 00 00 00 00 00 00
  00 00 00 00 00 00 00 00 00 00 00 00 00 00
AD Structures:
  [type=0xFF len=7] Manufacturer Data: 4C 00 12 02 00 03


[18:25:33.348] Device: (no name)  [C7:4C:34:D3:9D:4F]
RSSI: -76 dBm
Manufacturer Data:
  Company ID: 0x004C (76)
  Data (27 bytes): 12 19 90 FD F8 8E D3 07 73 75 9F 34 D9 3F 12 DA
  EC ED 75 CC AF 18 F0 D3 32 02 39
Raw AD (62 bytes):
  1E FF 4C 00 12 19 90 FD F8 8E D3 07 73 75 9F 34
  D9 3F 12 DA EC ED 75 CC AF 18 F0 D3 32 02 39 00
  00 00 00 00 00 00 00 00 00 00 00 00 00 00 00 00
  00 00 00 00 00 00 00 00 00 00 00 00 00 00
AD Structures:
  [type=0xFF len=30] Manufacturer Data: 4C 00 12 19 90 FD F8 8E D3 07 73 75 9F 34 D9 3F
  12 DA EC ED 75 CC AF 18 F0 D3 32 02 39


[18:25:33.456] Device: Govee_H6061_175A  [CD:38:30:33:17:5A]
RSSI: -86 dBm
Manufacturer Data:
  Company ID: 0x8803 (34819)
  Data (5 bytes): EC 00 01 03 01
Raw AD (62 bytes):
  02 01 06 11 09 47 6F 76 65 65 5F 48 36 30 36 31
  5F 31 37 35 41 08 FF 03 88 EC 00 01 03 01 11 09
  47 6F 76 65 65 5F 48 36 30 36 31 5F 31 37 35 41
  00 00 00 00 00 00 00 00 00 00 00 00 00 00
AD Structures:
  [type=0x01 len=2] Flags: 06
  [type=0x09 len=17] Complete Name: 47 6F 76 65 65 5F 48 36 30 36 31 5F 31 37 35 41
  [type=0xFF len=8] Manufacturer Data: 03 88 EC 00 01 03 01
  [type=0x09 len=17] Complete Name: 47 6F 76 65 65 5F 48 36 30 36 31 5F 31 37 35 41


[18:25:34.079] Device: Govee_H6072_388C  [C2:36:39:34:38:8C]
RSSI: -88 dBm
Manufacturer Data:
  Company ID: 0x8802 (34818)
  Data (5 bytes): EC 00 02 01 01
Raw AD (62 bytes):
  02 01 06 11 09 47 6F 76 65 65 5F 48 36 30 37 32
  5F 33 38 38 43 08 FF 02 88 EC 00 02 01 01 11 09
  47 6F 76 65 65 5F 48 36 30 37 32 5F 33 38 38 43
  00 00 00 00 00 00 00 00 00 00 00 00 00 00
AD Structures:
  [type=0x01 len=2] Flags: 06
  [type=0x09 len=17] Complete Name: 47 6F 76 65 65 5F 48 36 30 37 32 5F 33 38 38 43
  [type=0xFF len=8] Manufacturer Data: 02 88 EC 00 02 01 01
  [type=0x09 len=17] Complete Name: 47 6F 76 65 65 5F 48 36 30 37 32 5F 33 38 38 43


[18:25:34.202] Device: (no name)  [49:1E:9C:F2:C8:D7]
RSSI: -89 dBm
Manufacturer Data:
  Company ID: 0x004C (76)
  Data (24 bytes): 0C 0E 08 D5 87 37 71 36 F9 F5 79 2F 22 23 9E 6E
  10 06 48 1D B2 4E 07 18
Raw AD (62 bytes):
  02 01 1A 1B FF 4C 00 0C 0E 08 D5 87 37 71 36 F9
  F5 79 2F 22 23 9E 6E 10 06 48 1D B2 4E 07 18 00
  00 00 00 00 00 00 00 00 00 00 00 00 00 00 00 00
  00 00 00 00 00 00 00 00 00 00 00 00 00 00
AD Structures:
  [type=0x01 len=2] Flags: 1A
  [type=0xFF len=27] Manufacturer Data: 4C 00 0C 0E 08 D5 87 37 71 36 F9 F5 79 2F 22 23
  9E 6E 10 06 48 1D B2 4E 07 18


[18:25:34.203] Device: (no name)  [5C:87:89:4A:DC:C5]
RSSI: -92 dBm
Manufacturer Data:
  Company ID: 0x004C (76)
  Data (20 bytes): 09 08 13 12 C0 A8 01 74 1B 58 16 08 00 92 51 BD
  33 FE FF B5
Raw AD (62 bytes):
  02 01 1A 17 FF 4C 00 09 08 13 12 C0 A8 01 74 1B
  58 16 08 00 92 51 BD 33 FE FF B5 00 00 00 00 00
  00 00 00 00 00 00 00 00 00 00 00 00 00 00 00 00
  00 00 00 00 00 00 00 00 00 00 00 00 00 00
AD Structures:
  [type=0x01 len=2] Flags: 1A
  [type=0xFF len=23] Manufacturer Data: 4C 00 09 08 13 12 C0 A8 01 74 1B 58 16 08 00 92
  51 BD 33 FE FF B5


[18:25:34.877] Device: (no name)  [7D:3B:E5:2D:27:4F]
RSSI: -97 dBm
Manufacturer Data:
  Company ID: 0x004C (76)
  Data (24 bytes): 0C 0E 08 D5 87 37 71 36 F9 F5 79 2F 22 23 9E 6E
  10 06 48 1D B2 4E 07 18
Raw AD (62 bytes):
  02 01 1A 1B FF 4C 00 0C 0E 08 D5 87 37 71 36 F9
  F5 79 2F 22 23 9E 6E 10 06 48 1D B2 4E 07 18 00
  00 00 00 00 00 00 00 00 00 00 00 00 00 00 00 00
  00 00 00 00 00 00 00 00 00 00 00 00 00 00
AD Structures:
  [type=0x01 len=2] Flags: 1A
  [type=0xFF len=27] Manufacturer Data: 4C 00 0C 0E 08 D5 87 37 71 36 F9 F5 79 2F 22 23
  9E 6E 10 06 48 1D B2 4E 07 18


[18:25:34.982] Device: (no name)  [C5:C0:31:C4:7E:E6]
RSSI: -83 dBm
Manufacturer Data:
  Company ID: 0x004C (76)
  Data (4 bytes): 12 02 00 03
Raw AD (62 bytes):
  07 FF 4C 00 12 02 00 03 00 00 00 00 00 00 00 00
  00 00 00 00 00 00 00 00 00 00 00 00 00 00 00 00
  00 00 00 00 00 00 00 00 00 00 00 00 00 00 00 00
  00 00 00 00 00 00 00 00 00 00 00 00 00 00
AD Structures:
  [type=0xFF len=7] Manufacturer Data: 4C 00 12 02 00 03


[18:25:36.409] Device: (no name)  [7C:C7:D6:14:92:66]
RSSI: -58 dBm
Manufacturer Data:
  Company ID: 0x004C (76)
  Data (10 bytes): 16 08 00 36 2D 4F E9 D0 38 A3
Raw AD (62 bytes):
  02 01 1A 0D FF 4C 00 16 08 00 36 2D 4F E9 D0 38
  A3 00 00 00 00 00 00 00 00 00 00 00 00 00 00 00
  00 00 00 00 00 00 00 00 00 00 00 00 00 00 00 00
  00 00 00 00 00 00 00 00 00 00 00 00 00 00
AD Structures:
  [type=0x01 len=2] Flags: 1A
  [type=0xFF len=13] Manufacturer Data: 4C 00 16 08 00 36 2D 4F E9 D0 38 A3


[18:25:36.564] Device: (no name)  [F2:00:92:EB:13:E0]
RSSI: -57 dBm
Manufacturer Data:
  Company ID: 0x004C (76)
  Data (4 bytes): 12 02 00 03
Raw AD (62 bytes):
  07 FF 4C 00 12 02 00 03 00 00 00 00 00 00 00 00
  00 00 00 00 00 00 00 00 00 00 00 00 00 00 00 00
  00 00 00 00 00 00 00 00 00 00 00 00 00 00 00 00
  00 00 00 00 00 00 00 00 00 00 00 00 00 00
AD Structures:
  [type=0xFF len=7] Manufacturer Data: 4C 00 12 02 00 03


[18:25:36.960] Device: (no name)  [46:D6:64:B6:80:42]
RSSI: -94 dBm
Manufacturer Data:
  Company ID: 0x004C (76)
  Data (7 bytes): 10 05 3B 18 B3 3E AB
Raw AD (62 bytes):
  02 01 1A 02 0A 0C 0A FF 4C 00 10 05 3B 18 B3 3E
  AB 00 00 00 00 00 00 00 00 00 00 00 00 00 00 00
  00 00 00 00 00 00 00 00 00 00 00 00 00 00 00 00
  00 00 00 00 00 00 00 00 00 00 00 00 00 00
AD Structures:
  [type=0x01 len=2] Flags: 1A
  [type=0x0A len=2] Type 10: 0C
  [type=0xFF len=10] Manufacturer Data: 4C 00 10 05 3B 18 B3 3E AB


[18:25:37.130] ========== OMNIPOD FOUND ==========
Device: Openpod_Emu  [F3:F9:AA:51:B5:54]
RSSI: -88 dBm
Service UUIDs:
  ce1f923d-c539-48ea-7300-0afffffffe00  <-- OMNIPOD SCAN UUID
    UUID LE bytes: 00 FE FF FF FF 0A 00 73 EA 48 39 C5 3D 92 1F CE
    Profile ID: 10 (VALID)
    Pod ID base: 0xFFFFFFFE (4294967294)  [UNPAIRED]
Manufacturer Data:
  Company ID: 0x0000 (0)
  Data (7 bytes): 00 00 00 00 00 00 00
  --- Omnipod decode ---
    Pod ID adj bits: 0
    Alarm code: 0x00
    Alert code: 0x00
    Service type: 0x2470 (NO_DATA (default))
Raw AD (62 bytes):
  11 06 00 FE FF FF FF 0A 00 73 EA 48 39 C5 3D 92
  1F CE 0A FF 00 00 00 00 00 00 00 00 00 0C 09 4F
  70 65 6E 70 6F 64 5F 45 6D 75 00 00 00 00 00 00
  00 00 00 00 00 00 00 00 00 00 00 00 00 00
AD Structures:
  [type=0x06 len=17] Incomplete 128-bit UUIDs: 00 FE FF FF FF 0A 00 73 EA 48 39 C5 3D 92 1F CE
  [type=0xFF len=10] Manufacturer Data: 00 00 00 00 00 00 00 00 00
  [type=0x09 len=12] Complete Name: 4F 70 65 6E 70 6F 64 5F 45 6D 75
====================================


[18:25:38.581] Device: WeLockY5EX2  [CC:9E:8D:62:CB:91]
RSSI: -85 dBm
Service UUIDs:
  6e400001-b5a3-f393-e0a9-e50e24dcca9e
Manufacturer Data:
  Company ID: 0x484D (18509)
  Data (9 bytes): 1A 04 06 80 9B 01 01 0B 02
Raw AD (62 bytes):
  0C 09 57 65 4C 6F 63 6B 59 35 45 58 32 02 01 06
  0C FF 4D 48 1A 04 06 80 9B 01 01 0B 02 11 07 9E
  CA DC 24 0E E5 A9 E0 93 F3 A3 B5 01 00 40 6E 00
  00 00 00 00 00 00 00 00 00 00 00 00 00 00
AD Structures:
  [type=0x09 len=12] Complete Name: 57 65 4C 6F 63 6B 59 35 45 58 32
  [type=0x01 len=2] Flags: 06
  [type=0xFF len=12] Manufacturer Data: 4D 48 1A 04 06 80 9B 01 01 0B 02
  [type=0x07 len=17] Complete 128-bit UUIDs: 9E CA DC 24 0E E5 A9 E0 93 F3 A3 B5 01 00 40 6E


[18:25:40.135] ========== OMNIPOD FOUND ==========
Device: Openpod_Emu  [F3:F9:AA:51:B5:54]
RSSI: -87 dBm
Service UUIDs:
  ce1f923d-c539-48ea-7300-0afffffffe00  <-- OMNIPOD SCAN UUID
    UUID LE bytes: 00 FE FF FF FF 0A 00 73 EA 48 39 C5 3D 92 1F CE
    Profile ID: 10 (VALID)
    Pod ID base: 0xFFFFFFFE (4294967294)  [UNPAIRED]
Manufacturer Data:
  Company ID: 0x0000 (0)
  Data (7 bytes): 00 00 00 00 00 00 00
  --- Omnipod decode ---
    Pod ID adj bits: 0
    Alarm code: 0x00
    Alert code: 0x00
    Service type: 0x2470 (NO_DATA (default))
Raw AD (62 bytes):
  11 06 00 FE FF FF FF 0A 00 73 EA 48 39 C5 3D 92
  1F CE 0A FF 00 00 00 00 00 00 00 00 00 0C 09 4F
  70 65 6E 70 6F 64 5F 45 6D 75 00 00 00 00 00 00
  00 00 00 00 00 00 00 00 00 00 00 00 00 00
AD Structures:
  [type=0x06 len=17] Incomplete 128-bit UUIDs: 00 FE FF FF FF 0A 00 73 EA 48 39 C5 3D 92 1F CE
  [type=0xFF len=10] Manufacturer Data: 00 00 00 00 00 00 00 00 00
  [type=0x09 len=12] Complete Name: 4F 70 65 6E 70 6F 64 5F 45 6D 75
====================================


[18:25:40.221] Device: DXCMsm  [DF:9C:88:B9:57:32]
RSSI: -92 dBm
Service UUIDs:
  0000febc-0000-1000-8000-00805f9b34fb
Manufacturer Data:
  Company ID: 0x00D0 (208)
  Data (4 bytes): 2E 6A 00 04
Raw AD (62 bytes):
  02 01 06 07 09 44 58 43 4D 73 6D 03 02 BC FE 07
  FF D0 00 2E 6A 00 04 00 00 00 00 00 00 00 00 00
  00 00 00 00 00 00 00 00 00 00 00 00 00 00 00 00
  00 00 00 00 00 00 00 00 00 00 00 00 00 00
AD Structures:
  [type=0x01 len=2] Flags: 06
  [type=0x09 len=7] Complete Name: 44 58 43 4D 73 6D
  [type=0x02 len=3] Type 2: BC FE
  [type=0xFF len=7] Manufacturer Data: D0 00 2E 6A 00 04


[18:25:41.526] Device: (no name)  [F0:0F:6A:A0:46:6F]
RSSI: -76 dBm
Manufacturer Data:
  Company ID: 0x004C (76)
  Data (4 bytes): 12 02 00 00
Raw AD (62 bytes):
  07 FF 4C 00 12 02 00 00 00 00 00 00 00 00 00 00
  00 00 00 00 00 00 00 00 00 00 00 00 00 00 00 00
  00 00 00 00 00 00 00 00 00 00 00 00 00 00 00 00
  00 00 00 00 00 00 00 00 00 00 00 00 00 00
AD Structures:
  [type=0xFF len=7] Manufacturer Data: 4C 00 12 02 00 00


[18:25:47.157] ========== OMNIPOD FOUND ==========
Device: Openpod_Emu  [F3:F9:AA:51:B5:54]
RSSI: -80 dBm
Service UUIDs:
  ce1f923d-c539-48ea-7300-0afffffffe00  <-- OMNIPOD SCAN UUID
    UUID LE bytes: 00 FE FF FF FF 0A 00 73 EA 48 39 C5 3D 92 1F CE
    Profile ID: 10 (VALID)
    Pod ID base: 0xFFFFFFFE (4294967294)  [UNPAIRED]
Manufacturer Data:
  Company ID: 0x0000 (0)
  Data (7 bytes): 00 00 00 00 00 00 00
  --- Omnipod decode ---
    Pod ID adj bits: 0
    Alarm code: 0x00
    Alert code: 0x00
    Service type: 0x2470 (NO_DATA (default))
Raw AD (62 bytes):
  11 06 00 FE FF FF FF 0A 00 73 EA 48 39 C5 3D 92
  1F CE 0A FF 00 00 00 00 00 00 00 00 00 0C 09 4F
  70 65 6E 70 6F 64 5F 45 6D 75 00 00 00 00 00 00
  00 00 00 00 00 00 00 00 00 00 00 00 00 00
AD Structures:
  [type=0x06 len=17] Incomplete 128-bit UUIDs: 00 FE FF FF FF 0A 00 73 EA 48 39 C5 3D 92 1F CE
  [type=0xFF len=10] Manufacturer Data: 00 00 00 00 00 00 00 00 00
  [type=0x09 len=12] Complete Name: 4F 70 65 6E 70 6F 64 5F 45 6D 75
====================================


[18:25:49.934] Device: (no name)  [F8:CE:B4:91:46:DC]
RSSI: -93 dBm
Manufacturer Data:
  Company ID: 0x004C (76)
  Data (4 bytes): 12 02 00 01
Raw AD (62 bytes):
  07 FF 4C 00 12 02 00 01 00 00 00 00 00 00 00 00
  00 00 00 00 00 00 00 00 00 00 00 00 00 00 00 00
  00 00 00 00 00 00 00 00 00 00 00 00 00 00 00 00
  00 00 00 00 00 00 00 00 00 00 00 00 00 00
AD Structures:
  [type=0xFF len=7] Manufacturer Data: 4C 00 12 02 00 01


[18:25:50.106] Device: (no name)  [52:07:63:00:64:42]
RSSI: -92 dBm
Manufacturer Data:
  Company ID: 0x004C (76)
  Data (8 bytes): 10 06 35 1E A8 5F 8F 95
Raw AD (62 bytes):
  02 01 1A 02 0A 07 0B FF 4C 00 10 06 35 1E A8 5F
  8F 95 00 00 00 00 00 00 00 00 00 00 00 00 00 00
  00 00 00 00 00 00 00 00 00 00 00 00 00 00 00 00
  00 00 00 00 00 00 00 00 00 00 00 00 00 00
AD Structures:
  [type=0x01 len=2] Flags: 1A
  [type=0x0A len=2] Type 10: 07
  [type=0xFF len=11] Manufacturer Data: 4C 00 10 06 35 1E A8 5F 8F 95


[18:25:54.228] Device: (no name)  [DC:FF:59:2D:7D:AB]
RSSI: -68 dBm
Manufacturer Data:
  Company ID: 0x004C (76)
  Data (4 bytes): 12 02 00 01
Raw AD (62 bytes):
  07 FF 4C 00 12 02 00 01 00 00 00 00 00 00 00 00
  00 00 00 00 00 00 00 00 00 00 00 00 00 00 00 00
  00 00 00 00 00 00 00 00 00 00 00 00 00 00 00 00
  00 00 00 00 00 00 00 00 00 00 00 00 00 00
AD Structures:
  [type=0xFF len=7] Manufacturer Data: 4C 00 12 02 00 01


[18:25:55.480] Device: (no name)  [C0:6A:BD:1F:CE:97]
RSSI: -90 dBm
Manufacturer Data:
  Company ID: 0x004C (76)
  Data (4 bytes): 12 02 00 03
Raw AD (62 bytes):
  07 FF 4C 00 12 02 00 03 00 00 00 00 00 00 00 00
  00 00 00 00 00 00 00 00 00 00 00 00 00 00 00 00
  00 00 00 00 00 00 00 00 00 00 00 00 00 00 00 00
  00 00 00 00 00 00 00 00 00 00 00 00 00 00
AD Structures:
  [type=0xFF len=7] Manufacturer Data: 4C 00 12 02 00 03


[18:25:56.852] Device: DXCMGs  [D9:B1:6A:15:0B:30]
RSSI: -91 dBm
Service UUIDs:
  0000febc-0000-1000-8000-00805f9b34fb
Manufacturer Data:
  Company ID: 0x00D0 (208)
  Data (4 bytes): 18 06 00 04
Raw AD (62 bytes):
  02 01 06 07 09 44 58 43 4D 47 73 03 02 BC FE 07
  FF D0 00 18 06 00 04 00 00 00 00 00 00 00 00 00
  00 00 00 00 00 00 00 00 00 00 00 00 00 00 00 00
  00 00 00 00 00 00 00 00 00 00 00 00 00 00
AD Structures:
  [type=0x01 len=2] Flags: 06
  [type=0x09 len=7] Complete Name: 44 58 43 4D 47 73
  [type=0x02 len=3] Type 2: BC FE
  [type=0xFF len=7] Manufacturer Data: D0 00 18 06 00 04


[18:25:56.959] Device: (no name)  [80:47:86:87:E9:AD]
RSSI: -98 dBm
Manufacturer Data:
  Company ID: 0x0075 (117)
  Data (24 bytes): 42 04 01 80 66 80 47 86 87 E9 AD 82 47 86 87 E9
  AC 01 94 00 00 00 00 00
Raw AD (62 bytes):
  1B FF 75 00 42 04 01 80 66 80 47 86 87 E9 AD 82
  47 86 87 E9 AC 01 94 00 00 00 00 00 00 00 00 00
  00 00 00 00 00 00 00 00 00 00 00 00 00 00 00 00
  00 00 00 00 00 00 00 00 00 00 00 00 00 00
AD Structures:
  [type=0xFF len=27] Manufacturer Data: 75 00 42 04 01 80 66 80 47 86 87 E9 AD 82 47 86
  87 E9 AC 01 94 00 00 00 00 00


[18:25:56.960] Device: (no name)  [CC:19:34:72:64:E1]
RSSI: -87 dBm
Manufacturer Data:
  Company ID: 0x004C (76)
  Data (4 bytes): 12 02 00 02
Raw AD (62 bytes):
  07 FF 4C 00 12 02 00 02 00 00 00 00 00 00 00 00
  00 00 00 00 00 00 00 00 00 00 00 00 00 00 00 00
  00 00 00 00 00 00 00 00 00 00 00 00 00 00 00 00
  00 00 00 00 00 00 00 00 00 00 00 00 00 00
AD Structures:
  [type=0xFF len=7] Manufacturer Data: 4C 00 12 02 00 02


[18:26:01.138] Device: DXCMdB  [EC:E5:E5:65:BD:04]
RSSI: -89 dBm
Service UUIDs:
  0000febc-0000-1000-8000-00805f9b34fb
Manufacturer Data:
  Company ID: 0x00D0 (208)
  Data (4 bytes): FC AA 00 04
Raw AD (62 bytes):
  02 01 06 07 09 44 58 43 4D 64 42 03 02 BC FE 07
  FF D0 00 FC AA 00 04 00 00 00 00 00 00 00 00 00
  00 00 00 00 00 00 00 00 00 00 00 00 00 00 00 00
  00 00 00 00 00 00 00 00 00 00 00 00 00 00
AD Structures:
  [type=0x01 len=2] Flags: 06
  [type=0x09 len=7] Complete Name: 44 58 43 4D 64 42
  [type=0x02 len=3] Type 2: BC FE
  [type=0xFF len=7] Manufacturer Data: D0 00 FC AA 00 04


[18:26:01.270] Device: (no name)  [C2:12:A7:9A:57:89]
RSSI: -82 dBm
Manufacturer Data:
  Company ID: 0x004C (76)
  Data (4 bytes): 12 02 00 00
Raw AD (62 bytes):
  07 FF 4C 00 12 02 00 00 00 00 00 00 00 00 00 00
  00 00 00 00 00 00 00 00 00 00 00 00 00 00 00 00
  00 00 00 00 00 00 00 00 00 00 00 00 00 00 00 00
  00 00 00 00 00 00 00 00 00 00 00 00 00 00
AD Structures:
  [type=0xFF len=7] Manufacturer Data: 4C 00 12 02 00 00


[18:26:03.919] Device: (no name)  [74:EA:F9:73:A2:98]
RSSI: -98 dBm
Manufacturer Data:
  Company ID: 0x004C (76)
  Data (11 bytes): 0F 05 90 00 79 E2 1B 10 02 2F 04
Raw AD (62 bytes):
  02 01 1A 0E FF 4C 00 0F 05 90 00 79 E2 1B 10 02
  2F 04 02 0A 00 00 00 00 00 00 00 00 00 00 00 00
  00 00 00 00 00 00 00 00 00 00 00 00 00 00 00 00
  00 00 00 00 00 00 00 00 00 00 00 00 00 00
AD Structures:
  [type=0x01 len=2] Flags: 1A
  [type=0xFF len=14] Manufacturer Data: 4C 00 0F 05 90 00 79 E2 1B 10 02 2F 04
  [type=0x0A len=2] Type 10: 00


[18:26:10.999] Device: (no name)  [F9:47:0B:B5:51:E1]
RSSI: -76 dBm
Manufacturer Data:
  Company ID: 0x004C (76)
  Data (4 bytes): 12 02 00 02
Raw AD (62 bytes):
  07 FF 4C 00 12 02 00 02 00 00 00 00 00 00 00 00
  00 00 00 00 00 00 00 00 00 00 00 00 00 00 00 00
  00 00 00 00 00 00 00 00 00 00 00 00 00 00 00 00
  00 00 00 00 00 00 00 00 00 00 00 00 00 00
AD Structures:
  [type=0xFF len=7] Manufacturer Data: 4C 00 12 02 00 02


[18:26:19.211] ========== OMNIPOD FOUND ==========
Device: Openpod_Emu  [F3:F9:AA:51:B5:54]
RSSI: -79 dBm
Service UUIDs:
  ce1f923d-c539-48ea-7300-0afffffffe00  <-- OMNIPOD SCAN UUID
    UUID LE bytes: 00 FE FF FF FF 0A 00 73 EA 48 39 C5 3D 92 1F CE
    Profile ID: 10 (VALID)
    Pod ID base: 0xFFFFFFFE (4294967294)  [UNPAIRED]
Manufacturer Data:
  Company ID: 0x0000 (0)
  Data (7 bytes): 00 00 00 00 00 00 00
  --- Omnipod decode ---
    Pod ID adj bits: 0
    Alarm code: 0x00
    Alert code: 0x00
    Service type: 0x2470 (NO_DATA (default))
Raw AD (62 bytes):
  11 06 00 FE FF FF FF 0A 00 73 EA 48 39 C5 3D 92
  1F CE 0A FF 00 00 00 00 00 00 00 00 00 0C 09 4F
  70 65 6E 70 6F 64 5F 45 6D 75 00 00 00 00 00 00
  00 00 00 00 00 00 00 00 00 00 00 00 00 00
AD Structures:
  [type=0x06 len=17] Incomplete 128-bit UUIDs: 00 FE FF FF FF 0A 00 73 EA 48 39 C5 3D 92 1F CE
  [type=0xFF len=10] Manufacturer Data: 00 00 00 00 00 00 00 00 00
  [type=0x09 len=12] Complete Name: 4F 70 65 6E 70 6F 64 5F 45 6D 75
====================================


[18:26:22.218] ========== OMNIPOD FOUND ==========
Device: Openpod_Emu  [F3:F9:AA:51:B5:54]
RSSI: -80 dBm
Service UUIDs:
  ce1f923d-c539-48ea-7300-0afffffffe00  <-- OMNIPOD SCAN UUID
    UUID LE bytes: 00 FE FF FF FF 0A 00 73 EA 48 39 C5 3D 92 1F CE
    Profile ID: 10 (VALID)
    Pod ID base: 0xFFFFFFFE (4294967294)  [UNPAIRED]
Manufacturer Data:
  Company ID: 0x0000 (0)
  Data (7 bytes): 00 00 00 00 00 00 00
  --- Omnipod decode ---
    Pod ID adj bits: 0
    Alarm code: 0x00
    Alert code: 0x00
    Service type: 0x2470 (NO_DATA (default))
Raw AD (62 bytes):
  11 06 00 FE FF FF FF 0A 00 73 EA 48 39 C5 3D 92
  1F CE 0A FF 00 00 00 00 00 00 00 00 00 0C 09 4F
  70 65 6E 70 6F 64 5F 45 6D 75 00 00 00 00 00 00
  00 00 00 00 00 00 00 00 00 00 00 00 00 00
AD Structures:
  [type=0x06 len=17] Incomplete 128-bit UUIDs: 00 FE FF FF FF 0A 00 73 EA 48 39 C5 3D 92 1F CE
  [type=0xFF len=10] Manufacturer Data: 00 00 00 00 00 00 00 00 00
  [type=0x09 len=12] Complete Name: 4F 70 65 6E 70 6F 64 5F 45 6D 75
====================================


[18:26:26.195] ========== OMNIPOD FOUND ==========
Device: Openpod_Emu  [F3:F9:AA:51:B5:54]
RSSI: -75 dBm
Service UUIDs:
  ce1f923d-c539-48ea-7300-0afffffffe00  <-- OMNIPOD SCAN UUID
    UUID LE bytes: 00 FE FF FF FF 0A 00 73 EA 48 39 C5 3D 92 1F CE
    Profile ID: 10 (VALID)
    Pod ID base: 0xFFFFFFFE (4294967294)  [UNPAIRED]
Manufacturer Data:
  Company ID: 0x0000 (0)
  Data (7 bytes): 00 00 00 00 00 00 00
  --- Omnipod decode ---
    Pod ID adj bits: 0
    Alarm code: 0x00
    Alert code: 0x00
    Service type: 0x2470 (NO_DATA (default))
Raw AD (62 bytes):
  11 06 00 FE FF FF FF 0A 00 73 EA 48 39 C5 3D 92
  1F CE 0A FF 00 00 00 00 00 00 00 00 00 0C 09 4F
  70 65 6E 70 6F 64 5F 45 6D 75 00 00 00 00 00 00
  00 00 00 00 00 00 00 00 00 00 00 00 00 00
AD Structures:
  [type=0x06 len=17] Incomplete 128-bit UUIDs: 00 FE FF FF FF 0A 00 73 EA 48 39 C5 3D 92 1F CE
  [type=0xFF len=10] Manufacturer Data: 00 00 00 00 00 00 00 00 00
  [type=0x09 len=12] Complete Name: 4F 70 65 6E 70 6F 64 5F 45 6D 75
====================================


[18:26:26.319] Device: LYWSD03MMC  [A4:C1:38:B5:4C:98]
RSSI: -96 dBm
Raw AD (62 bytes):
  02 01 06 0F 16 95 FE 30 58 5B 05 AF 98 4C B5 38
  C1 A4 08 0B 09 4C 59 57 53 44 30 33 4D 4D 43 00
  00 00 00 00 00 00 00 00 00 00 00 00 00 00 00 00
  00 00 00 00 00 00 00 00 00 00 00 00 00 00
AD Structures:
  [type=0x01 len=2] Flags: 06
  [type=0x16 len=15] Type 22: 95 FE 30 58 5B 05 AF 98 4C B5 38 C1 A4 08
  [type=0x09 len=11] Complete Name: 4C 59 57 53 44 30 33 4D 4D 43



=== Scan ended Fri Apr 03 18:26:31 GMT+02:00 2026 ===
