=== Omnipod Scan started Fri Apr 03 17:57:22 GMT+02:00 2026 ===

[17:57:22.473] Device: Govee_H6072_388C  [C2:36:39:34:38:8C]
RSSI: -88 dBm
Manufacturer Data:
  Company ID: 0x8802 (34818)
  Data (5 bytes): EC 00 02 01 01
Raw AD (62 bytes):
  02 01 06 11 09 47 6F 76 65 65 5F 48 36 30 37 32
  5F 33 38 38 43 08 FF 02 88 EC 00 02 01 01 11 09
  47 6F 76 65 65 5F 48 36 30 37 32 5F 33 38 38 43
  00 00 00 00 00 00 00 00 00 00 00 00 00 00
AD Structures:
  [type=0x01 len=2] Flags: 06
  [type=0x09 len=17] Complete Name: 47 6F 76 65 65 5F 48 36 30 37 32 5F 33 38 38 43
  [type=0xFF len=8] Manufacturer Data: 02 88 EC 00 02 01 01
  [type=0x09 len=17] Complete Name: 47 6F 76 65 65 5F 48 36 30 37 32 5F 33 38 38 43


[17:57:22.489] Device: (no name)  [4C:9D:C3:26:8A:42]
RSSI: -76 dBm
Manufacturer Data:
  Company ID: 0x004C (76)
  Data (20 bytes): 09 08 13 E1 C0 A8 01 91 1B 58 16 08 00 B4 C8 B6
  A3 BB 1C C8
Raw AD (62 bytes):
  02 01 1A 17 FF 4C 00 09 08 13 E1 C0 A8 01 91 1B
  58 16 08 00 B4 C8 B6 A3 BB 1C C8 00 00 00 00 00
  00 00 00 00 00 00 00 00 00 00 00 00 00 00 00 00
  00 00 00 00 00 00 00 00 00 00 00 00 00 00
AD Structures:
  [type=0x01 len=2] Flags: 1A
  [type=0xFF len=23] Manufacturer Data: 4C 00 09 08 13 E1 C0 A8 01 91 1B 58 16 08 00 B4
  C8 B6 A3 BB 1C C8


[17:57:22.501] Device: (no name)  [03:9F:E6:85:B9:BF]
RSSI: -57 dBm
Manufacturer Data:
  Company ID: 0x0006 (6)
  Data (27 bytes): 01 09 20 22 EC 6D 85 89 48 77 C8 5B 36 08 D8 70
  33 2B 35 BC EC D1 78 E5 45 C1 8D
Raw AD (62 bytes):
  1E FF 06 00 01 09 20 22 EC 6D 85 89 48 77 C8 5B
  36 08 D8 70 33 2B 35 BC EC D1 78 E5 45 C1 8D 00
  00 00 00 00 00 00 00 00 00 00 00 00 00 00 00 00
  00 00 00 00 00 00 00 00 00 00 00 00 00 00
AD Structures:
  [type=0xFF len=30] Manufacturer Data: 06 00 01 09 20 22 EC 6D 85 89 48 77 C8 5B 36 08
  D8 70 33 2B 35 BC EC D1 78 E5 45 C1 8D


[17:57:22.538] Device: (no name)  [24:4B:03:94:AD:A7]
RSSI: -95 dBm
Manufacturer Data:
  Company ID: 0x0075 (117)
  Data (24 bytes): 42 04 01 80 8E 24 4B 03 94 AD A7 26 4B 03 35 28
  6B 01 00 00 00 00 00 00
Raw AD (62 bytes):
  1B FF 75 00 42 04 01 80 8E 24 4B 03 94 AD A7 26
  4B 03 35 28 6B 01 00 00 00 00 00 00 00 00 00 00
  00 00 00 00 00 00 00 00 00 00 00 00 00 00 00 00
  00 00 00 00 00 00 00 00 00 00 00 00 00 00
AD Structures:
  [type=0xFF len=27] Manufacturer Data: 75 00 42 04 01 80 8E 24 4B 03 94 AD A7 26 4B 03
  35 28 6B 01 00 00 00 00 00 00


[17:57:22.573] Device: GBK_H61A2_B3DB  [D4:AD:FC:6C:B3:DB]
RSSI: -87 dBm
Manufacturer Data:
  Company ID: 0x8802 (34818)
  Data (5 bytes): EC 00 02 01 01
Raw AD (62 bytes):
  0F 09 47 42 4B 5F 48 36 31 41 32 5F 42 33 44 42
  08 FF 02 88 EC 00 02 01 01 02 01 05 0F 09 47 42
  4B 5F 48 36 31 41 32 5F 42 33 44 42 00 00 00 00
  00 00 00 00 00 00 00 00 00 00 00 00 00 00
AD Structures:
  [type=0x09 len=15] Complete Name: 47 42 4B 5F 48 36 31 41 32 5F 42 33 44 42
  [type=0xFF len=8] Manufacturer Data: 02 88 EC 00 02 01 01
  [type=0x01 len=2] Flags: 05
  [type=0x09 len=15] Complete Name: 47 42 4B 5F 48 36 31 41 32 5F 42 33 44 42


[17:57:22.574] Device: SugarPixel-Unten  [78:1C:3C:EF:A6:AE]
RSSI: -91 dBm
Raw AD (62 bytes):
  02 01 06 11 09 53 75 67 61 72 50 69 78 65 6C 2D
  55 6E 74 65 6E 00 00 00 00 00 00 00 00 00 00 00
  00 00 00 00 00 00 00 00 00 00 00 00 00 00 00 00
  00 00 00 00 00 00 00 00 00 00 00 00 00 00
AD Structures:
  [type=0x01 len=2] Flags: 06
  [type=0x09 len=17] Complete Name: 53 75 67 61 72 50 69 78 65 6C 2D 55 6E 74 65 6E


[17:57:22.633] Device: GVH600D50FA  [0C:4E:A0:88:50:FA]
RSSI: -107 dBm
Manufacturer Data:
  Company ID: 0x8802 (34818)
  Data (6 bytes): EC 00 01 01 00 00
Raw AD (62 bytes):
  02 01 06 0C 09 47 56 48 36 30 30 44 35 30 46 41
  09 FF 02 88 EC 00 01 01 00 00 03 19 00 00 00 00
  00 00 00 00 00 00 00 00 00 00 00 00 00 00 00 00
  00 00 00 00 00 00 00 00 00 00 00 00 00 00
AD Structures:
  [type=0x01 len=2] Flags: 06
  [type=0x09 len=12] Complete Name: 47 56 48 36 30 30 44 35 30 46 41
  [type=0xFF len=9] Manufacturer Data: 02 88 EC 00 01 01 00 00
  [type=0x19 len=3] Type 25: 00 00


[17:57:22.730] Device: (no name)  [F0:B3:EC:6B:AE:C9]
RSSI: -75 dBm
Manufacturer Data:
  Company ID: 0x004C (76)
  Data (7 bytes): 10 05 08 14 6E 29 60
Raw AD (62 bytes):
  02 01 1A 02 0A 0C 0A FF 4C 00 10 05 08 14 6E 29
  60 00 00 00 00 00 00 00 00 00 00 00 00 00 00 00
  00 00 00 00 00 00 00 00 00 00 00 00 00 00 00 00
  00 00 00 00 00 00 00 00 00 00 00 00 00 00
AD Structures:
  [type=0x01 len=2] Flags: 1A
  [type=0x0A len=2] Type 10: 0C
  [type=0xFF len=10] Manufacturer Data: 4C 00 10 05 08 14 6E 29 60


[17:57:22.761] Device: (no name)  [74:11:81:26:FD:08]
RSSI: -100 dBm
Manufacturer Data:
  Company ID: 0x004C (76)
  Data (16 bytes): 09 08 13 5B C0 A8 B2 24 1B 58 0A 04 12 AC D7 1C
Raw AD (62 bytes):
  02 01 1A 13 FF 4C 00 09 08 13 5B C0 A8 B2 24 1B
  58 0A 04 12 AC D7 1C 00 00 00 00 00 00 00 00 00
  00 00 00 00 00 00 00 00 00 00 00 00 00 00 00 00
  00 00 00 00 00 00 00 00 00 00 00 00 00 00
AD Structures:
  [type=0x01 len=2] Flags: 1A
  [type=0xFF len=19] Manufacturer Data: 4C 00 09 08 13 5B C0 A8 B2 24 1B 58 0A 04 12 AC
  D7 1C


[17:57:22.763] Device: SugarPixel-Oben  [78:1C:3C:EF:B4:4E]
RSSI: -66 dBm
Raw AD (62 bytes):
  02 01 06 10 09 53 75 67 61 72 50 69 78 65 6C 2D
  4F 62 65 6E 00 00 00 00 00 00 00 00 00 00 00 00
  00 00 00 00 00 00 00 00 00 00 00 00 00 00 00 00
  00 00 00 00 00 00 00 00 00 00 00 00 00 00
AD Structures:
  [type=0x01 len=2] Flags: 06
  [type=0x09 len=16] Complete Name: 53 75 67 61 72 50 69 78 65 6C 2D 4F 62 65 6E


[17:57:22.819] Device: (no name)  [80:47:86:87:E9:AD]
RSSI: -98 dBm
Manufacturer Data:
  Company ID: 0x0075 (117)
  Data (24 bytes): 42 04 01 80 66 80 47 86 87 E9 AD 82 47 86 87 E9
  AC 01 94 00 00 00 00 00
Raw AD (62 bytes):
  1B FF 75 00 42 04 01 80 66 80 47 86 87 E9 AD 82
  47 86 87 E9 AC 01 94 00 00 00 00 00 00 00 00 00
  00 00 00 00 00 00 00 00 00 00 00 00 00 00 00 00
  00 00 00 00 00 00 00 00 00 00 00 00 00 00
AD Structures:
  [type=0xFF len=27] Manufacturer Data: 75 00 42 04 01 80 66 80 47 86 87 E9 AD 82 47 86
  87 E9 AC 01 94 00 00 00 00 00


[17:57:22.820] Device: (no name)  [D4:D4:12:5D:72:ED]
RSSI: -98 dBm
Manufacturer Data:
  Company ID: 0x004C (76)
  Data (4 bytes): 12 02 00 01
Raw AD (62 bytes):
  07 FF 4C 00 12 02 00 01 00 00 00 00 00 00 00 00
  00 00 00 00 00 00 00 00 00 00 00 00 00 00 00 00
  00 00 00 00 00 00 00 00 00 00 00 00 00 00 00 00
  00 00 00 00 00 00 00 00 00 00 00 00 00 00
AD Structures:
  [type=0xFF len=7] Manufacturer Data: 4C 00 12 02 00 01


[17:57:23.275] Device: (no name)  [6E:A1:02:B3:D9:BD]
RSSI: -78 dBm
Manufacturer Data:
  Company ID: 0x004C (76)
  Data (25 bytes): 10 06 78 1E A0 26 E9 D6 01 00 00 00 00 00 00 00
  00 00 00 00 00 80 00 00 00
Raw AD (62 bytes):
  02 01 1A 02 0A 0C 0B FF 4C 00 10 06 78 1E A0 26
  E9 D6 14 FF 4C 00 01 00 00 00 00 00 00 00 00 00
  00 00 00 80 00 00 00 00 00 00 00 00 00 00 00 00
  00 00 00 00 00 00 00 00 00 00 00 00 00 00
AD Structures:
  [type=0x01 len=2] Flags: 1A
  [type=0x0A len=2] Type 10: 0C
  [type=0xFF len=11] Manufacturer Data: 4C 00 10 06 78 1E A0 26 E9 D6
  [type=0xFF len=20] Manufacturer Data: 4C 00 01 00 00 00 00 00 00 00 00 00 00 00 00 80
  00 00 00


[17:57:23.364] Device: (no name)  [6C:AB:16:1A:C5:25]
RSSI: -66 dBm
Manufacturer Data:
  Company ID: 0x004C (76)
  Data (8 bytes): 10 06 38 1A B0 C8 06 AF
Raw AD (62 bytes):
  02 01 1A 02 0A 0C 0B FF 4C 00 10 06 38 1A B0 C8
  06 AF 00 00 00 00 00 00 00 00 00 00 00 00 00 00
  00 00 00 00 00 00 00 00 00 00 00 00 00 00 00 00
  00 00 00 00 00 00 00 00 00 00 00 00 00 00
AD Structures:
  [type=0x01 len=2] Flags: 1A
  [type=0x0A len=2] Type 10: 0C
  [type=0xFF len=11] Manufacturer Data: 4C 00 10 06 38 1A B0 C8 06 AF


[17:57:23.413] Device: (no name)  [C5:C0:31:C4:7E:E6]
RSSI: -101 dBm
Manufacturer Data:
  Company ID: 0x004C (76)
  Data (4 bytes): 12 02 00 03
Raw AD (62 bytes):
  07 FF 4C 00 12 02 00 03 00 00 00 00 00 00 00 00
  00 00 00 00 00 00 00 00 00 00 00 00 00 00 00 00
  00 00 00 00 00 00 00 00 00 00 00 00 00 00 00 00
  00 00 00 00 00 00 00 00 00 00 00 00 00 00
AD Structures:
  [type=0xFF len=7] Manufacturer Data: 4C 00 12 02 00 03


[17:57:23.439] Device: Core300s  [10:97:BD:46:6F:C2]
RSSI: -97 dBm
Manufacturer Data:
  Company ID: 0x06D0 (1744)
  Data (12 bytes): 01 C2 6F 46 BD 97 10 C6 2E 02 02 00
Raw AD (62 bytes):
  02 01 06 0F FF D0 06 01 C2 6F 46 BD 97 10 C6 2E
  02 02 00 09 09 43 6F 72 65 33 30 30 73 00 00 00
  00 00 00 00 00 00 00 00 00 00 00 00 00 00 00 00
  00 00 00 00 00 00 00 00 00 00 00 00 00 00
AD Structures:
  [type=0x01 len=2] Flags: 06
  [type=0xFF len=15] Manufacturer Data: D0 06 01 C2 6F 46 BD 97 10 C6 2E 02 02 00
  [type=0x09 len=9] Complete Name: 43 6F 72 65 33 30 30 73


[17:57:23.482] Device: (no name)  [5D:F0:4E:7C:DE:6F]
RSSI: -92 dBm
Manufacturer Data:
  Company ID: 0x004C (76)
  Data (7 bytes): 10 05 03 18 62 D6 5C
Raw AD (62 bytes):
  02 01 1A 02 0A 0C 0A FF 4C 00 10 05 03 18 62 D6
  5C 00 00 00 00 00 00 00 00 00 00 00 00 00 00 00
  00 00 00 00 00 00 00 00 00 00 00 00 00 00 00 00
  00 00 00 00 00 00 00 00 00 00 00 00 00 00
AD Structures:
  [type=0x01 len=2] Flags: 1A
  [type=0x0A len=2] Type 10: 0C
  [type=0xFF len=10] Manufacturer Data: 4C 00 10 05 03 18 62 D6 5C


[17:57:23.512] Device: (no name)  [D7:C1:BD:7F:D2:28]
RSSI: -96 dBm
Manufacturer Data:
  Company ID: 0x004C (76)
  Data (4 bytes): 12 02 00 01
Raw AD (62 bytes):
  07 FF 4C 00 12 02 00 01 00 00 00 00 00 00 00 00
  00 00 00 00 00 00 00 00 00 00 00 00 00 00 00 00
  00 00 00 00 00 00 00 00 00 00 00 00 00 00 00 00
  00 00 00 00 00 00 00 00 00 00 00 00 00 00
AD Structures:
  [type=0xFF len=7] Manufacturer Data: 4C 00 12 02 00 01


[17:57:23.973] Device: (no name)  [47:1C:CA:E8:EE:A0]
RSSI: -88 dBm
Manufacturer Data:
  Company ID: 0x004C (76)
  Data (8 bytes): 10 06 3F 1E A8 FE 94 C8
Raw AD (62 bytes):
  02 01 1A 02 0A 07 0B FF 4C 00 10 06 3F 1E A8 FE
  94 C8 00 00 00 00 00 00 00 00 00 00 00 00 00 00
  00 00 00 00 00 00 00 00 00 00 00 00 00 00 00 00
  00 00 00 00 00 00 00 00 00 00 00 00 00 00
AD Structures:
  [type=0x01 len=2] Flags: 1A
  [type=0x0A len=2] Type 10: 07
  [type=0xFF len=11] Manufacturer Data: 4C 00 10 06 3F 1E A8 FE 94 C8


[17:57:23.977] Device: (no name)  [7B:92:45:31:21:9A]
RSSI: -98 dBm
Manufacturer Data:
  Company ID: 0x004C (76)
  Data (8 bytes): 10 06 0C 19 07 8A 9A 08
Raw AD (62 bytes):
  02 01 1A 02 0A 0C 0B FF 4C 00 10 06 0C 19 07 8A
  9A 08 00 00 00 00 00 00 00 00 00 00 00 00 00 00
  00 00 00 00 00 00 00 00 00 00 00 00 00 00 00 00
  00 00 00 00 00 00 00 00 00 00 00 00 00 00
AD Structures:
  [type=0x01 len=2] Flags: 1A
  [type=0x0A len=2] Type 10: 0C
  [type=0xFF len=11] Manufacturer Data: 4C 00 10 06 0C 19 07 8A 9A 08


[17:57:24.127] Device: Oura Ring 4  [59:D0:61:E2:15:79]
RSSI: -46 dBm
Service UUIDs:
  98ed0001-a541-11e4-b6a0-0002a5d5c51b
Manufacturer Data:
  Company ID: 0x02B2 (690)
  Data (4 bytes): 04 60 49 01
Raw AD (62 bytes):
  02 01 05 11 06 1B C5 D5 A5 02 00 A0 B6 E4 11 41
  A5 01 00 ED 98 07 FF B2 02 04 60 49 01 0C 09 4F
  75 72 61 20 52 69 6E 67 20 34 00 00 00 00 00 00
  00 00 00 00 00 00 00 00 00 00 00 00 00 00
AD Structures:
  [type=0x01 len=2] Flags: 05
  [type=0x06 len=17] Incomplete 128-bit UUIDs: 1B C5 D5 A5 02 00 A0 B6 E4 11 41 A5 01 00 ED 98
  [type=0xFF len=7] Manufacturer Data: B2 02 04 60 49 01
  [type=0x09 len=12] Complete Name: 4F 75 72 61 20 52 69 6E 67 20 34


[17:57:24.180] Device: S4REA2524K2451    [C7:0C:A3:3A:BF:54]
RSSI: -96 dBm
Service UUIDs:
  6e400001-b5a3-f393-e0a9-e50e24dcca9e
Manufacturer Data:
  Company ID: 0x424E (16974)
  Data (6 bytes): E0 02 00 00 00 1D
Raw AD (62 bytes):
  02 01 06 09 FF 4E 42 E0 02 00 00 00 1D 11 09 53
  34 52 45 41 32 35 32 34 4B 32 34 35 31 00 00 08
  1B 54 BF 3A A3 0C C7 01 11 07 9E CA DC 24 0E E5
  A9 E0 93 F3 A3 B5 01 00 40 6E 00 00 00 00
AD Structures:
  [type=0x01 len=2] Flags: 06
  [type=0xFF len=9] Manufacturer Data: 4E 42 E0 02 00 00 00 1D
  [type=0x09 len=17] Complete Name: 53 34 52 45 41 32 35 32 34 4B 32 34 35 31 00 00
  [type=0x1B len=8] Type 27: 54 BF 3A A3 0C C7 01
  [type=0x07 len=17] Complete 128-bit UUIDs: 9E CA DC 24 0E E5 A9 E0 93 F3 A3 B5 01 00 40 6E


[17:57:24.806] Device: (no name)  [53:07:B0:74:25:7F]
RSSI: -91 dBm
Manufacturer Data:
  Company ID: 0x004C (76)
  Data (8 bytes): 10 06 0C 19 07 8A 9A 08
Raw AD (62 bytes):
  02 01 1A 02 0A 0C 0B FF 4C 00 10 06 0C 19 07 8A
  9A 08 00 00 00 00 00 00 00 00 00 00 00 00 00 00
  00 00 00 00 00 00 00 00 00 00 00 00 00 00 00 00
  00 00 00 00 00 00 00 00 00 00 00 00 00 00
AD Structures:
  [type=0x01 len=2] Flags: 1A
  [type=0x0A len=2] Type 10: 0C
  [type=0xFF len=11] Manufacturer Data: 4C 00 10 06 0C 19 07 8A 9A 08


[17:57:24.873] Device: Govee_H6061_175A  [CD:38:30:33:17:5A]
RSSI: -94 dBm
Manufacturer Data:
  Company ID: 0x8803 (34819)
  Data (5 bytes): EC 00 01 03 01
Raw AD (62 bytes):
  02 01 06 11 09 47 6F 76 65 65 5F 48 36 30 36 31
  5F 31 37 35 41 08 FF 03 88 EC 00 01 03 01 11 09
  47 6F 76 65 65 5F 48 36 30 36 31 5F 31 37 35 41
  00 00 00 00 00 00 00 00 00 00 00 00 00 00
AD Structures:
  [type=0x01 len=2] Flags: 06
  [type=0x09 len=17] Complete Name: 47 6F 76 65 65 5F 48 36 30 36 31 5F 31 37 35 41
  [type=0xFF len=8] Manufacturer Data: 03 88 EC 00 01 03 01
  [type=0x09 len=17] Complete Name: 47 6F 76 65 65 5F 48 36 30 36 31 5F 31 37 35 41


[17:57:24.937] Device: (no name)  [EA:6A:E8:46:AB:B1]
RSSI: -91 dBm
Manufacturer Data:
  Company ID: 0x004C (76)
  Data (4 bytes): 12 02 00 00
Raw AD (62 bytes):
  07 FF 4C 00 12 02 00 00 00 00 00 00 00 00 00 00
  00 00 00 00 00 00 00 00 00 00 00 00 00 00 00 00
  00 00 00 00 00 00 00 00 00 00 00 00 00 00 00 00
  00 00 00 00 00 00 00 00 00 00 00 00 00 00
AD Structures:
  [type=0xFF len=7] Manufacturer Data: 4C 00 12 02 00 00


[17:57:25.424] Device: (no name)  [4F:F1:BB:7A:29:D5]
RSSI: -97 dBm
Manufacturer Data:
  Company ID: 0x004C (76)
  Data (26 bytes): 10 07 3D 1F 4A 64 D4 4D 28 01 00 00 00 00 00 00
  00 00 00 00 00 00 80 00 00 00
Raw AD (62 bytes):
  02 01 1A 02 0A 08 0C FF 4C 00 10 07 3D 1F 4A 64
  D4 4D 28 14 FF 4C 00 01 00 00 00 00 00 00 00 00
  00 00 00 00 80 00 00 00 00 00 00 00 00 00 00 00
  00 00 00 00 00 00 00 00 00 00 00 00 00 00
AD Structures:
  [type=0x01 len=2] Flags: 1A
  [type=0x0A len=2] Type 10: 08
  [type=0xFF len=12] Manufacturer Data: 4C 00 10 07 3D 1F 4A 64 D4 4D 28
  [type=0xFF len=20] Manufacturer Data: 4C 00 01 00 00 00 00 00 00 00 00 00 00 00 00 80
  00 00 00


[17:57:25.473] Device: (no name)  [F7:AC:84:FB:91:9C]
RSSI: -67 dBm
Manufacturer Data:
  Company ID: 0x004C (76)
  Data (4 bytes): 12 02 00 00
Raw AD (62 bytes):
  07 FF 4C 00 12 02 00 00 00 00 00 00 00 00 00 00
  00 00 00 00 00 00 00 00 00 00 00 00 00 00 00 00
  00 00 00 00 00 00 00 00 00 00 00 00 00 00 00 00
  00 00 00 00 00 00 00 00 00 00 00 00 00 00
AD Structures:
  [type=0xFF len=7] Manufacturer Data: 4C 00 12 02 00 00


[17:57:25.540] Device: (no name)  [59:6F:42:94:2A:F3]
RSSI: -90 dBm
Manufacturer Data:
  Company ID: 0x004C (76)
  Data (26 bytes): 10 07 3A 1F F2 14 7A 78 68 01 00 00 00 00 00 00
  00 00 00 00 00 00 80 00 00 00
Raw AD (62 bytes):
  02 01 1A 02 0A 0B 0C FF 4C 00 10 07 3A 1F F2 14
  7A 78 68 14 FF 4C 00 01 00 00 00 00 00 00 00 00
  00 00 00 00 80 00 00 00 00 00 00 00 00 00 00 00
  00 00 00 00 00 00 00 00 00 00 00 00 00 00
AD Structures:
  [type=0x01 len=2] Flags: 1A
  [type=0x0A len=2] Type 10: 0B
  [type=0xFF len=12] Manufacturer Data: 4C 00 10 07 3A 1F F2 14 7A 78 68
  [type=0xFF len=20] Manufacturer Data: 4C 00 01 00 00 00 00 00 00 00 00 00 00 00 00 80
  00 00 00


[17:57:25.541] Device: (no name)  [73:FA:F9:DF:A8:61]
RSSI: -100 dBm
Manufacturer Data:
  Company ID: 0x004C (76)
  Data (20 bytes): 09 08 13 12 C0 A8 01 74 1B 58 16 08 00 5F AC 4E
  0B 4E 01 2D
Raw AD (62 bytes):
  02 01 1A 17 FF 4C 00 09 08 13 12 C0 A8 01 74 1B
  58 16 08 00 5F AC 4E 0B 4E 01 2D 00 00 00 00 00
  00 00 00 00 00 00 00 00 00 00 00 00 00 00 00 00
  00 00 00 00 00 00 00 00 00 00 00 00 00 00
AD Structures:
  [type=0x01 len=2] Flags: 1A
  [type=0xFF len=23] Manufacturer Data: 4C 00 09 08 13 12 C0 A8 01 74 1B 58 16 08 00 5F
  AC 4E 0B 4E 01 2D


[17:57:25.542] Device: (no name)  [4E:3A:EB:8B:4D:A1]
RSSI: -87 dBm
Manufacturer Data:
  Company ID: 0x004C (76)
  Data (7 bytes): 10 05 01 18 D4 C6 B9
Raw AD (62 bytes):
  02 01 1A 02 0A 11 0A FF 4C 00 10 05 01 18 D4 C6
  B9 00 00 00 00 00 00 00 00 00 00 00 00 00 00 00
  00 00 00 00 00 00 00 00 00 00 00 00 00 00 00 00
  00 00 00 00 00 00 00 00 00 00 00 00 00 00
AD Structures:
  [type=0x01 len=2] Flags: 1A
  [type=0x0A len=2] Type 10: 11
  [type=0xFF len=10] Manufacturer Data: 4C 00 10 05 01 18 D4 C6 B9


[17:57:25.543] Device: (no name)  [46:BA:DF:08:7E:16]
RSSI: -89 dBm
Manufacturer Data:
  Company ID: 0x004C (76)
  Data (9 bytes): 10 07 3A 1F 86 04 5C 85 48
Raw AD (62 bytes):
  02 01 1A 0C FF 4C 00 10 07 3A 1F 86 04 5C 85 48
  02 0A 00 00 00 00 00 00 00 00 00 00 00 00 00 00
  00 00 00 00 00 00 00 00 00 00 00 00 00 00 00 00
  00 00 00 00 00 00 00 00 00 00 00 00 00 00
AD Structures:
  [type=0x01 len=2] Flags: 1A
  [type=0xFF len=12] Manufacturer Data: 4C 00 10 07 3A 1F 86 04 5C 85 48
  [type=0x0A len=2] Type 10: 00


[17:57:25.545] Device: (no name)  [54:68:94:01:E4:97]
RSSI: -76 dBm
Manufacturer Data:
  Company ID: 0x004C (76)
  Data (8 bytes): 10 06 0C 1D 34 CB 75 38
Raw AD (62 bytes):
  02 01 1A 02 0A 0B 0B FF 4C 00 10 06 0C 1D 34 CB
  75 38 00 00 00 00 00 00 00 00 00 00 00 00 00 00
  00 00 00 00 00 00 00 00 00 00 00 00 00 00 00 00
  00 00 00 00 00 00 00 00 00 00 00 00 00 00
AD Structures:
  [type=0x01 len=2] Flags: 1A
  [type=0x0A len=2] Type 10: 0B
  [type=0xFF len=11] Manufacturer Data: 4C 00 10 06 0C 1D 34 CB 75 38


[17:57:25.683] Device: (no name)  [6C:8F:1B:53:F9:41]
RSSI: -96 dBm
Manufacturer Data:
  Company ID: 0x004C (76)
  Data (25 bytes): 10 06 3D 1A 08 A3 34 C6 01 00 00 00 00 00 00 00
  00 00 00 00 00 80 00 00 00
Raw AD (62 bytes):
  02 01 1A 02 0A 0B 0B FF 4C 00 10 06 3D 1A 08 A3
  34 C6 14 FF 4C 00 01 00 00 00 00 00 00 00 00 00
  00 00 00 80 00 00 00 00 00 00 00 00 00 00 00 00
  00 00 00 00 00 00 00 00 00 00 00 00 00 00
AD Structures:
  [type=0x01 len=2] Flags: 1A
  [type=0x0A len=2] Type 10: 0B
  [type=0xFF len=11] Manufacturer Data: 4C 00 10 06 3D 1A 08 A3 34 C6
  [type=0xFF len=20] Manufacturer Data: 4C 00 01 00 00 00 00 00 00 00 00 00 00 00 00 80
  00 00 00


[17:57:25.684] Device: Govee_H6072_5288  [C8:36:39:34:52:88]
RSSI: -84 dBm
Manufacturer Data:
  Company ID: 0x8802 (34818)
  Data (5 bytes): EC 00 02 01 01
Raw AD (62 bytes):
  02 01 06 11 09 47 6F 76 65 65 5F 48 36 30 37 32
  5F 35 32 38 38 08 FF 02 88 EC 00 02 01 01 11 09
  47 6F 76 65 65 5F 48 36 30 37 32 5F 35 32 38 38
  00 00 00 00 00 00 00 00 00 00 00 00 00 00
AD Structures:
  [type=0x01 len=2] Flags: 06
  [type=0x09 len=17] Complete Name: 47 6F 76 65 65 5F 48 36 30 37 32 5F 35 32 38 38
  [type=0xFF len=8] Manufacturer Data: 02 88 EC 00 02 01 01
  [type=0x09 len=17] Complete Name: 47 6F 76 65 65 5F 48 36 30 37 32 5F 35 32 38 38


[17:57:27.018] Device: (no name)  [CF:88:EB:5E:42:59]
RSSI: -86 dBm
Manufacturer Data:
  Company ID: 0x004C (76)
  Data (4 bytes): 12 02 00 00
Raw AD (62 bytes):
  07 FF 4C 00 12 02 00 00 00 00 00 00 00 00 00 00
  00 00 00 00 00 00 00 00 00 00 00 00 00 00 00 00
  00 00 00 00 00 00 00 00 00 00 00 00 00 00 00 00
  00 00 00 00 00 00 00 00 00 00 00 00 00 00
AD Structures:
  [type=0xFF len=7] Manufacturer Data: 4C 00 12 02 00 00


[17:57:27.638] Device: (no name)  [EB:13:4A:80:35:06]
RSSI: -77 dBm
Manufacturer Data:
  Company ID: 0x004C (76)
  Data (4 bytes): 12 02 00 01
Raw AD (62 bytes):
  07 FF 4C 00 12 02 00 01 00 00 00 00 00 00 00 00
  00 00 00 00 00 00 00 00 00 00 00 00 00 00 00 00
  00 00 00 00 00 00 00 00 00 00 00 00 00 00 00 00
  00 00 00 00 00 00 00 00 00 00 00 00 00 00
AD Structures:
  [type=0xFF len=7] Manufacturer Data: 4C 00 12 02 00 01


[17:57:27.704] Device: (no name)  [65:D2:DA:F9:B1:F7]
RSSI: -81 dBm
Manufacturer Data:
  Company ID: 0x004C (76)
  Data (10 bytes): 16 08 00 05 13 6F 39 60 CA A5
Raw AD (62 bytes):
  02 01 1A 0D FF 4C 00 16 08 00 05 13 6F 39 60 CA
  A5 00 00 00 00 00 00 00 00 00 00 00 00 00 00 00
  00 00 00 00 00 00 00 00 00 00 00 00 00 00 00 00
  00 00 00 00 00 00 00 00 00 00 00 00 00 00
AD Structures:
  [type=0x01 len=2] Flags: 1A
  [type=0xFF len=13] Manufacturer Data: 4C 00 16 08 00 05 13 6F 39 60 CA A5


[17:57:27.753] Device: (no name)  [78:9E:CD:42:1A:E9]
RSSI: -94 dBm
Manufacturer Data:
  Company ID: 0x004C (76)
  Data (7 bytes): 10 05 3A 18 2F 9B C2
Raw AD (62 bytes):
  02 01 1A 02 0A 0C 0A FF 4C 00 10 05 3A 18 2F 9B
  C2 00 00 00 00 00 00 00 00 00 00 00 00 00 00 00
  00 00 00 00 00 00 00 00 00 00 00 00 00 00 00 00
  00 00 00 00 00 00 00 00 00 00 00 00 00 00
AD Structures:
  [type=0x01 len=2] Flags: 1A
  [type=0x0A len=2] Type 10: 0C
  [type=0xFF len=10] Manufacturer Data: 4C 00 10 05 3A 18 2F 9B C2


[17:57:27.834] Device: (no name)  [73:25:47:AE:AC:7A]
RSSI: -86 dBm
Manufacturer Data:
  Company ID: 0x004C (76)
  Data (26 bytes): 10 07 35 1F 6D E2 DA 08 28 01 00 00 00 00 00 00
  00 00 00 00 00 00 80 00 00 00
Raw AD (62 bytes):
  02 01 1A 02 0A 0C 0C FF 4C 00 10 07 35 1F 6D E2
  DA 08 28 14 FF 4C 00 01 00 00 00 00 00 00 00 00
  00 00 00 00 80 00 00 00 00 00 00 00 00 00 00 00
  00 00 00 00 00 00 00 00 00 00 00 00 00 00
AD Structures:
  [type=0x01 len=2] Flags: 1A
  [type=0x0A len=2] Type 10: 0C
  [type=0xFF len=12] Manufacturer Data: 4C 00 10 07 35 1F 6D E2 DA 08 28
  [type=0xFF len=20] Manufacturer Data: 4C 00 01 00 00 00 00 00 00 00 00 00 00 00 00 80
  00 00 00


[17:57:33.069] Device: GVH600D833E  [A8:46:74:20:83:3E]
RSSI: -94 dBm
Manufacturer Data:
  Company ID: 0x8802 (34818)
  Data (6 bytes): EC 00 01 01 00 00
Raw AD (62 bytes):
  02 01 06 0C 09 47 56 48 36 30 30 44 38 33 33 45
  09 FF 02 88 EC 00 01 01 00 00 03 19 00 00 00 00
  00 00 00 00 00 00 00 00 00 00 00 00 00 00 00 00
  00 00 00 00 00 00 00 00 00 00 00 00 00 00
AD Structures:
  [type=0x01 len=2] Flags: 06
  [type=0x09 len=12] Complete Name: 47 56 48 36 30 30 44 38 33 33 45
  [type=0xFF len=9] Manufacturer Data: 02 88 EC 00 01 01 00 00
  [type=0x19 len=3] Type 25: 00 00


[17:57:34.193] Device: (no name)  [EB:96:F2:1B:B4:C0]
RSSI: -91 dBm
Manufacturer Data:
  Company ID: 0x004C (76)
  Data (4 bytes): 12 02 00 03
Raw AD (62 bytes):
  07 FF 4C 00 12 02 00 03 00 00 00 00 00 00 00 00
  00 00 00 00 00 00 00 00 00 00 00 00 00 00 00 00
  00 00 00 00 00 00 00 00 00 00 00 00 00 00 00 00
  00 00 00 00 00 00 00 00 00 00 00 00 00 00
AD Structures:
  [type=0xFF len=7] Manufacturer Data: 4C 00 12 02 00 03


[17:57:40.004] Device: [TV] Samsung 5 Series (32)  [F8:77:B8:B0:8E:BB]
RSSI: -95 dBm
Manufacturer Data:
  Company ID: 0x0075 (117)
  Data (24 bytes): 42 04 01 40 5E F8 77 B8 B0 8E BB FA 77 B8 34 8E
  BA 01 00 00 00 00 00 00
Raw AD (62 bytes):
  02 01 1E 1B FF 75 00 42 04 01 40 5E F8 77 B8 B0
  8E BB FA 77 B8 34 8E BA 01 00 00 00 00 00 00 02
  0A 09 1B 08 5B 54 56 5D 20 53 61 6D 73 75 6E 67
  20 35 20 53 65 72 69 65 73 20 28 33 32 29
AD Structures:
  [type=0x01 len=2] Flags: 1E
  [type=0xFF len=27] Manufacturer Data: 75 00 42 04 01 40 5E F8 77 B8 B0 8E BB FA 77 B8
  34 8E BA 01 00 00 00 00 00 00
  [type=0x0A len=2] Type 10: 09
  [type=0x08 len=27] Shortened Name: 5B 54 56 5D 20 53 61 6D 73 75 6E 67 20 35 20 53
  65 72 69 65 73 20 28 33 32 29


[17:57:41.219] Device: (no name)  [DA:6F:2D:A6:B3:A5]
RSSI: -97 dBm
Manufacturer Data:
  Company ID: 0x004C (76)
  Data (4 bytes): 12 02 00 00
Raw AD (62 bytes):
  07 FF 4C 00 12 02 00 00 00 00 00 00 00 00 00 00
  00 00 00 00 00 00 00 00 00 00 00 00 00 00 00 00
  00 00 00 00 00 00 00 00 00 00 00 00 00 00 00 00
  00 00 00 00 00 00 00 00 00 00 00 00 00 00
AD Structures:
  [type=0xFF len=7] Manufacturer Data: 4C 00 12 02 00 00


[17:57:41.334] Device: (no name)  [C2:14:4F:F3:6A:89]
RSSI: -94 dBm
Manufacturer Data:
  Company ID: 0x004C (76)
  Data (4 bytes): 12 02 00 02
Raw AD (62 bytes):
  07 FF 4C 00 12 02 00 02 00 00 00 00 00 00 00 00
  00 00 00 00 00 00 00 00 00 00 00 00 00 00 00 00
  00 00 00 00 00 00 00 00 00 00 00 00 00 00 00 00
  00 00 00 00 00 00 00 00 00 00 00 00 00 00
AD Structures:
  [type=0xFF len=7] Manufacturer Data: 4C 00 12 02 00 02


[17:57:43.987] Device: (no name)  [64:4E:D7:FB:63:BC]
RSSI: -100 dBm
Service UUIDs:
  0000fe78-0000-1000-8000-00805f9b34fb
Manufacturer Data:
  Company ID: 0x0065 (101)
  Data (3 bytes): 01 C9 05
Raw AD (62 bytes):
  02 01 06 19 16 F7 FD 01 7A 90 BE F9 2E 5F 48 31
  A6 A3 99 F3 DB 41 06 AA 00 00 00 00 01 03 03 78
  FE 06 FF 65 00 01 C9 05 00 00 00 00 00 00 00 00
  00 00 00 00 00 00 00 00 00 00 00 00 00 00
AD Structures:
  [type=0x01 len=2] Flags: 06
  [type=0x16 len=25] Type 22: F7 FD 01 7A 90 BE F9 2E 5F 48 31 A6 A3 99 F3 DB
  41 06 AA 00 00 00 00 01
  [type=0x03 len=3] Type 3: 78 FE
  [type=0xFF len=6] Manufacturer Data: 65 00 01 C9 05


[17:57:44.142] Device: (no name)  [52:52:86:AD:67:65]
RSSI: -91 dBm
Manufacturer Data:
  Company ID: 0x004C (76)
  Data (8 bytes): 10 06 37 1E 3E 0C 2E CB
Raw AD (62 bytes):
  02 01 1A 02 0A 07 0B FF 4C 00 10 06 37 1E 3E 0C
  2E CB 00 00 00 00 00 00 00 00 00 00 00 00 00 00
  00 00 00 00 00 00 00 00 00 00 00 00 00 00 00 00
  00 00 00 00 00 00 00 00 00 00 00 00 00 00
AD Structures:
  [type=0x01 len=2] Flags: 1A
  [type=0x0A len=2] Type 10: 07
  [type=0xFF len=11] Manufacturer Data: 4C 00 10 06 37 1E 3E 0C 2E CB


[17:57:51.105] Device: Plaud Note Pro  [5D:DD:C6:D9:E3:9C]
RSSI: -96 dBm
Manufacturer Data:
  Company ID: 0x005D (93)
  Data (27 bytes): 02 71 03 04 56 07 04 01 08 88 10 B3 02 54 58 91
  19 44 14 00 04 CF 79 57 1E 01 01
Raw AD (62 bytes):
  1E FF 5D 00 02 71 03 04 56 07 04 01 08 88 10 B3
  02 54 58 91 19 44 14 00 04 CF 79 57 1E 01 01 0F
  09 50 6C 61 75 64 20 4E 6F 74 65 20 50 72 6F 00
  00 00 00 00 00 00 00 00 00 00 00 00 00 00
AD Structures:
  [type=0xFF len=30] Manufacturer Data: 5D 00 02 71 03 04 56 07 04 01 08 88 10 B3 02 54
  58 91 19 44 14 00 04 CF 79 57 1E 01 01
  [type=0x09 len=15] Complete Name: 50 6C 61 75 64 20 4E 6F 74 65 20 50 72 6F


[17:57:55.209] Device: (no name)  [69:DC:BA:18:0D:11]
RSSI: -97 dBm
Manufacturer Data:
  Company ID: 0x004C (76)
  Data (8 bytes): 10 06 49 1D 2D 87 C5 68
Raw AD (62 bytes):
  02 01 1A 02 0A 0C 0B FF 4C 00 10 06 49 1D 2D 87
  C5 68 00 00 00 00 00 00 00 00 00 00 00 00 00 00
  00 00 00 00 00 00 00 00 00 00 00 00 00 00 00 00
  00 00 00 00 00 00 00 00 00 00 00 00 00 00
AD Structures:
  [type=0x01 len=2] Flags: 1A
  [type=0x0A len=2] Type 10: 0C
  [type=0xFF len=11] Manufacturer Data: 4C 00 10 06 49 1D 2D 87 C5 68


[17:57:55.346] Device: (no name)  [7A:1D:F1:C4:93:74]
RSSI: -94 dBm
Service UUIDs:
  0000fef3-0000-1000-8000-00805f9b34fb
Raw AD (62 bytes):
  03 03 F3 FE 1E 16 F3 FE 4A 17 23 37 56 4B 53 11
  32 7A 1F 1B 38 E7 A7 0E 3F 63 70 9C 87 B9 E1 F5
  41 E2 B3 00 00 00 00 00 00 00 00 00 00 00 00 00
  00 00 00 00 00 00 00 00 00 00 00 00 00 00
AD Structures:
  [type=0x03 len=3] Type 3: F3 FE
  [type=0x16 len=30] Type 22: F3 FE 4A 17 23 37 56 4B 53 11 32 7A 1F 1B 38 E7
  A7 0E 3F 63 70 9C 87 B9 E1 F5 41 E2 B3


[17:57:56.669] Device: (no name)  [C9:81:AD:19:AF:E2]
RSSI: -96 dBm
Manufacturer Data:
  Company ID: 0x004C (76)
  Data (23 bytes): 12 02 6A 02 07 11 06 A6 E3 CC C7 69 17 1E 8B AB
  DD 64 E0 5F F9 B8 0E
Raw AD (62 bytes):
  1A FF 4C 00 12 02 6A 02 07 11 06 A6 E3 CC C7 69
  17 1E 8B AB DD 64 E0 5F F9 B8 0E 00 00 00 00 00
  00 00 00 00 00 00 00 00 00 00 00 00 00 00 00 00
  00 00 00 00 00 00 00 00 00 00 00 00 00 00
AD Structures:
  [type=0xFF len=26] Manufacturer Data: 4C 00 12 02 6A 02 07 11 06 A6 E3 CC C7 69 17 1E
  8B AB DD 64 E0 5F F9 B8 0E


[17:58:10.501] Device: (no name)  [41:54:74:A8:C7:A8]
RSSI: -102 dBm
Manufacturer Data:
  Company ID: 0x004C (76)
  Data (8 bytes): 10 06 49 1D 2D 87 C5 68
Raw AD (62 bytes):
  02 01 1A 02 0A 0C 0B FF 4C 00 10 06 49 1D 2D 87
  C5 68 00 00 00 00 00 00 00 00 00 00 00 00 00 00
  00 00 00 00 00 00 00 00 00 00 00 00 00 00 00 00
  00 00 00 00 00 00 00 00 00 00 00 00 00 00
AD Structures:
  [type=0x01 len=2] Flags: 1A
  [type=0x0A len=2] Type 10: 0C
  [type=0xFF len=11] Manufacturer Data: 4C 00 10 06 49 1D 2D 87 C5 68


[17:58:13.487] Device: IOTWF3EC  [B4:E8:42:BC:D3:ED]
RSSI: -97 dBm
Manufacturer Data:
  Company ID: 0x5A01 (23041)
  Data (27 bytes): 52 24 61 29 40 0F 00 00 00 00 51 00 00 00 00 00
  00 00 00 00 00 00 00 00 00 00 00
Raw AD (62 bytes):
  1E FF 01 5A 52 24 61 29 40 0F 00 00 00 00 51 00
  00 00 00 00 00 00 00 00 00 00 00 00 00 00 00 11
  16 01 5A 52 06 B4 E8 42 BC D3 EC 00 62 C2 04 01
  00 02 01 06 09 09 49 4F 54 57 46 33 45 43
AD Structures:
  [type=0xFF len=30] Manufacturer Data: 01 5A 52 24 61 29 40 0F 00 00 00 00 51 00 00 00
  00 00 00 00 00 00 00 00 00 00 00 00 00
  [type=0x16 len=17] Type 22: 01 5A 52 06 B4 E8 42 BC D3 EC 00 62 C2 04 01 00
  [type=0x01 len=2] Flags: 06
  [type=0x09 len=9] Complete Name: 49 4F 54 57 46 33 45 43


[17:58:16.185] Device: LYWSD03MMC  [A4:C1:38:B5:4C:98]
RSSI: -96 dBm
Raw AD (62 bytes):
  02 01 06 0F 16 95 FE 30 58 5B 05 A3 98 4C B5 38
  C1 A4 08 0B 09 4C 59 57 53 44 30 33 4D 4D 43 00
  00 00 00 00 00 00 00 00 00 00 00 00 00 00 00 00
  00 00 00 00 00 00 00 00 00 00 00 00 00 00
AD Structures:
  [type=0x01 len=2] Flags: 06
  [type=0x16 len=15] Type 22: 95 FE 30 58 5B 05 A3 98 4C B5 38 C1 A4 08
  [type=0x09 len=11] Complete Name: 4C 59 57 53 44 30 33 4D 4D 43


[17:58:20.497] Device: (no name)  [D2:27:13:8B:1A:C9]
RSSI: -92 dBm
Manufacturer Data:
  Company ID: 0x004C (76)
  Data (4 bytes): 12 02 00 00
Raw AD (62 bytes):
  07 FF 4C 00 12 02 00 00 00 00 00 00 00 00 00 00
  00 00 00 00 00 00 00 00 00 00 00 00 00 00 00 00
  00 00 00 00 00 00 00 00 00 00 00 00 00 00 00 00
  00 00 00 00 00 00 00 00 00 00 00 00 00 00
AD Structures:
  [type=0xFF len=7] Manufacturer Data: 4C 00 12 02 00 00



=== Scan ended Fri Apr 03 17:58:22 GMT+02:00 2026 ===
