=== Omnipod Scan started Sat Apr 04 03:10:07 GMT+02:00 2026 ===

[03:10:08.261] Device: GBK_H61A2_B3DB  [D4:AD:FC:6C:B3:DB]
RSSI: -76 dBm
Manufacturer Data:
  Company ID: 0x8802 (34818)
  Data (5 bytes): EC 00 02 01 00
Raw AD (62 bytes):
  0F 09 47 42 4B 5F 48 36 31 41 32 5F 42 33 44 42
  08 FF 02 88 EC 00 02 01 00 02 01 05 0F 09 47 42
  4B 5F 48 36 31 41 32 5F 42 33 44 42 00 00 00 00
  00 00 00 00 00 00 00 00 00 00 00 00 00 00
AD Structures:
  [type=0x09 len=15] Complete Name: 47 42 4B 5F 48 36 31 41 32 5F 42 33 44 42
  [type=0xFF len=8] Manufacturer Data: 02 88 EC 00 02 01 00
  [type=0x01 len=2] Flags: 05
  [type=0x09 len=15] Complete Name: 47 42 4B 5F 48 36 31 41 32 5F 42 33 44 42


[03:10:08.268] Device: (no name)  [59:74:31:12:E0:1B]
RSSI: -77 dBm
Manufacturer Data:
  Company ID: 0x004C (76)
  Data (9 bytes): 10 07 3B 1F 4D 23 00 55 28
Raw AD (62 bytes):
  02 01 1A 0C FF 4C 00 10 07 3B 1F 4D 23 00 55 28
  02 0A 00 00 00 00 00 00 00 00 00 00 00 00 00 00
  00 00 00 00 00 00 00 00 00 00 00 00 00 00 00 00
  00 00 00 00 00 00 00 00 00 00 00 00 00 00
AD Structures:
  [type=0x01 len=2] Flags: 1A
  [type=0xFF len=12] Manufacturer Data: 4C 00 10 07 3B 1F 4D 23 00 55 28
  [type=0x0A len=2] Type 10: 00


[03:10:08.316] Device: Govee_H6072_5288  [C8:36:39:34:52:88]
RSSI: -78 dBm
Manufacturer Data:
  Company ID: 0x8802 (34818)
  Data (5 bytes): EC 00 02 01 00
Raw AD (62 bytes):
  02 01 06 11 09 47 6F 76 65 65 5F 48 36 30 37 32
  5F 35 32 38 38 08 FF 02 88 EC 00 02 01 00 11 09
  47 6F 76 65 65 5F 48 36 30 37 32 5F 35 32 38 38
  00 00 00 00 00 00 00 00 00 00 00 00 00 00
AD Structures:
  [type=0x01 len=2] Flags: 06
  [type=0x09 len=17] Complete Name: 47 6F 76 65 65 5F 48 36 30 37 32 5F 35 32 38 38
  [type=0xFF len=8] Manufacturer Data: 02 88 EC 00 02 01 00
  [type=0x09 len=17] Complete Name: 47 6F 76 65 65 5F 48 36 30 37 32 5F 35 32 38 38


[03:10:08.319] Device: Govee_H6061_175A  [CD:38:30:33:17:5A]
RSSI: -84 dBm
Manufacturer Data:
  Company ID: 0x8803 (34819)
  Data (5 bytes): EC 00 01 03 00
Raw AD (62 bytes):
  02 01 06 11 09 47 6F 76 65 65 5F 48 36 30 36 31
  5F 31 37 35 41 08 FF 03 88 EC 00 01 03 00 11 09
  47 6F 76 65 65 5F 48 36 30 36 31 5F 31 37 35 41
  00 00 00 00 00 00 00 00 00 00 00 00 00 00
AD Structures:
  [type=0x01 len=2] Flags: 06
  [type=0x09 len=17] Complete Name: 47 6F 76 65 65 5F 48 36 30 36 31 5F 31 37 35 41
  [type=0xFF len=8] Manufacturer Data: 03 88 EC 00 01 03 00
  [type=0x09 len=17] Complete Name: 47 6F 76 65 65 5F 48 36 30 36 31 5F 31 37 35 41


[03:10:08.363] Device: (no name)  [64:B7:8F:45:E4:7F]
RSSI: -43 dBm
Manufacturer Data:
  Company ID: 0x004C (76)
  Data (26 bytes): 10 07 31 1F 46 D7 69 D0 08 01 00 00 00 00 00 00
  00 00 00 00 00 00 80 00 00 00
Raw AD (62 bytes):
  02 01 1A 02 0A 08 0C FF 4C 00 10 07 31 1F 46 D7
  69 D0 08 14 FF 4C 00 01 00 00 00 00 00 00 00 00
  00 00 00 00 80 00 00 00 00 00 00 00 00 00 00 00
  00 00 00 00 00 00 00 00 00 00 00 00 00 00
AD Structures:
  [type=0x01 len=2] Flags: 1A
  [type=0x0A len=2] Type 10: 08
  [type=0xFF len=12] Manufacturer Data: 4C 00 10 07 31 1F 46 D7 69 D0 08
  [type=0xFF len=20] Manufacturer Data: 4C 00 01 00 00 00 00 00 00 00 00 00 00 00 00 80
  00 00 00


[03:10:08.367] Device: GVH600D50FA  [0C:4E:A0:88:50:FA]
RSSI: -75 dBm
Manufacturer Data:
  Company ID: 0x8802 (34818)
  Data (6 bytes): EC 00 01 01 00 00
Raw AD (62 bytes):
  02 01 06 0C 09 47 56 48 36 30 30 44 35 30 46 41
  09 FF 02 88 EC 00 01 01 00 00 03 19 00 00 00 00
  00 00 00 00 00 00 00 00 00 00 00 00 00 00 00 00
  00 00 00 00 00 00 00 00 00 00 00 00 00 00
AD Structures:
  [type=0x01 len=2] Flags: 06
  [type=0x09 len=12] Complete Name: 47 56 48 36 30 30 44 35 30 46 41
  [type=0xFF len=9] Manufacturer Data: 02 88 EC 00 01 01 00 00
  [type=0x19 len=3] Type 25: 00 00


[03:10:08.427] Device: (no name)  [F0:B3:EC:6B:AE:C9]
RSSI: -70 dBm
Manufacturer Data:
  Company ID: 0x004C (76)
  Data (7 bytes): 10 05 08 14 6E 29 60
Raw AD (62 bytes):
  02 01 1A 02 0A 0C 0A FF 4C 00 10 05 08 14 6E 29
  60 00 00 00 00 00 00 00 00 00 00 00 00 00 00 00
  00 00 00 00 00 00 00 00 00 00 00 00 00 00 00 00
  00 00 00 00 00 00 00 00 00 00 00 00 00 00
AD Structures:
  [type=0x01 len=2] Flags: 1A
  [type=0x0A len=2] Type 10: 0C
  [type=0xFF len=10] Manufacturer Data: 4C 00 10 05 08 14 6E 29 60


[03:10:08.446] Device: (no name)  [5C:72:A9:F2:22:CF]
RSSI: -58 dBm
Manufacturer Data:
  Company ID: 0x004C (76)
  Data (8 bytes): 10 06 00 1D 1B 04 29 48
Raw AD (62 bytes):
  02 01 1A 02 0A 0B 0B FF 4C 00 10 06 00 1D 1B 04
  29 48 00 00 00 00 00 00 00 00 00 00 00 00 00 00
  00 00 00 00 00 00 00 00 00 00 00 00 00 00 00 00
  00 00 00 00 00 00 00 00 00 00 00 00 00 00
AD Structures:
  [type=0x01 len=2] Flags: 1A
  [type=0x0A len=2] Type 10: 0B
  [type=0xFF len=11] Manufacturer Data: 4C 00 10 06 00 1D 1B 04 29 48


[03:10:08.999] Device: (no name)  [7F:75:F3:44:8D:15]
RSSI: -64 dBm
Manufacturer Data:
  Company ID: 0x004C (76)
  Data (20 bytes): 09 08 13 19 C0 A8 01 91 1B 58 16 08 00 4F B9 75
  30 C0 A1 EA
Raw AD (62 bytes):
  02 01 1A 17 FF 4C 00 09 08 13 19 C0 A8 01 91 1B
  58 16 08 00 4F B9 75 30 C0 A1 EA 00 00 00 00 00
  00 00 00 00 00 00 00 00 00 00 00 00 00 00 00 00
  00 00 00 00 00 00 00 00 00 00 00 00 00 00
AD Structures:
  [type=0x01 len=2] Flags: 1A
  [type=0xFF len=23] Manufacturer Data: 4C 00 09 08 13 19 C0 A8 01 91 1B 58 16 08 00 4F
  B9 75 30 C0 A1 EA


[03:10:09.014] Device: GVH600D833E  [A8:46:74:20:83:3E]
RSSI: -70 dBm
Manufacturer Data:
  Company ID: 0x8802 (34818)
  Data (6 bytes): EC 00 01 01 00 00
Raw AD (62 bytes):
  02 01 06 0C 09 47 56 48 36 30 30 44 38 33 33 45
  09 FF 02 88 EC 00 01 01 00 00 03 19 00 00 00 00
  00 00 00 00 00 00 00 00 00 00 00 00 00 00 00 00
  00 00 00 00 00 00 00 00 00 00 00 00 00 00
AD Structures:
  [type=0x01 len=2] Flags: 06
  [type=0x09 len=12] Complete Name: 47 56 48 36 30 30 44 38 33 33 45
  [type=0xFF len=9] Manufacturer Data: 02 88 EC 00 01 01 00 00
  [type=0x19 len=3] Type 25: 00 00


[03:10:09.025] Device: SugarPixel-Unten  [78:1C:3C:EF:A6:AE]
RSSI: -92 dBm
Raw AD (62 bytes):
  02 01 06 11 09 53 75 67 61 72 50 69 78 65 6C 2D
  55 6E 74 65 6E 00 00 00 00 00 00 00 00 00 00 00
  00 00 00 00 00 00 00 00 00 00 00 00 00 00 00 00
  00 00 00 00 00 00 00 00 00 00 00 00 00 00
AD Structures:
  [type=0x01 len=2] Flags: 06
  [type=0x09 len=17] Complete Name: 53 75 67 61 72 50 69 78 65 6C 2D 55 6E 74 65 6E


[03:10:09.107] Device: SugarPixel-Oben  [78:1C:3C:EF:B4:4E]
RSSI: -90 dBm
Raw AD (62 bytes):
  02 01 06 10 09 53 75 67 61 72 50 69 78 65 6C 2D
  4F 62 65 6E 00 00 00 00 00 00 00 00 00 00 00 00
  00 00 00 00 00 00 00 00 00 00 00 00 00 00 00 00
  00 00 00 00 00 00 00 00 00 00 00 00 00 00
AD Structures:
  [type=0x01 len=2] Flags: 06
  [type=0x09 len=16] Complete Name: 53 75 67 61 72 50 69 78 65 6C 2D 4F 62 65 6E


[03:10:09.150] Device: AP 0000E001 0F00EMU100000001  [DC:54:75:CD:07:5A]
RSSI: -96 dBm
Manufacturer Data:
  Company ID: 0x0360 (864)
  Data (5 bytes): 00 02 10 00 00
Raw AD (62 bytes):
  02 01 06 08 FF 60 03 00 02 10 00 00 1D 09 41 50
  20 30 30 30 30 45 30 30 31 20 30 46 30 30 45 4D
  55 31 30 30 30 30 30 30 30 31 00 00 00 00 00 00
  00 00 00 00 00 00 00 00 00 00 00 00 00 00
AD Structures:
  [type=0x01 len=2] Flags: 06
  [type=0xFF len=8] Manufacturer Data: 60 03 00 02 10 00 00
  [type=0x09 len=29] Complete Name: 41 50 20 30 30 30 30 45 30 30 31 20 30 46 30 30
  45 4D 55 31 30 30 30 30 30 30 30 31


[03:10:09.151] Device: (no name)  [E5:74:5B:CD:C3:3D]
RSSI: -35 dBm
Manufacturer Data:
  Company ID: 0x004C (76)
  Data (4 bytes): 12 02 00 01
Raw AD (62 bytes):
  07 FF 4C 00 12 02 00 01 00 00 00 00 00 00 00 00
  00 00 00 00 00 00 00 00 00 00 00 00 00 00 00 00
  00 00 00 00 00 00 00 00 00 00 00 00 00 00 00 00
  00 00 00 00 00 00 00 00 00 00 00 00 00 00
AD Structures:
  [type=0xFF len=7] Manufacturer Data: 4C 00 12 02 00 01


[03:10:09.174] Device: Plaud Note Pro  [45:36:CB:C8:8B:08]
RSSI: -91 dBm
Manufacturer Data:
  Company ID: 0x005D (93)
  Data (27 bytes): 02 71 03 04 56 07 04 01 08 88 10 B3 02 54 58 91
  19 44 14 00 04 CF 79 57 1E 01 01
Raw AD (62 bytes):
  1E FF 5D 00 02 71 03 04 56 07 04 01 08 88 10 B3
  02 54 58 91 19 44 14 00 04 CF 79 57 1E 01 01 0F
  09 50 6C 61 75 64 20 4E 6F 74 65 20 50 72 6F 00
  00 00 00 00 00 00 00 00 00 00 00 00 00 00
AD Structures:
  [type=0xFF len=30] Manufacturer Data: 5D 00 02 71 03 04 56 07 04 01 08 88 10 B3 02 54
  58 91 19 44 14 00 04 CF 79 57 1E 01 01
  [type=0x09 len=15] Complete Name: 50 6C 61 75 64 20 4E 6F 74 65 20 50 72 6F


[03:10:09.175] Device: Govee_H6072_388C  [C2:36:39:34:38:8C]
RSSI: -83 dBm
Manufacturer Data:
  Company ID: 0x8802 (34818)
  Data (5 bytes): EC 00 02 01 00
Raw AD (62 bytes):
  02 01 06 11 09 47 6F 76 65 65 5F 48 36 30 37 32
  5F 33 38 38 43 08 FF 02 88 EC 00 02 01 00 11 09
  47 6F 76 65 65 5F 48 36 30 37 32 5F 33 38 38 43
  00 00 00 00 00 00 00 00 00 00 00 00 00 00
AD Structures:
  [type=0x01 len=2] Flags: 06
  [type=0x09 len=17] Complete Name: 47 6F 76 65 65 5F 48 36 30 37 32 5F 33 38 38 43
  [type=0xFF len=8] Manufacturer Data: 02 88 EC 00 02 01 00
  [type=0x09 len=17] Complete Name: 47 6F 76 65 65 5F 48 36 30 37 32 5F 33 38 38 43


[03:10:09.679] Device: (no name)  [C2:52:78:4D:96:5F]
RSSI: -60 dBm
Manufacturer Data:
  Company ID: 0x004C (76)
  Data (4 bytes): 12 02 00 03
Raw AD (62 bytes):
  07 FF 4C 00 12 02 00 03 00 00 00 00 00 00 00 00
  00 00 00 00 00 00 00 00 00 00 00 00 00 00 00 00
  00 00 00 00 00 00 00 00 00 00 00 00 00 00 00 00
  00 00 00 00 00 00 00 00 00 00 00 00 00 00
AD Structures:
  [type=0xFF len=7] Manufacturer Data: 4C 00 12 02 00 03


[03:10:09.706] Device: Core300s  [10:97:BD:46:6F:C2]
RSSI: -78 dBm
Manufacturer Data:
  Company ID: 0x06D0 (1744)
  Data (12 bytes): 01 C2 6F 46 BD 97 10 C6 2E 02 02 00
Raw AD (62 bytes):
  02 01 06 0F FF D0 06 01 C2 6F 46 BD 97 10 C6 2E
  02 02 00 09 09 43 6F 72 65 33 30 30 73 00 00 00
  00 00 00 00 00 00 00 00 00 00 00 00 00 00 00 00
  00 00 00 00 00 00 00 00 00 00 00 00 00 00
AD Structures:
  [type=0x01 len=2] Flags: 06
  [type=0xFF len=15] Manufacturer Data: D0 06 01 C2 6F 46 BD 97 10 C6 2E 02 02 00
  [type=0x09 len=9] Complete Name: 43 6F 72 65 33 30 30 73


[03:10:09.748] Device: (no name)  [49:C2:17:0A:83:DB]
RSSI: -94 dBm
Manufacturer Data:
  Company ID: 0x004C (76)
  Data (8 bytes): 10 06 4C 1D 73 60 D4 68
Raw AD (62 bytes):
  02 01 1A 02 0A 0C 0B FF 4C 00 10 06 4C 1D 73 60
  D4 68 00 00 00 00 00 00 00 00 00 00 00 00 00 00
  00 00 00 00 00 00 00 00 00 00 00 00 00 00 00 00
  00 00 00 00 00 00 00 00 00 00 00 00 00 00
AD Structures:
  [type=0x01 len=2] Flags: 1A
  [type=0x0A len=2] Type 10: 0C
  [type=0xFF len=11] Manufacturer Data: 4C 00 10 06 4C 1D 73 60 D4 68


[03:10:09.795] Device: (no name)  [F7:91:EE:3B:B9:A4]
RSSI: -91 dBm
Manufacturer Data:
  Company ID: 0x004C (76)
  Data (27 bytes): 12 19 D0 B1 44 59 16 50 5C BB 95 A4 3A 08 62 2C
  48 6D 62 D2 63 3B D0 2F 08 01 23
Raw AD (62 bytes):
  1E FF 4C 00 12 19 D0 B1 44 59 16 50 5C BB 95 A4
  3A 08 62 2C 48 6D 62 D2 63 3B D0 2F 08 01 23 00
  00 00 00 00 00 00 00 00 00 00 00 00 00 00 00 00
  00 00 00 00 00 00 00 00 00 00 00 00 00 00
AD Structures:
  [type=0xFF len=30] Manufacturer Data: 4C 00 12 19 D0 B1 44 59 16 50 5C BB 95 A4 3A 08
  62 2C 48 6D 62 D2 63 3B D0 2F 08 01 23


[03:10:09.796] Device: (no name)  [6E:B7:31:D4:18:82]
RSSI: -83 dBm
Manufacturer Data:
  Company ID: 0x004C (76)
  Data (26 bytes): 10 07 3F 1F C0 FE 9A 2C 18 01 00 00 00 00 00 00
  00 00 00 00 00 00 80 00 00 00
Raw AD (62 bytes):
  02 01 1A 02 0A 0C 0C FF 4C 00 10 07 3F 1F C0 FE
  9A 2C 18 14 FF 4C 00 01 00 00 00 00 00 00 00 00
  00 00 00 00 80 00 00 00 00 00 00 00 00 00 00 00
  00 00 00 00 00 00 00 00 00 00 00 00 00 00
AD Structures:
  [type=0x01 len=2] Flags: 1A
  [type=0x0A len=2] Type 10: 0C
  [type=0xFF len=12] Manufacturer Data: 4C 00 10 07 3F 1F C0 FE 9A 2C 18
  [type=0xFF len=20] Manufacturer Data: 4C 00 01 00 00 00 00 00 00 00 00 00 00 00 00 80
  00 00 00


[03:10:09.797] Device: (no name)  [40:BB:25:5D:47:7B]
RSSI: -74 dBm
Manufacturer Data:
  Company ID: 0x004C (76)
  Data (8 bytes): 10 06 3C 1A B0 3A A4 60
Raw AD (62 bytes):
  02 01 1A 02 0A 0C 0B FF 4C 00 10 06 3C 1A B0 3A
  A4 60 00 00 00 00 00 00 00 00 00 00 00 00 00 00
  00 00 00 00 00 00 00 00 00 00 00 00 00 00 00 00
  00 00 00 00 00 00 00 00 00 00 00 00 00 00
AD Structures:
  [type=0x01 len=2] Flags: 1A
  [type=0x0A len=2] Type 10: 0C
  [type=0xFF len=11] Manufacturer Data: 4C 00 10 06 3C 1A B0 3A A4 60


[03:10:09.799] Device: (no name)  [69:C2:E4:D8:D8:FD]
RSSI: -98 dBm
Manufacturer Data:
  Company ID: 0x004C (76)
  Data (20 bytes): 09 08 13 12 C0 A8 01 74 1B 58 16 08 00 A4 4D 92
  84 6B 56 80
Raw AD (62 bytes):
  02 01 1A 17 FF 4C 00 09 08 13 12 C0 A8 01 74 1B
  58 16 08 00 A4 4D 92 84 6B 56 80 00 00 00 00 00
  00 00 00 00 00 00 00 00 00 00 00 00 00 00 00 00
  00 00 00 00 00 00 00 00 00 00 00 00 00 00
AD Structures:
  [type=0x01 len=2] Flags: 1A
  [type=0xFF len=23] Manufacturer Data: 4C 00 09 08 13 12 C0 A8 01 74 1B 58 16 08 00 A4
  4D 92 84 6B 56 80


[03:10:11.914] Device: (no name)  [D8:D4:8A:D9:83:BD]
RSSI: -60 dBm
Manufacturer Data:
  Company ID: 0x004C (76)
  Data (4 bytes): 12 02 00 00
Raw AD (62 bytes):
  07 FF 4C 00 12 02 00 00 00 00 00 00 00 00 00 00
  00 00 00 00 00 00 00 00 00 00 00 00 00 00 00 00
  00 00 00 00 00 00 00 00 00 00 00 00 00 00 00 00
  00 00 00 00 00 00 00 00 00 00 00 00 00 00
AD Structures:
  [type=0xFF len=7] Manufacturer Data: 4C 00 12 02 00 00


[03:10:12.052] Device: (no name)  [FC:74:5E:F7:F5:4D]
RSSI: -75 dBm
Manufacturer Data:
  Company ID: 0x004C (76)
  Data (4 bytes): 12 02 00 01
Raw AD (62 bytes):
  07 FF 4C 00 12 02 00 01 00 00 00 00 00 00 00 00
  00 00 00 00 00 00 00 00 00 00 00 00 00 00 00 00
  00 00 00 00 00 00 00 00 00 00 00 00 00 00 00 00
  00 00 00 00 00 00 00 00 00 00 00 00 00 00
AD Structures:
  [type=0xFF len=7] Manufacturer Data: 4C 00 12 02 00 01


[03:10:12.702] Device: (no name)  [C9:88:37:BE:24:26]
RSSI: -96 dBm
Raw AD (62 bytes):
  02 01 06 19 16 AA FE 41 C9 BA C5 A1 77 A9 8C 2C
  2E 22 39 2B 94 4B 8F 67 F6 DC 36 79 70 00 00 00
  00 00 00 00 00 00 00 00 00 00 00 00 00 00 00 00
  00 00 00 00 00 00 00 00 00 00 00 00 00 00
AD Structures:
  [type=0x01 len=2] Flags: 06
  [type=0x16 len=25] Type 22: AA FE 41 C9 BA C5 A1 77 A9 8C 2C 2E 22 39 2B 94
  4B 8F 67 F6 DC 36 79 70


[03:10:12.756] Device: (no name)  [F5:7C:5F:82:ED:E9]
RSSI: -91 dBm
Manufacturer Data:
  Company ID: 0x004C (76)
  Data (23 bytes): 12 02 6E 03 07 11 06 9F 83 BE DE 27 EC 1A 97 DF
  76 8B 99 0F 60 4F E0
Raw AD (62 bytes):
  1A FF 4C 00 12 02 6E 03 07 11 06 9F 83 BE DE 27
  EC 1A 97 DF 76 8B 99 0F 60 4F E0 00 00 00 00 00
  00 00 00 00 00 00 00 00 00 00 00 00 00 00 00 00
  00 00 00 00 00 00 00 00 00 00 00 00 00 00
AD Structures:
  [type=0xFF len=26] Manufacturer Data: 4C 00 12 02 6E 03 07 11 06 9F 83 BE DE 27 EC 1A
  97 DF 76 8B 99 0F 60 4F E0


[03:10:12.844] Device: (no name)  [E5:D8:A6:E5:9D:5B]
RSSI: -87 dBm
Manufacturer Data:
  Company ID: 0x004C (76)
  Data (4 bytes): 12 02 00 01
Raw AD (62 bytes):
  07 FF 4C 00 12 02 00 01 00 00 00 00 00 00 00 00
  00 00 00 00 00 00 00 00 00 00 00 00 00 00 00 00
  00 00 00 00 00 00 00 00 00 00 00 00 00 00 00 00
  00 00 00 00 00 00 00 00 00 00 00 00 00 00
AD Structures:
  [type=0xFF len=7] Manufacturer Data: 4C 00 12 02 00 01


[03:10:13.491] Device: (no name)  [7E:3C:3B:7C:5F:5D]
RSSI: -86 dBm
Manufacturer Data:
  Company ID: 0x004C (76)
  Data (7 bytes): 10 05 3E 18 5E 36 F3
Raw AD (62 bytes):
  02 01 1A 02 0A 0C 0A FF 4C 00 10 05 3E 18 5E 36
  F3 00 00 00 00 00 00 00 00 00 00 00 00 00 00 00
  00 00 00 00 00 00 00 00 00 00 00 00 00 00 00 00
  00 00 00 00 00 00 00 00 00 00 00 00 00 00
AD Structures:
  [type=0x01 len=2] Flags: 1A
  [type=0x0A len=2] Type 10: 0C
  [type=0xFF len=10] Manufacturer Data: 4C 00 10 05 3E 18 5E 36 F3


[03:10:14.287] Device: (no name)  [E2:22:9C:43:02:55]
RSSI: -87 dBm
Manufacturer Data:
  Company ID: 0x004C (76)
  Data (4 bytes): 12 02 00 03
Raw AD (62 bytes):
  07 FF 4C 00 12 02 00 03 00 00 00 00 00 00 00 00
  00 00 00 00 00 00 00 00 00 00 00 00 00 00 00 00
  00 00 00 00 00 00 00 00 00 00 00 00 00 00 00 00
  00 00 00 00 00 00 00 00 00 00 00 00 00 00
AD Structures:
  [type=0xFF len=7] Manufacturer Data: 4C 00 12 02 00 03


[03:10:14.771] ========== OMNIPOD FOUND ==========
Device: AP 0000429F 0E9984B10008918D  [34:3C:30:C9:65:5C]
RSSI: -89 dBm
Service UUIDs:
  ce1f923d-c539-48ea-7300-0a0000429c00  <-- OMNIPOD SCAN UUID
    UUID LE bytes: 00 9C 42 00 00 0A 00 73 EA 48 39 C5 3D 92 1F CE
    Profile ID: 10 (VALID)
    Pod ID base: 0x0000429C (17052)  [PAIRED - ctrl ID embedded]
Manufacturer Data:
  Company ID: 0x0360 (864)
  Data (5 bytes): 00 01 30 00 00
  --- Omnipod decode ---
    Pod ID adj bits: 3
    Alarm code: 0x00
    Alert code: 0x00
    Service type: 0x2470 (NO_DATA (default))
Raw AD (62 bytes):
  02 01 06 11 06 00 9C 42 00 00 0A 00 73 EA 48 39
  C5 3D 92 1F CE 08 FF 60 03 00 01 30 00 00 1D 09
  41 50 20 30 30 30 30 34 32 39 46 20 30 45 39 39
  38 34 42 31 30 30 30 38 39 31 38 44 00 00
AD Structures:
  [type=0x01 len=2] Flags: 06
  [type=0x06 len=17] Incomplete 128-bit UUIDs: 00 9C 42 00 00 0A 00 73 EA 48 39 C5 3D 92 1F CE
  [type=0xFF len=8] Manufacturer Data: 60 03 00 01 30 00 00
  [type=0x09 len=29] Complete Name: 41 50 20 30 30 30 30 34 32 39 46 20 30 45 39 39
  38 34 42 31 30 30 30 38 39 31 38 44
====================================


[03:10:16.320] ========== OMNIPOD FOUND ==========
Device: AP 0000429F 0E9984B10008918D  [34:3C:30:C9:65:5C]
RSSI: -86 dBm
Service UUIDs:
  ce1f923d-c539-48ea-7300-0a0000429c00  <-- OMNIPOD SCAN UUID
    UUID LE bytes: 00 9C 42 00 00 0A 00 73 EA 48 39 C5 3D 92 1F CE
    Profile ID: 10 (VALID)
    Pod ID base: 0x0000429C (17052)  [PAIRED - ctrl ID embedded]
Manufacturer Data:
  Company ID: 0x0360 (864)
  Data (5 bytes): 00 01 30 00 00
  --- Omnipod decode ---
    Pod ID adj bits: 3
    Alarm code: 0x00
    Alert code: 0x00
    Service type: 0x2470 (NO_DATA (default))
Raw AD (62 bytes):
  02 01 06 11 06 00 9C 42 00 00 0A 00 73 EA 48 39
  C5 3D 92 1F CE 08 FF 60 03 00 01 30 00 00 1D 09
  41 50 20 30 30 30 30 34 32 39 46 20 30 45 39 39
  38 34 42 31 30 30 30 38 39 31 38 44 00 00
AD Structures:
  [type=0x01 len=2] Flags: 06
  [type=0x06 len=17] Incomplete 128-bit UUIDs: 00 9C 42 00 00 0A 00 73 EA 48 39 C5 3D 92 1F CE
  [type=0xFF len=8] Manufacturer Data: 60 03 00 01 30 00 00
  [type=0x09 len=29] Complete Name: 41 50 20 30 30 30 30 34 32 39 46 20 30 45 39 39
  38 34 42 31 30 30 30 38 39 31 38 44
====================================


[03:10:16.466] Device: IOTWF124  [B4:E8:42:BC:71:25]
RSSI: -94 dBm
Manufacturer Data:
  Company ID: 0x5A01 (23041)
  Data (27 bytes): 52 23 61 01 50 0F 00 00 00 0A 03 00 00 00 00 00
  00 00 00 00 00 00 00 00 00 00 00
Raw AD (62 bytes):
  1E FF 01 5A 52 23 61 01 50 0F 00 00 00 0A 03 00
  00 00 00 00 00 00 00 00 00 00 00 00 00 00 00 11
  16 01 5A 52 06 B4 E8 42 BC 71 24 00 62 C2 04 01
  00 02 01 06 09 09 49 4F 54 57 46 31 32 34
AD Structures:
  [type=0xFF len=30] Manufacturer Data: 01 5A 52 23 61 01 50 0F 00 00 00 0A 03 00 00 00
  00 00 00 00 00 00 00 00 00 00 00 00 00
  [type=0x16 len=17] Type 22: 01 5A 52 06 B4 E8 42 BC 71 24 00 62 C2 04 01 00
  [type=0x01 len=2] Flags: 06
  [type=0x09 len=9] Complete Name: 49 4F 54 57 46 31 32 34


[03:10:17.065] ========== OMNIPOD FOUND ==========
Device: AP 0000429F 0E9984B10008918D  [34:3C:30:C9:65:5C]
RSSI: -90 dBm
Service UUIDs:
  ce1f923d-c539-48ea-7300-0a0000429c00  <-- OMNIPOD SCAN UUID
    UUID LE bytes: 00 9C 42 00 00 0A 00 73 EA 48 39 C5 3D 92 1F CE
    Profile ID: 10 (VALID)
    Pod ID base: 0x0000429C (17052)  [PAIRED - ctrl ID embedded]
Manufacturer Data:
  Company ID: 0x0360 (864)
  Data (5 bytes): 00 01 30 00 00
  --- Omnipod decode ---
    Pod ID adj bits: 3
    Alarm code: 0x00
    Alert code: 0x00
    Service type: 0x2470 (NO_DATA (default))
Raw AD (62 bytes):
  02 01 06 11 06 00 9C 42 00 00 0A 00 73 EA 48 39
  C5 3D 92 1F CE 08 FF 60 03 00 01 30 00 00 1D 09
  41 50 20 30 30 30 30 34 32 39 46 20 30 45 39 39
  38 34 42 31 30 30 30 38 39 31 38 44 00 00
AD Structures:
  [type=0x01 len=2] Flags: 06
  [type=0x06 len=17] Incomplete 128-bit UUIDs: 00 9C 42 00 00 0A 00 73 EA 48 39 C5 3D 92 1F CE
  [type=0xFF len=8] Manufacturer Data: 60 03 00 01 30 00 00
  [type=0x09 len=29] Complete Name: 41 50 20 30 30 30 30 34 32 39 46 20 30 45 39 39
  38 34 42 31 30 30 30 38 39 31 38 44
====================================


[03:10:17.146] Device: (no name)  [5E:E7:38:A1:DC:D6]
RSSI: -37 dBm
Manufacturer Data:
  Company ID: 0x004C (76)
  Data (10 bytes): 16 08 00 D1 93 71 E1 0F C0 C3
Raw AD (62 bytes):
  02 01 1A 0D FF 4C 00 16 08 00 D1 93 71 E1 0F C0
  C3 00 00 00 00 00 00 00 00 00 00 00 00 00 00 00
  00 00 00 00 00 00 00 00 00 00 00 00 00 00 00 00
  00 00 00 00 00 00 00 00 00 00 00 00 00 00
AD Structures:
  [type=0x01 len=2] Flags: 1A
  [type=0xFF len=13] Manufacturer Data: 4C 00 16 08 00 D1 93 71 E1 0F C0 C3


[03:10:17.818] Device: (no name)  [6F:E9:48:CB:59:29]
RSSI: -96 dBm
Manufacturer Data:
  Company ID: 0x004C (76)
  Data (8 bytes): 10 06 4C 1D 73 60 D4 68
Raw AD (62 bytes):
  02 01 1A 02 0A 0C 0B FF 4C 00 10 06 4C 1D 73 60
  D4 68 00 00 00 00 00 00 00 00 00 00 00 00 00 00
  00 00 00 00 00 00 00 00 00 00 00 00 00 00 00 00
  00 00 00 00 00 00 00 00 00 00 00 00 00 00
AD Structures:
  [type=0x01 len=2] Flags: 1A
  [type=0x0A len=2] Type 10: 0C
  [type=0xFF len=11] Manufacturer Data: 4C 00 10 06 4C 1D 73 60 D4 68


[03:10:19.979] Device: DXCMjn  [D4:D8:A4:A0:DA:5E]
RSSI: -82 dBm
Service UUIDs:
  0000febc-0000-1000-8000-00805f9b34fb
Manufacturer Data:
  Company ID: 0x00D0 (208)
  Data (4 bytes): 00 14 00 04
Raw AD (62 bytes):
  02 01 06 07 09 44 58 43 4D 6A 6E 03 02 BC FE 07
  FF D0 00 00 14 00 04 00 00 00 00 00 00 00 00 00
  00 00 00 00 00 00 00 00 00 00 00 00 00 00 00 00
  00 00 00 00 00 00 00 00 00 00 00 00 00 00
AD Structures:
  [type=0x01 len=2] Flags: 06
  [type=0x09 len=7] Complete Name: 44 58 43 4D 6A 6E
  [type=0x02 len=3] Type 2: BC FE
  [type=0xFF len=7] Manufacturer Data: D0 00 00 14 00 04


[03:10:20.790] Device: (no name)  [E4:89:3C:9B:EC:53]
RSSI: -91 dBm
Manufacturer Data:
  Company ID: 0x004C (76)
  Data (4 bytes): 12 02 00 02
Raw AD (62 bytes):
  07 FF 4C 00 12 02 00 02 00 00 00 00 00 00 00 00
  00 00 00 00 00 00 00 00 00 00 00 00 00 00 00 00
  00 00 00 00 00 00 00 00 00 00 00 00 00 00 00 00
  00 00 00 00 00 00 00 00 00 00 00 00 00 00
AD Structures:
  [type=0xFF len=7] Manufacturer Data: 4C 00 12 02 00 02


[03:10:21.363] Device: (no name)  [C8:68:95:EE:50:B8]
RSSI: -80 dBm
Manufacturer Data:
  Company ID: 0x004C (76)
  Data (4 bytes): 12 02 00 01
Raw AD (62 bytes):
  07 FF 4C 00 12 02 00 01 00 00 00 00 00 00 00 00
  00 00 00 00 00 00 00 00 00 00 00 00 00 00 00 00
  00 00 00 00 00 00 00 00 00 00 00 00 00 00 00 00
  00 00 00 00 00 00 00 00 00 00 00 00 00 00
AD Structures:
  [type=0xFF len=7] Manufacturer Data: 4C 00 12 02 00 01


[03:10:22.254] Device: (no name)  [DC:E8:60:7A:F3:B2]
RSSI: -95 dBm
Manufacturer Data:
  Company ID: 0x004C (76)
  Data (4 bytes): 12 02 00 00
Raw AD (62 bytes):
  07 FF 4C 00 12 02 00 00 00 00 00 00 00 00 00 00
  00 00 00 00 00 00 00 00 00 00 00 00 00 00 00 00
  00 00 00 00 00 00 00 00 00 00 00 00 00 00 00 00
  00 00 00 00 00 00 00 00 00 00 00 00 00 00
AD Structures:
  [type=0xFF len=7] Manufacturer Data: 4C 00 12 02 00 00


[03:10:27.977] Device: (no name)  [59:96:FC:CA:BE:CD]
RSSI: -101 dBm
Manufacturer Data:
  Company ID: 0x004C (76)
  Data (7 bytes): 10 05 15 18 AE 7C 70
Raw AD (62 bytes):
  02 01 1A 02 0A 0C 0A FF 4C 00 10 05 15 18 AE 7C
  70 00 00 00 00 00 00 00 00 00 00 00 00 00 00 00
  00 00 00 00 00 00 00 00 00 00 00 00 00 00 00 00
  00 00 00 00 00 00 00 00 00 00 00 00 00 00
AD Structures:
  [type=0x01 len=2] Flags: 1A
  [type=0x0A len=2] Type 10: 0C
  [type=0xFF len=10] Manufacturer Data: 4C 00 10 05 15 18 AE 7C 70


[03:10:30.226] Device: (no name)  [61:7D:06:EC:D3:B5]
RSSI: -66 dBm
Manufacturer Data:
  Company ID: 0x004C (76)
  Data (20 bytes): 09 08 13 15 C0 A8 01 AE 1B 58 16 08 00 B3 44 FF
  FB 52 4C D5
Raw AD (62 bytes):
  02 01 1A 17 FF 4C 00 09 08 13 15 C0 A8 01 AE 1B
  58 16 08 00 B3 44 FF FB 52 4C D5 00 00 00 00 00
  00 00 00 00 00 00 00 00 00 00 00 00 00 00 00 00
  00 00 00 00 00 00 00 00 00 00 00 00 00 00
AD Structures:
  [type=0x01 len=2] Flags: 1A
  [type=0xFF len=23] Manufacturer Data: 4C 00 09 08 13 15 C0 A8 01 AE 1B 58 16 08 00 B3
  44 FF FB 52 4C D5


[03:10:30.383] Device: (no name)  [45:8D:DF:97:D9:D4]
RSSI: -64 dBm
Manufacturer Data:
  Company ID: 0x004C (76)
  Data (8 bytes): 10 06 0C 19 29 E7 FA 28
Raw AD (62 bytes):
  02 01 1A 02 0A 0C 0B FF 4C 00 10 06 0C 19 29 E7
  FA 28 00 00 00 00 00 00 00 00 00 00 00 00 00 00
  00 00 00 00 00 00 00 00 00 00 00 00 00 00 00 00
  00 00 00 00 00 00 00 00 00 00 00 00 00 00
AD Structures:
  [type=0x01 len=2] Flags: 1A
  [type=0x0A len=2] Type 10: 0C
  [type=0xFF len=11] Manufacturer Data: 4C 00 10 06 0C 19 29 E7 FA 28


[03:10:30.900] Device: (no name)  [79:D2:CE:97:7D:14]
RSSI: -72 dBm
Manufacturer Data:
  Company ID: 0x004C (76)
  Data (8 bytes): 10 06 0C 19 29 E7 FA 28
Raw AD (62 bytes):
  02 01 1A 02 0A 0C 0B FF 4C 00 10 06 0C 19 29 E7
  FA 28 00 00 00 00 00 00 00 00 00 00 00 00 00 00
  00 00 00 00 00 00 00 00 00 00 00 00 00 00 00 00
  00 00 00 00 00 00 00 00 00 00 00 00 00 00
AD Structures:
  [type=0x01 len=2] Flags: 1A
  [type=0x0A len=2] Type 10: 0C
  [type=0xFF len=11] Manufacturer Data: 4C 00 10 06 0C 19 29 E7 FA 28


[03:10:33.171] ========== OMNIPOD FOUND ==========
Device: AP 0000429F 0E9984B10008918D  [34:3C:30:C9:65:5C]
RSSI: -90 dBm
Service UUIDs:
  ce1f923d-c539-48ea-7300-0a0000429c00  <-- OMNIPOD SCAN UUID
    UUID LE bytes: 00 9C 42 00 00 0A 00 73 EA 48 39 C5 3D 92 1F CE
    Profile ID: 10 (VALID)
    Pod ID base: 0x0000429C (17052)  [PAIRED - ctrl ID embedded]
Manufacturer Data:
  Company ID: 0x0360 (864)
  Data (5 bytes): 00 01 30 00 00
  --- Omnipod decode ---
    Pod ID adj bits: 3
    Alarm code: 0x00
    Alert code: 0x00
    Service type: 0x2470 (NO_DATA (default))
Raw AD (62 bytes):
  02 01 06 11 06 00 9C 42 00 00 0A 00 73 EA 48 39
  C5 3D 92 1F CE 08 FF 60 03 00 01 30 00 00 1D 09
  41 50 20 30 30 30 30 34 32 39 46 20 30 45 39 39
  38 34 42 31 30 30 30 38 39 31 38 44 00 00
AD Structures:
  [type=0x01 len=2] Flags: 06
  [type=0x06 len=17] Incomplete 128-bit UUIDs: 00 9C 42 00 00 0A 00 73 EA 48 39 C5 3D 92 1F CE
  [type=0xFF len=8] Manufacturer Data: 60 03 00 01 30 00 00
  [type=0x09 len=29] Complete Name: 41 50 20 30 30 30 30 34 32 39 46 20 30 45 39 39
  38 34 42 31 30 30 30 38 39 31 38 44
====================================


[03:10:33.903] ========== OMNIPOD FOUND ==========
Device: AP 0000429F 0E9984B10008918D  [34:3C:30:C9:65:5C]
RSSI: -86 dBm
Service UUIDs:
  ce1f923d-c539-48ea-7300-0a0000429c00  <-- OMNIPOD SCAN UUID
    UUID LE bytes: 00 9C 42 00 00 0A 00 73 EA 48 39 C5 3D 92 1F CE
    Profile ID: 10 (VALID)
    Pod ID base: 0x0000429C (17052)  [PAIRED - ctrl ID embedded]
Manufacturer Data:
  Company ID: 0x0360 (864)
  Data (5 bytes): 00 01 30 00 00
  --- Omnipod decode ---
    Pod ID adj bits: 3
    Alarm code: 0x00
    Alert code: 0x00
    Service type: 0x2470 (NO_DATA (default))
Raw AD (62 bytes):
  02 01 06 11 06 00 9C 42 00 00 0A 00 73 EA 48 39
  C5 3D 92 1F CE 08 FF 60 03 00 01 30 00 00 1D 09
  41 50 20 30 30 30 30 34 32 39 46 20 30 45 39 39
  38 34 42 31 30 30 30 38 39 31 38 44 00 00
AD Structures:
  [type=0x01 len=2] Flags: 06
  [type=0x06 len=17] Incomplete 128-bit UUIDs: 00 9C 42 00 00 0A 00 73 EA 48 39 C5 3D 92 1F CE
  [type=0xFF len=8] Manufacturer Data: 60 03 00 01 30 00 00
  [type=0x09 len=29] Complete Name: 41 50 20 30 30 30 30 34 32 39 46 20 30 45 39 39
  38 34 42 31 30 30 30 38 39 31 38 44
====================================


[03:10:36.228] ========== OMNIPOD FOUND ==========
Device: AP 0000429F 0E9984B10008918D  [34:3C:30:C9:65:5C]
RSSI: -86 dBm
Service UUIDs:
  ce1f923d-c539-48ea-7300-0a0000429c00  <-- OMNIPOD SCAN UUID
    UUID LE bytes: 00 9C 42 00 00 0A 00 73 EA 48 39 C5 3D 92 1F CE
    Profile ID: 10 (VALID)
    Pod ID base: 0x0000429C (17052)  [PAIRED - ctrl ID embedded]
Manufacturer Data:
  Company ID: 0x0360 (864)
  Data (5 bytes): 00 01 30 00 00
  --- Omnipod decode ---
    Pod ID adj bits: 3
    Alarm code: 0x00
    Alert code: 0x00
    Service type: 0x2470 (NO_DATA (default))
Raw AD (62 bytes):
  02 01 06 11 06 00 9C 42 00 00 0A 00 73 EA 48 39
  C5 3D 92 1F CE 08 FF 60 03 00 01 30 00 00 1D 09
  41 50 20 30 30 30 30 34 32 39 46 20 30 45 39 39
  38 34 42 31 30 30 30 38 39 31 38 44 00 00
AD Structures:
  [type=0x01 len=2] Flags: 06
  [type=0x06 len=17] Incomplete 128-bit UUIDs: 00 9C 42 00 00 0A 00 73 EA 48 39 C5 3D 92 1F CE
  [type=0xFF len=8] Manufacturer Data: 60 03 00 01 30 00 00
  [type=0x09 len=29] Complete Name: 41 50 20 30 30 30 30 34 32 39 46 20 30 45 39 39
  38 34 42 31 30 30 30 38 39 31 38 44
====================================


[03:10:40.479] Device: DXCMsm  [DF:9C:88:B9:57:32]
RSSI: -92 dBm
Service UUIDs:
  0000febc-0000-1000-8000-00805f9b34fb
Manufacturer Data:
  Company ID: 0x00D0 (208)
  Data (4 bytes): 2E 6A 00 04
Raw AD (62 bytes):
  02 01 06 07 09 44 58 43 4D 73 6D 03 02 BC FE 07
  FF D0 00 2E 6A 00 04 00 00 00 00 00 00 00 00 00
  00 00 00 00 00 00 00 00 00 00 00 00 00 00 00 00
  00 00 00 00 00 00 00 00 00 00 00 00 00 00
AD Structures:
  [type=0x01 len=2] Flags: 06
  [type=0x09 len=7] Complete Name: 44 58 43 4D 73 6D
  [type=0x02 len=3] Type 2: BC FE
  [type=0xFF len=7] Manufacturer Data: D0 00 2E 6A 00 04



=== Scan ended Sat Apr 04 03:10:41 GMT+02:00 2026 ===
