=== Omnipod Scan started Sat Apr 04 12:15:42 GMT+02:00 2026 ===

[12:15:42.822] Device: (no name)  [F0:B3:EC:6B:AE:C9]
RSSI: -86 dBm
Manufacturer Data:
  Company ID: 0x004C (76)
  Data (7 bytes): 10 05 08 14 6E 29 60
Raw AD (62 bytes):
  02 01 1A 02 0A 0C 0A FF 4C 00 10 05 08 14 6E 29
  60 00 00 00 00 00 00 00 00 00 00 00 00 00 00 00
  00 00 00 00 00 00 00 00 00 00 00 00 00 00 00 00
  00 00 00 00 00 00 00 00 00 00 00 00 00 00
AD Structures:
  [type=0x01 len=2] Flags: 1A
  [type=0x0A len=2] Type 10: 0C
  [type=0xFF len=10] Manufacturer Data: 4C 00 10 05 08 14 6E 29 60


[12:15:42.827] Device: Govee_H6061_175A  [CD:38:30:33:17:5A]
RSSI: -47 dBm
Manufacturer Data:
  Company ID: 0x8803 (34819)
  Data (5 bytes): EC 00 01 03 01
Raw AD (62 bytes):
  02 01 06 11 09 47 6F 76 65 65 5F 48 36 30 36 31
  5F 31 37 35 41 08 FF 03 88 EC 00 01 03 01 11 09
  47 6F 76 65 65 5F 48 36 30 36 31 5F 31 37 35 41
  00 00 00 00 00 00 00 00 00 00 00 00 00 00
AD Structures:
  [type=0x01 len=2] Flags: 06
  [type=0x09 len=17] Complete Name: 47 6F 76 65 65 5F 48 36 30 36 31 5F 31 37 35 41
  [type=0xFF len=8] Manufacturer Data: 03 88 EC 00 01 03 01
  [type=0x09 len=17] Complete Name: 47 6F 76 65 65 5F 48 36 30 36 31 5F 31 37 35 41


[12:15:42.852] Device: GBK_H61A2_B3DB  [D4:AD:FC:6C:B3:DB]
RSSI: -54 dBm
Manufacturer Data:
  Company ID: 0x8802 (34818)
  Data (5 bytes): EC 00 02 01 01
Raw AD (62 bytes):
  0F 09 47 42 4B 5F 48 36 31 41 32 5F 42 33 44 42
  08 FF 02 88 EC 00 02 01 01 02 01 05 0F 09 47 42
  4B 5F 48 36 31 41 32 5F 42 33 44 42 00 00 00 00
  00 00 00 00 00 00 00 00 00 00 00 00 00 00
AD Structures:
  [type=0x09 len=15] Complete Name: 47 42 4B 5F 48 36 31 41 32 5F 42 33 44 42
  [type=0xFF len=8] Manufacturer Data: 02 88 EC 00 02 01 01
  [type=0x01 len=2] Flags: 05
  [type=0x09 len=15] Complete Name: 47 42 4B 5F 48 36 31 41 32 5F 42 33 44 42


[12:15:42.871] Device: (no name)  [42:12:81:A6:67:B6]
RSSI: -69 dBm
Manufacturer Data:
  Company ID: 0x004C (76)
  Data (8 bytes): 10 06 4D 1D EF 06 84 48
Raw AD (62 bytes):
  02 01 1A 02 0A 0C 0B FF 4C 00 10 06 4D 1D EF 06
  84 48 00 00 00 00 00 00 00 00 00 00 00 00 00 00
  00 00 00 00 00 00 00 00 00 00 00 00 00 00 00 00
  00 00 00 00 00 00 00 00 00 00 00 00 00 00
AD Structures:
  [type=0x01 len=2] Flags: 1A
  [type=0x0A len=2] Type 10: 0C
  [type=0xFF len=11] Manufacturer Data: 4C 00 10 06 4D 1D EF 06 84 48


[12:15:42.872] Device: (no name)  [71:52:5E:47:3A:71]
RSSI: -69 dBm
Manufacturer Data:
  Company ID: 0x004C (76)
  Data (8 bytes): 10 06 4D 1D EF 06 84 48
Raw AD (62 bytes):
  02 01 1A 02 0A 0C 0B FF 4C 00 10 06 4D 1D EF 06
  84 48 00 00 00 00 00 00 00 00 00 00 00 00 00 00
  00 00 00 00 00 00 00 00 00 00 00 00 00 00 00 00
  00 00 00 00 00 00 00 00 00 00 00 00 00 00
AD Structures:
  [type=0x01 len=2] Flags: 1A
  [type=0x0A len=2] Type 10: 0C
  [type=0xFF len=11] Manufacturer Data: 4C 00 10 06 4D 1D EF 06 84 48


[12:15:42.874] Device: (no name)  [4B:5E:83:FD:07:61]
RSSI: -85 dBm
Manufacturer Data:
  Company ID: 0x004C (76)
  Data (20 bytes): 09 08 13 3E C0 A8 01 91 1B 58 16 08 00 DD 1C 6F
  76 C5 6A 90
Raw AD (62 bytes):
  02 01 1A 17 FF 4C 00 09 08 13 3E C0 A8 01 91 1B
  58 16 08 00 DD 1C 6F 76 C5 6A 90 00 00 00 00 00
  00 00 00 00 00 00 00 00 00 00 00 00 00 00 00 00
  00 00 00 00 00 00 00 00 00 00 00 00 00 00
AD Structures:
  [type=0x01 len=2] Flags: 1A
  [type=0xFF len=23] Manufacturer Data: 4C 00 09 08 13 3E C0 A8 01 91 1B 58 16 08 00 DD
  1C 6F 76 C5 6A 90


[12:15:42.926] Device: DXCMsm  [DF:9C:88:B9:57:32]
RSSI: -83 dBm
Service UUIDs:
  0000febc-0000-1000-8000-00805f9b34fb
Manufacturer Data:
  Company ID: 0x00D0 (208)
  Data (4 bytes): 2E 6A 00 04
Raw AD (62 bytes):
  02 01 06 07 09 44 58 43 4D 73 6D 03 02 BC FE 07
  FF D0 00 2E 6A 00 04 00 00 00 00 00 00 00 00 00
  00 00 00 00 00 00 00 00 00 00 00 00 00 00 00 00
  00 00 00 00 00 00 00 00 00 00 00 00 00 00
AD Structures:
  [type=0x01 len=2] Flags: 06
  [type=0x09 len=7] Complete Name: 44 58 43 4D 73 6D
  [type=0x02 len=3] Type 2: BC FE
  [type=0xFF len=7] Manufacturer Data: D0 00 2E 6A 00 04


[12:15:42.927] ========== OMNIPOD FOUND ==========
Device: AP FFFFFFFE 0E9984B100097C25  [34:3C:30:C9:64:BD]
RSSI: -87 dBm
Service UUIDs:
  ce1f923d-c539-48ea-7300-0afffffffe00  <-- OMNIPOD SCAN UUID
    UUID LE bytes: 00 FE FF FF FF 0A 00 73 EA 48 39 C5 3D 92 1F CE
    Profile ID: 10 (VALID)
    Pod ID base: 0xFFFFFFFE (4294967294)  [UNPAIRED]
Manufacturer Data:
  Company ID: 0x0360 (864)
  Data (5 bytes): 00 00 00 00 00
  --- Omnipod decode ---
    Pod ID adj bits: 0
    Alarm code: 0x00
    Alert code: 0x00
    Service type: 0x2470 (NO_DATA (default))
Raw AD (62 bytes):
  02 01 06 11 06 00 FE FF FF FF 0A 00 73 EA 48 39
  C5 3D 92 1F CE 08 FF 60 03 00 00 00 00 00 1D 09
  41 50 20 46 46 46 46 46 46 46 45 20 30 45 39 39
  38 34 42 31 30 30 30 39 37 43 32 35 00 00
AD Structures:
  [type=0x01 len=2] Flags: 06
  [type=0x06 len=17] Incomplete 128-bit UUIDs: 00 FE FF FF FF 0A 00 73 EA 48 39 C5 3D 92 1F CE
  [type=0xFF len=8] Manufacturer Data: 60 03 00 00 00 00 00
  [type=0x09 len=29] Complete Name: 41 50 20 46 46 46 46 46 46 46 45 20 30 45 39 39
  38 34 42 31 30 30 30 39 37 43 32 35
====================================


[12:15:42.974] Device: (no name)  [C2:49:52:5E:D1:54]
RSSI: -68 dBm
Manufacturer Data:
  Company ID: 0x004C (76)
  Data (4 bytes): 12 02 00 03
Raw AD (62 bytes):
  07 FF 4C 00 12 02 00 03 00 00 00 00 00 00 00 00
  00 00 00 00 00 00 00 00 00 00 00 00 00 00 00 00
  00 00 00 00 00 00 00 00 00 00 00 00 00 00 00 00
  00 00 00 00 00 00 00 00 00 00 00 00 00 00
AD Structures:
  [type=0xFF len=7] Manufacturer Data: 4C 00 12 02 00 03


[12:15:43.530] Device: (no name)  [4F:C1:41:01:1E:86]
RSSI: -91 dBm
Manufacturer Data:
  Company ID: 0x004C (76)
  Data (8 bytes): 10 06 07 1D 6A 18 0C 78
Raw AD (62 bytes):
  02 01 1A 02 0A 0B 0B FF 4C 00 10 06 07 1D 6A 18
  0C 78 00 00 00 00 00 00 00 00 00 00 00 00 00 00
  00 00 00 00 00 00 00 00 00 00 00 00 00 00 00 00
  00 00 00 00 00 00 00 00 00 00 00 00 00 00
AD Structures:
  [type=0x01 len=2] Flags: 1A
  [type=0x0A len=2] Type 10: 0B
  [type=0xFF len=11] Manufacturer Data: 4C 00 10 06 07 1D 6A 18 0C 78


[12:15:43.619] Device: Govee_H6072_388C  [C2:36:39:34:38:8C]
RSSI: -67 dBm
Manufacturer Data:
  Company ID: 0x8802 (34818)
  Data (5 bytes): EC 00 02 01 01
Raw AD (62 bytes):
  02 01 06 11 09 47 6F 76 65 65 5F 48 36 30 37 32
  5F 33 38 38 43 08 FF 02 88 EC 00 02 01 01 11 09
  47 6F 76 65 65 5F 48 36 30 37 32 5F 33 38 38 43
  00 00 00 00 00 00 00 00 00 00 00 00 00 00
AD Structures:
  [type=0x01 len=2] Flags: 06
  [type=0x09 len=17] Complete Name: 47 6F 76 65 65 5F 48 36 30 37 32 5F 33 38 38 43
  [type=0xFF len=8] Manufacturer Data: 02 88 EC 00 02 01 01
  [type=0x09 len=17] Complete Name: 47 6F 76 65 65 5F 48 36 30 37 32 5F 33 38 38 43


[12:15:43.696] Device: Govee_H6072_5288  [C8:36:39:34:52:88]
RSSI: -45 dBm
Manufacturer Data:
  Company ID: 0x8802 (34818)
  Data (5 bytes): EC 00 02 01 01
Raw AD (62 bytes):
  02 01 06 11 09 47 6F 76 65 65 5F 48 36 30 37 32
  5F 35 32 38 38 08 FF 02 88 EC 00 02 01 01 11 09
  47 6F 76 65 65 5F 48 36 30 37 32 5F 35 32 38 38
  00 00 00 00 00 00 00 00 00 00 00 00 00 00
AD Structures:
  [type=0x01 len=2] Flags: 06
  [type=0x09 len=17] Complete Name: 47 6F 76 65 65 5F 48 36 30 37 32 5F 35 32 38 38
  [type=0xFF len=8] Manufacturer Data: 02 88 EC 00 02 01 01
  [type=0x09 len=17] Complete Name: 47 6F 76 65 65 5F 48 36 30 37 32 5F 35 32 38 38


[12:15:44.361] Device: (no name)  [78:91:05:7F:A3:36]
RSSI: -63 dBm
Manufacturer Data:
  Company ID: 0x004C (76)
  Data (20 bytes): 09 08 13 12 C0 A8 01 74 1B 58 16 08 00 2F B4 6D
  4F FE B8 B5
Raw AD (62 bytes):
  02 01 1A 17 FF 4C 00 09 08 13 12 C0 A8 01 74 1B
  58 16 08 00 2F B4 6D 4F FE B8 B5 00 00 00 00 00
  00 00 00 00 00 00 00 00 00 00 00 00 00 00 00 00
  00 00 00 00 00 00 00 00 00 00 00 00 00 00
AD Structures:
  [type=0x01 len=2] Flags: 1A
  [type=0xFF len=23] Manufacturer Data: 4C 00 09 08 13 12 C0 A8 01 74 1B 58 16 08 00 2F
  B4 6D 4F FE B8 B5


[12:15:44.441] Device: (no name)  [EA:12:E7:31:48:8D]
RSSI: -93 dBm
Manufacturer Data:
  Company ID: 0x004C (76)
  Data (4 bytes): 12 02 00 00
Raw AD (62 bytes):
  07 FF 4C 00 12 02 00 00 00 00 00 00 00 00 00 00
  00 00 00 00 00 00 00 00 00 00 00 00 00 00 00 00
  00 00 00 00 00 00 00 00 00 00 00 00 00 00 00 00
  00 00 00 00 00 00 00 00 00 00 00 00 00 00
AD Structures:
  [type=0xFF len=7] Manufacturer Data: 4C 00 12 02 00 00


[12:15:44.467] ========== OMNIPOD FOUND ==========
Device: AP FFFFFFFE 0E9984B100097C25  [34:3C:30:C9:64:BD]
RSSI: -91 dBm
Service UUIDs:
  ce1f923d-c539-48ea-7300-0afffffffe00  <-- OMNIPOD SCAN UUID
    UUID LE bytes: 00 FE FF FF FF 0A 00 73 EA 48 39 C5 3D 92 1F CE
    Profile ID: 10 (VALID)
    Pod ID base: 0xFFFFFFFE (4294967294)  [UNPAIRED]
Manufacturer Data:
  Company ID: 0x0360 (864)
  Data (5 bytes): 00 00 00 00 00
  --- Omnipod decode ---
    Pod ID adj bits: 0
    Alarm code: 0x00
    Alert code: 0x00
    Service type: 0x2470 (NO_DATA (default))
Raw AD (62 bytes):
  02 01 06 11 06 00 FE FF FF FF 0A 00 73 EA 48 39
  C5 3D 92 1F CE 08 FF 60 03 00 00 00 00 00 1D 09
  41 50 20 46 46 46 46 46 46 46 45 20 30 45 39 39
  38 34 42 31 30 30 30 39 37 43 32 35 00 00
AD Structures:
  [type=0x01 len=2] Flags: 06
  [type=0x06 len=17] Incomplete 128-bit UUIDs: 00 FE FF FF FF 0A 00 73 EA 48 39 C5 3D 92 1F CE
  [type=0xFF len=8] Manufacturer Data: 60 03 00 00 00 00 00
  [type=0x09 len=29] Complete Name: 41 50 20 46 46 46 46 46 46 46 45 20 30 45 39 39
  38 34 42 31 30 30 30 39 37 43 32 35
====================================


[12:15:44.540] Device: (no name)  [72:11:60:B7:9E:7B]
RSSI: -91 dBm
Manufacturer Data:
  Company ID: 0x004C (76)
  Data (25 bytes): 10 06 76 1E 61 A1 6E 3F 01 00 00 00 00 00 00 00
  00 00 00 00 00 80 00 00 00
Raw AD (62 bytes):
  02 01 1A 02 0A 0C 0B FF 4C 00 10 06 76 1E 61 A1
  6E 3F 14 FF 4C 00 01 00 00 00 00 00 00 00 00 00
  00 00 00 80 00 00 00 00 00 00 00 00 00 00 00 00
  00 00 00 00 00 00 00 00 00 00 00 00 00 00
AD Structures:
  [type=0x01 len=2] Flags: 1A
  [type=0x0A len=2] Type 10: 0C
  [type=0xFF len=11] Manufacturer Data: 4C 00 10 06 76 1E 61 A1 6E 3F
  [type=0xFF len=20] Manufacturer Data: 4C 00 01 00 00 00 00 00 00 00 00 00 00 00 00 80
  00 00 00


[12:15:45.211] ========== OMNIPOD FOUND ==========
Device: AP FFFFFFFE 0E9984B100097C25  [34:3C:30:C9:64:BD]
RSSI: -89 dBm
Service UUIDs:
  ce1f923d-c539-48ea-7300-0afffffffe00  <-- OMNIPOD SCAN UUID
    UUID LE bytes: 00 FE FF FF FF 0A 00 73 EA 48 39 C5 3D 92 1F CE
    Profile ID: 10 (VALID)
    Pod ID base: 0xFFFFFFFE (4294967294)  [UNPAIRED]
Manufacturer Data:
  Company ID: 0x0360 (864)
  Data (5 bytes): 00 00 00 00 00
  --- Omnipod decode ---
    Pod ID adj bits: 0
    Alarm code: 0x00
    Alert code: 0x00
    Service type: 0x2470 (NO_DATA (default))
Raw AD (62 bytes):
  02 01 06 11 06 00 FE FF FF FF 0A 00 73 EA 48 39
  C5 3D 92 1F CE 08 FF 60 03 00 00 00 00 00 1D 09
  41 50 20 46 46 46 46 46 46 46 45 20 30 45 39 39
  38 34 42 31 30 30 30 39 37 43 32 35 00 00
AD Structures:
  [type=0x01 len=2] Flags: 06
  [type=0x06 len=17] Incomplete 128-bit UUIDs: 00 FE FF FF FF 0A 00 73 EA 48 39 C5 3D 92 1F CE
  [type=0xFF len=8] Manufacturer Data: 60 03 00 00 00 00 00
  [type=0x09 len=29] Complete Name: 41 50 20 46 46 46 46 46 46 46 45 20 30 45 39 39
  38 34 42 31 30 30 30 39 37 43 32 35
====================================


[12:15:45.793] Device: (no name)  [41:8A:5B:9D:FC:0D]
RSSI: -88 dBm
Manufacturer Data:
  Company ID: 0x004C (76)
  Data (10 bytes): 16 08 00 A0 25 B8 27 AF 10 DB
Raw AD (62 bytes):
  02 01 1A 0D FF 4C 00 16 08 00 A0 25 B8 27 AF 10
  DB 00 00 00 00 00 00 00 00 00 00 00 00 00 00 00
  00 00 00 00 00 00 00 00 00 00 00 00 00 00 00 00
  00 00 00 00 00 00 00 00 00 00 00 00 00 00
AD Structures:
  [type=0x01 len=2] Flags: 1A
  [type=0xFF len=13] Manufacturer Data: 4C 00 16 08 00 A0 25 B8 27 AF 10 DB


[12:15:45.855] Device: Oura Ring 4  [6F:BA:14:42:72:49]
RSSI: -64 dBm
Service UUIDs:
  98ed0001-a541-11e4-b6a0-0002a5d5c51b
Manufacturer Data:
  Company ID: 0x02B2 (690)
  Data (4 bytes): 04 60 49 01
Raw AD (62 bytes):
  02 01 05 11 06 1B C5 D5 A5 02 00 A0 B6 E4 11 41
  A5 01 00 ED 98 07 FF B2 02 04 60 49 01 0C 09 4F
  75 72 61 20 52 69 6E 67 20 34 00 00 00 00 00 00
  00 00 00 00 00 00 00 00 00 00 00 00 00 00
AD Structures:
  [type=0x01 len=2] Flags: 05
  [type=0x06 len=17] Incomplete 128-bit UUIDs: 1B C5 D5 A5 02 00 A0 B6 E4 11 41 A5 01 00 ED 98
  [type=0xFF len=7] Manufacturer Data: B2 02 04 60 49 01
  [type=0x09 len=12] Complete Name: 4F 75 72 61 20 52 69 6E 67 20 34


[12:15:47.322] Device: Core300s  [10:97:BD:46:6F:C2]
RSSI: -70 dBm
Manufacturer Data:
  Company ID: 0x06D0 (1744)
  Data (12 bytes): 01 C2 6F 46 BD 97 10 C6 2E 02 02 00
Raw AD (62 bytes):
  02 01 06 0F FF D0 06 01 C2 6F 46 BD 97 10 C6 2E
  02 02 00 09 09 43 6F 72 65 33 30 30 73 00 00 00
  00 00 00 00 00 00 00 00 00 00 00 00 00 00 00 00
  00 00 00 00 00 00 00 00 00 00 00 00 00 00
AD Structures:
  [type=0x01 len=2] Flags: 06
  [type=0xFF len=15] Manufacturer Data: D0 06 01 C2 6F 46 BD 97 10 C6 2E 02 02 00
  [type=0x09 len=9] Complete Name: 43 6F 72 65 33 30 30 73


[12:15:47.436] Device: (no name)  [CD:FE:BC:39:68:57]
RSSI: -98 dBm
Manufacturer Data:
  Company ID: 0x004C (76)
  Data (4 bytes): 12 02 00 02
Raw AD (62 bytes):
  07 FF 4C 00 12 02 00 02 00 00 00 00 00 00 00 00
  00 00 00 00 00 00 00 00 00 00 00 00 00 00 00 00
  00 00 00 00 00 00 00 00 00 00 00 00 00 00 00 00
  00 00 00 00 00 00 00 00 00 00 00 00 00 00
AD Structures:
  [type=0xFF len=7] Manufacturer Data: 4C 00 12 02 00 02


[12:15:55.259] Device: (no name)  [CB:70:78:9E:A4:D8]
RSSI: -57 dBm
Manufacturer Data:
  Company ID: 0x004C (76)
  Data (23 bytes): 12 02 6A 01 07 11 06 F7 EB 85 08 2B DD A8 D5 67
  D9 0D 02 7F C4 15 B7
Raw AD (62 bytes):
  1A FF 4C 00 12 02 6A 01 07 11 06 F7 EB 85 08 2B
  DD A8 D5 67 D9 0D 02 7F C4 15 B7 00 00 00 00 00
  00 00 00 00 00 00 00 00 00 00 00 00 00 00 00 00
  00 00 00 00 00 00 00 00 00 00 00 00 00 00
AD Structures:
  [type=0xFF len=26] Manufacturer Data: 4C 00 12 02 6A 01 07 11 06 F7 EB 85 08 2B DD A8
  D5 67 D9 0D 02 7F C4 15 B7


[12:15:55.943] ========== OMNIPOD FOUND ==========
Device: AP FFFFFFFE 0E9984B100097C25  [34:3C:30:C9:64:BD]
RSSI: -88 dBm
Service UUIDs:
  ce1f923d-c539-48ea-7300-0afffffffe00  <-- OMNIPOD SCAN UUID
    UUID LE bytes: 00 FE FF FF FF 0A 00 73 EA 48 39 C5 3D 92 1F CE
    Profile ID: 10 (VALID)
    Pod ID base: 0xFFFFFFFE (4294967294)  [UNPAIRED]
Manufacturer Data:
  Company ID: 0x0360 (864)
  Data (5 bytes): 00 00 00 00 00
  --- Omnipod decode ---
    Pod ID adj bits: 0
    Alarm code: 0x00
    Alert code: 0x00
    Service type: 0x2470 (NO_DATA (default))
Raw AD (62 bytes):
  02 01 06 11 06 00 FE FF FF FF 0A 00 73 EA 48 39
  C5 3D 92 1F CE 08 FF 60 03 00 00 00 00 00 1D 09
  41 50 20 46 46 46 46 46 46 46 45 20 30 45 39 39
  38 34 42 31 30 30 30 39 37 43 32 35 00 00
AD Structures:
  [type=0x01 len=2] Flags: 06
  [type=0x06 len=17] Incomplete 128-bit UUIDs: 00 FE FF FF FF 0A 00 73 EA 48 39 C5 3D 92 1F CE
  [type=0xFF len=8] Manufacturer Data: 60 03 00 00 00 00 00
  [type=0x09 len=29] Complete Name: 41 50 20 46 46 46 46 46 46 46 45 20 30 45 39 39
  38 34 42 31 30 30 30 39 37 43 32 35
====================================


[12:15:56.716] ========== OMNIPOD FOUND ==========
Device: AP FFFFFFFE 0E9984B100097C25  [34:3C:30:C9:64:BD]
RSSI: -92 dBm
Service UUIDs:
  ce1f923d-c539-48ea-7300-0afffffffe00  <-- OMNIPOD SCAN UUID
    UUID LE bytes: 00 FE FF FF FF 0A 00 73 EA 48 39 C5 3D 92 1F CE
    Profile ID: 10 (VALID)
    Pod ID base: 0xFFFFFFFE (4294967294)  [UNPAIRED]
Manufacturer Data:
  Company ID: 0x0360 (864)
  Data (5 bytes): 00 00 00 00 00
  --- Omnipod decode ---
    Pod ID adj bits: 0
    Alarm code: 0x00
    Alert code: 0x00
    Service type: 0x2470 (NO_DATA (default))
Raw AD (62 bytes):
  02 01 06 11 06 00 FE FF FF FF 0A 00 73 EA 48 39
  C5 3D 92 1F CE 08 FF 60 03 00 00 00 00 00 1D 09
  41 50 20 46 46 46 46 46 46 46 45 20 30 45 39 39
  38 34 42 31 30 30 30 39 37 43 32 35 00 00
AD Structures:
  [type=0x01 len=2] Flags: 06
  [type=0x06 len=17] Incomplete 128-bit UUIDs: 00 FE FF FF FF 0A 00 73 EA 48 39 C5 3D 92 1F CE
  [type=0xFF len=8] Manufacturer Data: 60 03 00 00 00 00 00
  [type=0x09 len=29] Complete Name: 41 50 20 46 46 46 46 46 46 46 45 20 30 45 39 39
  38 34 42 31 30 30 30 39 37 43 32 35
====================================


[12:15:57.482] ========== OMNIPOD FOUND ==========
Device: AP FFFFFFFE 0E9984B100097C25  [34:3C:30:C9:64:BD]
RSSI: -90 dBm
Service UUIDs:
  ce1f923d-c539-48ea-7300-0afffffffe00  <-- OMNIPOD SCAN UUID
    UUID LE bytes: 00 FE FF FF FF 0A 00 73 EA 48 39 C5 3D 92 1F CE
    Profile ID: 10 (VALID)
    Pod ID base: 0xFFFFFFFE (4294967294)  [UNPAIRED]
Manufacturer Data:
  Company ID: 0x0360 (864)
  Data (5 bytes): 00 00 00 00 00
  --- Omnipod decode ---
    Pod ID adj bits: 0
    Alarm code: 0x00
    Alert code: 0x00
    Service type: 0x2470 (NO_DATA (default))
Raw AD (62 bytes):
  02 01 06 11 06 00 FE FF FF FF 0A 00 73 EA 48 39
  C5 3D 92 1F CE 08 FF 60 03 00 00 00 00 00 1D 09
  41 50 20 46 46 46 46 46 46 46 45 20 30 45 39 39
  38 34 42 31 30 30 30 39 37 43 32 35 00 00
AD Structures:
  [type=0x01 len=2] Flags: 06
  [type=0x06 len=17] Incomplete 128-bit UUIDs: 00 FE FF FF FF 0A 00 73 EA 48 39 C5 3D 92 1F CE
  [type=0xFF len=8] Manufacturer Data: 60 03 00 00 00 00 00
  [type=0x09 len=29] Complete Name: 41 50 20 46 46 46 46 46 46 46 45 20 30 45 39 39
  38 34 42 31 30 30 30 39 37 43 32 35
====================================


[12:15:58.246] ========== OMNIPOD FOUND ==========
Device: AP FFFFFFFE 0E9984B100097C25  [34:3C:30:C9:64:BD]
RSSI: -88 dBm
Service UUIDs:
  ce1f923d-c539-48ea-7300-0afffffffe00  <-- OMNIPOD SCAN UUID
    UUID LE bytes: 00 FE FF FF FF 0A 00 73 EA 48 39 C5 3D 92 1F CE
    Profile ID: 10 (VALID)
    Pod ID base: 0xFFFFFFFE (4294967294)  [UNPAIRED]
Manufacturer Data:
  Company ID: 0x0360 (864)
  Data (5 bytes): 00 00 00 00 00
  --- Omnipod decode ---
    Pod ID adj bits: 0
    Alarm code: 0x00
    Alert code: 0x00
    Service type: 0x2470 (NO_DATA (default))
Raw AD (62 bytes):
  02 01 06 11 06 00 FE FF FF FF 0A 00 73 EA 48 39
  C5 3D 92 1F CE 08 FF 60 03 00 00 00 00 00 1D 09
  41 50 20 46 46 46 46 46 46 46 45 20 30 45 39 39
  38 34 42 31 30 30 30 39 37 43 32 35 00 00
AD Structures:
  [type=0x01 len=2] Flags: 06
  [type=0x06 len=17] Incomplete 128-bit UUIDs: 00 FE FF FF FF 0A 00 73 EA 48 39 C5 3D 92 1F CE
  [type=0xFF len=8] Manufacturer Data: 60 03 00 00 00 00 00
  [type=0x09 len=29] Complete Name: 41 50 20 46 46 46 46 46 46 46 45 20 30 45 39 39
  38 34 42 31 30 30 30 39 37 43 32 35
====================================


[12:15:59.005] ========== OMNIPOD FOUND ==========
Device: AP FFFFFFFE 0E9984B100097C25  [34:3C:30:C9:64:BD]
RSSI: -87 dBm
Service UUIDs:
  ce1f923d-c539-48ea-7300-0afffffffe00  <-- OMNIPOD SCAN UUID
    UUID LE bytes: 00 FE FF FF FF 0A 00 73 EA 48 39 C5 3D 92 1F CE
    Profile ID: 10 (VALID)
    Pod ID base: 0xFFFFFFFE (4294967294)  [UNPAIRED]
Manufacturer Data:
  Company ID: 0x0360 (864)
  Data (5 bytes): 00 00 00 00 00
  --- Omnipod decode ---
    Pod ID adj bits: 0
    Alarm code: 0x00
    Alert code: 0x00
    Service type: 0x2470 (NO_DATA (default))
Raw AD (62 bytes):
  02 01 06 11 06 00 FE FF FF FF 0A 00 73 EA 48 39
  C5 3D 92 1F CE 08 FF 60 03 00 00 00 00 00 1D 09
  41 50 20 46 46 46 46 46 46 46 45 20 30 45 39 39
  38 34 42 31 30 30 30 39 37 43 32 35 00 00
AD Structures:
  [type=0x01 len=2] Flags: 06
  [type=0x06 len=17] Incomplete 128-bit UUIDs: 00 FE FF FF FF 0A 00 73 EA 48 39 C5 3D 92 1F CE
  [type=0xFF len=8] Manufacturer Data: 60 03 00 00 00 00 00
  [type=0x09 len=29] Complete Name: 41 50 20 46 46 46 46 46 46 46 45 20 30 45 39 39
  38 34 42 31 30 30 30 39 37 43 32 35
====================================


[12:15:59.683] Device: (no name)  [5B:98:DD:34:E2:E3]
RSSI: -91 dBm
Manufacturer Data:
  Company ID: 0x004C (76)
  Data (20 bytes): 09 08 13 3F C0 A8 01 91 1B 58 16 08 00 DD DF 7F
  DC 72 4A 99
Raw AD (62 bytes):
  02 01 1A 17 FF 4C 00 09 08 13 3F C0 A8 01 91 1B
  58 16 08 00 DD DF 7F DC 72 4A 99 00 00 00 00 00
  00 00 00 00 00 00 00 00 00 00 00 00 00 00 00 00
  00 00 00 00 00 00 00 00 00 00 00 00 00 00
AD Structures:
  [type=0x01 len=2] Flags: 1A
  [type=0xFF len=23] Manufacturer Data: 4C 00 09 08 13 3F C0 A8 01 91 1B 58 16 08 00 DD
  DF 7F DC 72 4A 99


[12:16:05.526] Device: SugarPixel-Oben  [78:1C:3C:EF:B4:4E]
RSSI: -96 dBm
Raw AD (62 bytes):
  02 01 06 10 09 53 75 67 61 72 50 69 78 65 6C 2D
  4F 62 65 6E 00 00 00 00 00 00 00 00 00 00 00 00
  00 00 00 00 00 00 00 00 00 00 00 00 00 00 00 00
  00 00 00 00 00 00 00 00 00 00 00 00 00 00
AD Structures:
  [type=0x01 len=2] Flags: 06
  [type=0x09 len=16] Complete Name: 53 75 67 61 72 50 69 78 65 6C 2D 4F 62 65 6E


[12:16:05.680] Device: (no name)  [5D:39:08:B8:15:F0]
RSSI: -100 dBm
Manufacturer Data:
  Company ID: 0x004C (76)
  Data (9 bytes): 10 07 34 1F B6 0A 98 D1 18
Raw AD (62 bytes):
  02 01 1A 0C FF 4C 00 10 07 34 1F B6 0A 98 D1 18
  02 0A 00 00 00 00 00 00 00 00 00 00 00 00 00 00
  00 00 00 00 00 00 00 00 00 00 00 00 00 00 00 00
  00 00 00 00 00 00 00 00 00 00 00 00 00 00
AD Structures:
  [type=0x01 len=2] Flags: 1A
  [type=0xFF len=12] Manufacturer Data: 4C 00 10 07 34 1F B6 0A 98 D1 18
  [type=0x0A len=2] Type 10: 00


[12:16:13.555] ========== OMNIPOD FOUND ==========
Device: AP FFFFFFFE 0E9984B100097C25  [34:3C:30:C9:64:BD]
RSSI: -86 dBm
Service UUIDs:
  ce1f923d-c539-48ea-7300-0afffffffe00  <-- OMNIPOD SCAN UUID
    UUID LE bytes: 00 FE FF FF FF 0A 00 73 EA 48 39 C5 3D 92 1F CE
    Profile ID: 10 (VALID)
    Pod ID base: 0xFFFFFFFE (4294967294)  [UNPAIRED]
Manufacturer Data:
  Company ID: 0x0360 (864)
  Data (5 bytes): 00 00 00 00 00
  --- Omnipod decode ---
    Pod ID adj bits: 0
    Alarm code: 0x00
    Alert code: 0x00
    Service type: 0x2470 (NO_DATA (default))
Raw AD (62 bytes):
  02 01 06 11 06 00 FE FF FF FF 0A 00 73 EA 48 39
  C5 3D 92 1F CE 08 FF 60 03 00 00 00 00 00 1D 09
  41 50 20 46 46 46 46 46 46 46 45 20 30 45 39 39
  38 34 42 31 30 30 30 39 37 43 32 35 00 00
AD Structures:
  [type=0x01 len=2] Flags: 06
  [type=0x06 len=17] Incomplete 128-bit UUIDs: 00 FE FF FF FF 0A 00 73 EA 48 39 C5 3D 92 1F CE
  [type=0xFF len=8] Manufacturer Data: 60 03 00 00 00 00 00
  [type=0x09 len=29] Complete Name: 41 50 20 46 46 46 46 46 46 46 45 20 30 45 39 39
  38 34 42 31 30 30 30 39 37 43 32 35
====================================


[12:16:14.281] ========== OMNIPOD FOUND ==========
Device: AP FFFFFFFE 0E9984B100097C25  [34:3C:30:C9:64:BD]
RSSI: -88 dBm
Service UUIDs:
  ce1f923d-c539-48ea-7300-0afffffffe00  <-- OMNIPOD SCAN UUID
    UUID LE bytes: 00 FE FF FF FF 0A 00 73 EA 48 39 C5 3D 92 1F CE
    Profile ID: 10 (VALID)
    Pod ID base: 0xFFFFFFFE (4294967294)  [UNPAIRED]
Manufacturer Data:
  Company ID: 0x0360 (864)
  Data (5 bytes): 00 00 00 00 00
  --- Omnipod decode ---
    Pod ID adj bits: 0
    Alarm code: 0x00
    Alert code: 0x00
    Service type: 0x2470 (NO_DATA (default))
Raw AD (62 bytes):
  02 01 06 11 06 00 FE FF FF FF 0A 00 73 EA 48 39
  C5 3D 92 1F CE 08 FF 60 03 00 00 00 00 00 1D 09
  41 50 20 46 46 46 46 46 46 46 45 20 30 45 39 39
  38 34 42 31 30 30 30 39 37 43 32 35 00 00
AD Structures:
  [type=0x01 len=2] Flags: 06
  [type=0x06 len=17] Incomplete 128-bit UUIDs: 00 FE FF FF FF 0A 00 73 EA 48 39 C5 3D 92 1F CE
  [type=0xFF len=8] Manufacturer Data: 60 03 00 00 00 00 00
  [type=0x09 len=29] Complete Name: 41 50 20 46 46 46 46 46 46 46 45 20 30 45 39 39
  38 34 42 31 30 30 30 39 37 43 32 35
====================================


[12:16:15.058] ========== OMNIPOD FOUND ==========
Device: AP FFFFFFFE 0E9984B100097C25  [34:3C:30:C9:64:BD]
RSSI: -91 dBm
Service UUIDs:
  ce1f923d-c539-48ea-7300-0afffffffe00  <-- OMNIPOD SCAN UUID
    UUID LE bytes: 00 FE FF FF FF 0A 00 73 EA 48 39 C5 3D 92 1F CE
    Profile ID: 10 (VALID)
    Pod ID base: 0xFFFFFFFE (4294967294)  [UNPAIRED]
Manufacturer Data:
  Company ID: 0x0360 (864)
  Data (5 bytes): 00 00 00 00 00
  --- Omnipod decode ---
    Pod ID adj bits: 0
    Alarm code: 0x00
    Alert code: 0x00
    Service type: 0x2470 (NO_DATA (default))
Raw AD (62 bytes):
  02 01 06 11 06 00 FE FF FF FF 0A 00 73 EA 48 39
  C5 3D 92 1F CE 08 FF 60 03 00 00 00 00 00 1D 09
  41 50 20 46 46 46 46 46 46 46 45 20 30 45 39 39
  38 34 42 31 30 30 30 39 37 43 32 35 00 00
AD Structures:
  [type=0x01 len=2] Flags: 06
  [type=0x06 len=17] Incomplete 128-bit UUIDs: 00 FE FF FF FF 0A 00 73 EA 48 39 C5 3D 92 1F CE
  [type=0xFF len=8] Manufacturer Data: 60 03 00 00 00 00 00
  [type=0x09 len=29] Complete Name: 41 50 20 46 46 46 46 46 46 46 45 20 30 45 39 39
  38 34 42 31 30 30 30 39 37 43 32 35
====================================


[12:16:16.551] Device: (no name)  [6B:A0:10:DC:67:AD]
RSSI: -94 dBm
Manufacturer Data:
  Company ID: 0x004C (76)
  Data (26 bytes): 10 07 38 1F 28 22 5B B1 38 01 00 00 00 00 00 00
  00 00 00 00 00 00 80 00 00 00
Raw AD (62 bytes):
  02 01 1A 02 0A 08 0C FF 4C 00 10 07 38 1F 28 22
  5B B1 38 14 FF 4C 00 01 00 00 00 00 00 00 00 00
  00 00 00 00 80 00 00 00 00 00 00 00 00 00 00 00
  00 00 00 00 00 00 00 00 00 00 00 00 00 00
AD Structures:
  [type=0x01 len=2] Flags: 1A
  [type=0x0A len=2] Type 10: 08
  [type=0xFF len=12] Manufacturer Data: 4C 00 10 07 38 1F 28 22 5B B1 38
  [type=0xFF len=20] Manufacturer Data: 4C 00 01 00 00 00 00 00 00 00 00 00 00 00 00 80
  00 00 00


[12:16:16.669] ========== OMNIPOD FOUND ==========
Device: AP FFFFFFFE 0E9984B100097C25  [34:3C:30:C9:64:BD]
RSSI: -82 dBm
Service UUIDs:
  ce1f923d-c539-48ea-7300-0afffffffe00  <-- OMNIPOD SCAN UUID
    UUID LE bytes: 00 FE FF FF FF 0A 00 73 EA 48 39 C5 3D 92 1F CE
    Profile ID: 10 (VALID)
    Pod ID base: 0xFFFFFFFE (4294967294)  [UNPAIRED]
Manufacturer Data:
  Company ID: 0x0360 (864)
  Data (5 bytes): 00 00 00 00 00
  --- Omnipod decode ---
    Pod ID adj bits: 0
    Alarm code: 0x00
    Alert code: 0x00
    Service type: 0x2470 (NO_DATA (default))
Raw AD (62 bytes):
  02 01 06 11 06 00 FE FF FF FF 0A 00 73 EA 48 39
  C5 3D 92 1F CE 08 FF 60 03 00 00 00 00 00 1D 09
  41 50 20 46 46 46 46 46 46 46 45 20 30 45 39 39
  38 34 42 31 30 30 30 39 37 43 32 35 00 00
AD Structures:
  [type=0x01 len=2] Flags: 06
  [type=0x06 len=17] Incomplete 128-bit UUIDs: 00 FE FF FF FF 0A 00 73 EA 48 39 C5 3D 92 1F CE
  [type=0xFF len=8] Manufacturer Data: 60 03 00 00 00 00 00
  [type=0x09 len=29] Complete Name: 41 50 20 46 46 46 46 46 46 46 45 20 30 45 39 39
  38 34 42 31 30 30 30 39 37 43 32 35
====================================


[12:16:17.319] Device: (no name)  [F5:71:11:50:2E:0C]
RSSI: -95 dBm
Manufacturer Data:
  Company ID: 0x004C (76)
  Data (4 bytes): 12 02 00 03
Raw AD (62 bytes):
  07 FF 4C 00 12 02 00 03 00 00 00 00 00 00 00 00
  00 00 00 00 00 00 00 00 00 00 00 00 00 00 00 00
  00 00 00 00 00 00 00 00 00 00 00 00 00 00 00 00
  00 00 00 00 00 00 00 00 00 00 00 00 00 00
AD Structures:
  [type=0xFF len=7] Manufacturer Data: 4C 00 12 02 00 03


[12:16:28.098] ========== OMNIPOD FOUND ==========
Device: AP FFFFFFFE 0E9984B100097C25  [34:3C:30:C9:64:BD]
RSSI: -88 dBm
Service UUIDs:
  ce1f923d-c539-48ea-7300-0afffffffe00  <-- OMNIPOD SCAN UUID
    UUID LE bytes: 00 FE FF FF FF 0A 00 73 EA 48 39 C5 3D 92 1F CE
    Profile ID: 10 (VALID)
    Pod ID base: 0xFFFFFFFE (4294967294)  [UNPAIRED]
Manufacturer Data:
  Company ID: 0x0360 (864)
  Data (5 bytes): 00 00 00 00 00
  --- Omnipod decode ---
    Pod ID adj bits: 0
    Alarm code: 0x00
    Alert code: 0x00
    Service type: 0x2470 (NO_DATA (default))
Raw AD (62 bytes):
  02 01 06 11 06 00 FE FF FF FF 0A 00 73 EA 48 39
  C5 3D 92 1F CE 08 FF 60 03 00 00 00 00 00 1D 09
  41 50 20 46 46 46 46 46 46 46 45 20 30 45 39 39
  38 34 42 31 30 30 30 39 37 43 32 35 00 00
AD Structures:
  [type=0x01 len=2] Flags: 06
  [type=0x06 len=17] Incomplete 128-bit UUIDs: 00 FE FF FF FF 0A 00 73 EA 48 39 C5 3D 92 1F CE
  [type=0xFF len=8] Manufacturer Data: 60 03 00 00 00 00 00
  [type=0x09 len=29] Complete Name: 41 50 20 46 46 46 46 46 46 46 45 20 30 45 39 39
  38 34 42 31 30 30 30 39 37 43 32 35
====================================


[12:16:29.614] ========== OMNIPOD FOUND ==========
Device: AP FFFFFFFE 0E9984B100097C25  [34:3C:30:C9:64:BD]
RSSI: -89 dBm
Service UUIDs:
  ce1f923d-c539-48ea-7300-0afffffffe00  <-- OMNIPOD SCAN UUID
    UUID LE bytes: 00 FE FF FF FF 0A 00 73 EA 48 39 C5 3D 92 1F CE
    Profile ID: 10 (VALID)
    Pod ID base: 0xFFFFFFFE (4294967294)  [UNPAIRED]
Manufacturer Data:
  Company ID: 0x0360 (864)
  Data (5 bytes): 00 00 00 00 00
  --- Omnipod decode ---
    Pod ID adj bits: 0
    Alarm code: 0x00
    Alert code: 0x00
    Service type: 0x2470 (NO_DATA (default))
Raw AD (62 bytes):
  02 01 06 11 06 00 FE FF FF FF 0A 00 73 EA 48 39
  C5 3D 92 1F CE 08 FF 60 03 00 00 00 00 00 1D 09
  41 50 20 46 46 46 46 46 46 46 45 20 30 45 39 39
  38 34 42 31 30 30 30 39 37 43 32 35 00 00
AD Structures:
  [type=0x01 len=2] Flags: 06
  [type=0x06 len=17] Incomplete 128-bit UUIDs: 00 FE FF FF FF 0A 00 73 EA 48 39 C5 3D 92 1F CE
  [type=0xFF len=8] Manufacturer Data: 60 03 00 00 00 00 00
  [type=0x09 len=29] Complete Name: 41 50 20 46 46 46 46 46 46 46 45 20 30 45 39 39
  38 34 42 31 30 30 30 39 37 43 32 35
====================================


[12:16:31.924] ========== OMNIPOD FOUND ==========
Device: AP FFFFFFFE 0E9984B100097C25  [34:3C:30:C9:64:BD]
RSSI: -88 dBm
Service UUIDs:
  ce1f923d-c539-48ea-7300-0afffffffe00  <-- OMNIPOD SCAN UUID
    UUID LE bytes: 00 FE FF FF FF 0A 00 73 EA 48 39 C5 3D 92 1F CE
    Profile ID: 10 (VALID)
    Pod ID base: 0xFFFFFFFE (4294967294)  [UNPAIRED]
Manufacturer Data:
  Company ID: 0x0360 (864)
  Data (5 bytes): 00 00 00 00 00
  --- Omnipod decode ---
    Pod ID adj bits: 0
    Alarm code: 0x00
    Alert code: 0x00
    Service type: 0x2470 (NO_DATA (default))
Raw AD (62 bytes):
  02 01 06 11 06 00 FE FF FF FF 0A 00 73 EA 48 39
  C5 3D 92 1F CE 08 FF 60 03 00 00 00 00 00 1D 09
  41 50 20 46 46 46 46 46 46 46 45 20 30 45 39 39
  38 34 42 31 30 30 30 39 37 43 32 35 00 00
AD Structures:
  [type=0x01 len=2] Flags: 06
  [type=0x06 len=17] Incomplete 128-bit UUIDs: 00 FE FF FF FF 0A 00 73 EA 48 39 C5 3D 92 1F CE
  [type=0xFF len=8] Manufacturer Data: 60 03 00 00 00 00 00
  [type=0x09 len=29] Complete Name: 41 50 20 46 46 46 46 46 46 46 45 20 30 45 39 39
  38 34 42 31 30 30 30 39 37 43 32 35
====================================


[12:16:32.663] ========== OMNIPOD FOUND ==========
Device: AP FFFFFFFE 0E9984B100097C25  [34:3C:30:C9:64:BD]
RSSI: -92 dBm
Service UUIDs:
  ce1f923d-c539-48ea-7300-0afffffffe00  <-- OMNIPOD SCAN UUID
    UUID LE bytes: 00 FE FF FF FF 0A 00 73 EA 48 39 C5 3D 92 1F CE
    Profile ID: 10 (VALID)
    Pod ID base: 0xFFFFFFFE (4294967294)  [UNPAIRED]
Manufacturer Data:
  Company ID: 0x0360 (864)
  Data (5 bytes): 00 00 00 00 00
  --- Omnipod decode ---
    Pod ID adj bits: 0
    Alarm code: 0x00
    Alert code: 0x00
    Service type: 0x2470 (NO_DATA (default))
Raw AD (62 bytes):
  02 01 06 11 06 00 FE FF FF FF 0A 00 73 EA 48 39
  C5 3D 92 1F CE 08 FF 60 03 00 00 00 00 00 1D 09
  41 50 20 46 46 46 46 46 46 46 45 20 30 45 39 39
  38 34 42 31 30 30 30 39 37 43 32 35 00 00
AD Structures:
  [type=0x01 len=2] Flags: 06
  [type=0x06 len=17] Incomplete 128-bit UUIDs: 00 FE FF FF FF 0A 00 73 EA 48 39 C5 3D 92 1F CE
  [type=0xFF len=8] Manufacturer Data: 60 03 00 00 00 00 00
  [type=0x09 len=29] Complete Name: 41 50 20 46 46 46 46 46 46 46 45 20 30 45 39 39
  38 34 42 31 30 30 30 39 37 43 32 35
====================================



=== Scan ended Sat Apr 04 12:16:42 GMT+02:00 2026 ===
