=== Omnipod Scan started Fri Apr 03 18:13:29 GMT+02:00 2026 ===

[18:13:30.915] Device: (no name)  [F0:B3:EC:6B:AE:C9]
RSSI: -89 dBm
Manufacturer Data:
  Company ID: 0x004C (76)
  Data (7 bytes): 10 05 08 14 6E 29 60
Raw AD (62 bytes):
  02 01 1A 02 0A 0C 0A FF 4C 00 10 05 08 14 6E 29
  60 00 00 00 00 00 00 00 00 00 00 00 00 00 00 00
  00 00 00 00 00 00 00 00 00 00 00 00 00 00 00 00
  00 00 00 00 00 00 00 00 00 00 00 00 00 00
AD Structures:
  [type=0x01 len=2] Flags: 1A
  [type=0x0A len=2] Type 10: 0C
  [type=0xFF len=10] Manufacturer Data: 4C 00 10 05 08 14 6E 29 60


[18:13:30.926] Device: GVH600D50FA  [0C:4E:A0:88:50:FA]
RSSI: -93 dBm
Manufacturer Data:
  Company ID: 0x8802 (34818)
  Data (6 bytes): EC 00 01 01 00 00
Raw AD (62 bytes):
  02 01 06 0C 09 47 56 48 36 30 30 44 35 30 46 41
  09 FF 02 88 EC 00 01 01 00 00 03 19 00 00 00 00
  00 00 00 00 00 00 00 00 00 00 00 00 00 00 00 00
  00 00 00 00 00 00 00 00 00 00 00 00 00 00
AD Structures:
  [type=0x01 len=2] Flags: 06
  [type=0x09 len=12] Complete Name: 47 56 48 36 30 30 44 35 30 46 41
  [type=0xFF len=9] Manufacturer Data: 02 88 EC 00 01 01 00 00
  [type=0x19 len=3] Type 25: 00 00


[18:13:30.937] Device: (no name)  [4E:B4:B1:36:13:97]
RSSI: -94 dBm
Manufacturer Data:
  Company ID: 0x004C (76)
  Data (20 bytes): 09 08 13 E2 C0 A8 01 91 1B 58 16 08 00 8B C8 C6
  60 B2 20 C5
Raw AD (62 bytes):
  02 01 1A 17 FF 4C 00 09 08 13 E2 C0 A8 01 91 1B
  58 16 08 00 8B C8 C6 60 B2 20 C5 00 00 00 00 00
  00 00 00 00 00 00 00 00 00 00 00 00 00 00 00 00
  00 00 00 00 00 00 00 00 00 00 00 00 00 00
AD Structures:
  [type=0x01 len=2] Flags: 1A
  [type=0xFF len=23] Manufacturer Data: 4C 00 09 08 13 E2 C0 A8 01 91 1B 58 16 08 00 8B
  C8 C6 60 B2 20 C5


[18:13:30.945] Device: SugarPixel-Unten  [78:1C:3C:EF:A6:AE]
RSSI: -94 dBm
Raw AD (62 bytes):
  02 01 06 11 09 53 75 67 61 72 50 69 78 65 6C 2D
  55 6E 74 65 6E 00 00 00 00 00 00 00 00 00 00 00
  00 00 00 00 00 00 00 00 00 00 00 00 00 00 00 00
  00 00 00 00 00 00 00 00 00 00 00 00 00 00
AD Structures:
  [type=0x01 len=2] Flags: 06
  [type=0x09 len=17] Complete Name: 53 75 67 61 72 50 69 78 65 6C 2D 55 6E 74 65 6E


[18:13:30.965] Device: (no name)  [69:ED:09:38:1C:C9]
RSSI: -94 dBm
Manufacturer Data:
  Company ID: 0x004C (76)
  Data (26 bytes): 10 07 3A 1F 31 B4 3D 67 18 01 00 00 00 00 00 00
  00 00 00 00 00 00 80 00 00 00
Raw AD (62 bytes):
  02 01 1A 0C FF 4C 00 10 07 3A 1F 31 B4 3D 67 18
  02 0A 00 14 FF 4C 00 01 00 00 00 00 00 00 00 00
  00 00 00 00 80 00 00 00 00 00 00 00 00 00 00 00
  00 00 00 00 00 00 00 00 00 00 00 00 00 00
AD Structures:
  [type=0x01 len=2] Flags: 1A
  [type=0xFF len=12] Manufacturer Data: 4C 00 10 07 3A 1F 31 B4 3D 67 18
  [type=0x0A len=2] Type 10: 00
  [type=0xFF len=20] Manufacturer Data: 4C 00 01 00 00 00 00 00 00 00 00 00 00 00 00 80
  00 00 00


[18:13:30.976] Device: GBK_H61A2_B3DB  [D4:AD:FC:6C:B3:DB]
RSSI: -88 dBm
Manufacturer Data:
  Company ID: 0x8802 (34818)
  Data (5 bytes): EC 00 02 01 01
Raw AD (62 bytes):
  0F 09 47 42 4B 5F 48 36 31 41 32 5F 42 33 44 42
  08 FF 02 88 EC 00 02 01 01 02 01 05 0F 09 47 42
  4B 5F 48 36 31 41 32 5F 42 33 44 42 00 00 00 00
  00 00 00 00 00 00 00 00 00 00 00 00 00 00
AD Structures:
  [type=0x09 len=15] Complete Name: 47 42 4B 5F 48 36 31 41 32 5F 42 33 44 42
  [type=0xFF len=8] Manufacturer Data: 02 88 EC 00 02 01 01
  [type=0x01 len=2] Flags: 05
  [type=0x09 len=15] Complete Name: 47 42 4B 5F 48 36 31 41 32 5F 42 33 44 42


[18:13:30.995] Device: (no name)  [4C:06:F5:A9:99:39]
RSSI: -70 dBm
Manufacturer Data:
  Company ID: 0x004C (76)
  Data (26 bytes): 10 07 36 1F 0B AC 92 DF 18 01 00 00 00 00 00 00
  00 00 00 00 00 00 80 00 00 00
Raw AD (62 bytes):
  02 01 1A 02 0A 0C 0C FF 4C 00 10 07 36 1F 0B AC
  92 DF 18 14 FF 4C 00 01 00 00 00 00 00 00 00 00
  00 00 00 00 80 00 00 00 00 00 00 00 00 00 00 00
  00 00 00 00 00 00 00 00 00 00 00 00 00 00
AD Structures:
  [type=0x01 len=2] Flags: 1A
  [type=0x0A len=2] Type 10: 0C
  [type=0xFF len=12] Manufacturer Data: 4C 00 10 07 36 1F 0B AC 92 DF 18
  [type=0xFF len=20] Manufacturer Data: 4C 00 01 00 00 00 00 00 00 00 00 00 00 00 00 80
  00 00 00


[18:13:31.007] Device: (no name)  [4E:F1:26:36:37:7C]
RSSI: -76 dBm
Manufacturer Data:
  Company ID: 0x004C (76)
  Data (25 bytes): 10 06 75 16 EE E4 D7 FE 01 00 00 00 00 00 00 00
  00 00 00 00 00 80 00 00 00
Raw AD (62 bytes):
  02 01 1A 02 0A 0C 0B FF 4C 00 10 06 75 16 EE E4
  D7 FE 14 FF 4C 00 01 00 00 00 00 00 00 00 00 00
  00 00 00 80 00 00 00 00 00 00 00 00 00 00 00 00
  00 00 00 00 00 00 00 00 00 00 00 00 00 00
AD Structures:
  [type=0x01 len=2] Flags: 1A
  [type=0x0A len=2] Type 10: 0C
  [type=0xFF len=11] Manufacturer Data: 4C 00 10 06 75 16 EE E4 D7 FE
  [type=0xFF len=20] Manufacturer Data: 4C 00 01 00 00 00 00 00 00 00 00 00 00 00 00 80
  00 00 00


[18:13:31.012] Device: SugarPixel-Oben  [78:1C:3C:EF:B4:4E]
RSSI: -56 dBm
Raw AD (62 bytes):
  02 01 06 10 09 53 75 67 61 72 50 69 78 65 6C 2D
  4F 62 65 6E 00 00 00 00 00 00 00 00 00 00 00 00
  00 00 00 00 00 00 00 00 00 00 00 00 00 00 00 00
  00 00 00 00 00 00 00 00 00 00 00 00 00 00
AD Structures:
  [type=0x01 len=2] Flags: 06
  [type=0x09 len=16] Complete Name: 53 75 67 61 72 50 69 78 65 6C 2D 4F 62 65 6E


[18:13:31.048] Device: (no name)  [24:4B:03:94:AD:A7]
RSSI: -94 dBm
Manufacturer Data:
  Company ID: 0x0075 (117)
  Data (24 bytes): 42 04 01 80 8E 24 4B 03 94 AD A7 26 4B 03 35 28
  6B 01 00 00 00 00 00 00
Raw AD (62 bytes):
  1B FF 75 00 42 04 01 80 8E 24 4B 03 94 AD A7 26
  4B 03 35 28 6B 01 00 00 00 00 00 00 00 00 00 00
  00 00 00 00 00 00 00 00 00 00 00 00 00 00 00 00
  00 00 00 00 00 00 00 00 00 00 00 00 00 00
AD Structures:
  [type=0xFF len=27] Manufacturer Data: 75 00 42 04 01 80 8E 24 4B 03 94 AD A7 26 4B 03
  35 28 6B 01 00 00 00 00 00 00


[18:13:32.261] Device: (no name)  [07:62:D5:04:81:13]
RSSI: -63 dBm
Manufacturer Data:
  Company ID: 0x0006 (6)
  Data (27 bytes): 01 09 20 22 B2 DF 40 0E 28 B9 F0 13 1C 5E 7F D9
  72 CF 6E F3 E9 07 CC 91 E6 07 B8
Raw AD (62 bytes):
  1E FF 06 00 01 09 20 22 B2 DF 40 0E 28 B9 F0 13
  1C 5E 7F D9 72 CF 6E F3 E9 07 CC 91 E6 07 B8 00
  00 00 00 00 00 00 00 00 00 00 00 00 00 00 00 00
  00 00 00 00 00 00 00 00 00 00 00 00 00 00
AD Structures:
  [type=0xFF len=30] Manufacturer Data: 06 00 01 09 20 22 B2 DF 40 0E 28 B9 F0 13 1C 5E
  7F D9 72 CF 6E F3 E9 07 CC 91 E6 07 B8


[18:13:32.352] Device: (no name)  [52:52:86:AD:67:65]
RSSI: -88 dBm
Manufacturer Data:
  Company ID: 0x004C (76)
  Data (8 bytes): 10 06 37 1E 3E 0C 2E EB
Raw AD (62 bytes):
  02 01 1A 02 0A 07 0B FF 4C 00 10 06 37 1E 3E 0C
  2E EB 00 00 00 00 00 00 00 00 00 00 00 00 00 00
  00 00 00 00 00 00 00 00 00 00 00 00 00 00 00 00
  00 00 00 00 00 00 00 00 00 00 00 00 00 00
AD Structures:
  [type=0x01 len=2] Flags: 1A
  [type=0x0A len=2] Type 10: 07
  [type=0xFF len=11] Manufacturer Data: 4C 00 10 06 37 1E 3E 0C 2E EB


[18:13:32.368] Device: Govee_H6072_388C  [C2:36:39:34:38:8C]
RSSI: -86 dBm
Manufacturer Data:
  Company ID: 0x8802 (34818)
  Data (5 bytes): EC 00 02 01 01
Raw AD (62 bytes):
  02 01 06 11 09 47 6F 76 65 65 5F 48 36 30 37 32
  5F 33 38 38 43 08 FF 02 88 EC 00 02 01 01 11 09
  47 6F 76 65 65 5F 48 36 30 37 32 5F 33 38 38 43
  00 00 00 00 00 00 00 00 00 00 00 00 00 00
AD Structures:
  [type=0x01 len=2] Flags: 06
  [type=0x09 len=17] Complete Name: 47 6F 76 65 65 5F 48 36 30 37 32 5F 33 38 38 43
  [type=0xFF len=8] Manufacturer Data: 02 88 EC 00 02 01 01
  [type=0x09 len=17] Complete Name: 47 6F 76 65 65 5F 48 36 30 37 32 5F 33 38 38 43


[18:13:33.756] Device: Oura Ring 4  [5F:F5:A0:2E:CB:FB]
RSSI: -53 dBm
Service UUIDs:
  98ed0001-a541-11e4-b6a0-0002a5d5c51b
Manufacturer Data:
  Company ID: 0x02B2 (690)
  Data (4 bytes): 04 60 49 01
Raw AD (62 bytes):
  02 01 05 11 06 1B C5 D5 A5 02 00 A0 B6 E4 11 41
  A5 01 00 ED 98 07 FF B2 02 04 60 49 01 0C 09 4F
  75 72 61 20 52 69 6E 67 20 34 00 00 00 00 00 00
  00 00 00 00 00 00 00 00 00 00 00 00 00 00
AD Structures:
  [type=0x01 len=2] Flags: 05
  [type=0x06 len=17] Incomplete 128-bit UUIDs: 1B C5 D5 A5 02 00 A0 B6 E4 11 41 A5 01 00 ED 98
  [type=0xFF len=7] Manufacturer Data: B2 02 04 60 49 01
  [type=0x09 len=12] Complete Name: 4F 75 72 61 20 52 69 6E 67 20 34


[18:13:33.760] Device: (no name)  [5E:03:4B:5F:1B:27]
RSSI: -67 dBm
Manufacturer Data:
  Company ID: 0x004C (76)
  Data (8 bytes): 10 06 0C 1D F5 CB 98 78
Raw AD (62 bytes):
  02 01 1A 02 0A 0B 0B FF 4C 00 10 06 0C 1D F5 CB
  98 78 00 00 00 00 00 00 00 00 00 00 00 00 00 00
  00 00 00 00 00 00 00 00 00 00 00 00 00 00 00 00
  00 00 00 00 00 00 00 00 00 00 00 00 00 00
AD Structures:
  [type=0x01 len=2] Flags: 1A
  [type=0x0A len=2] Type 10: 0B
  [type=0xFF len=11] Manufacturer Data: 4C 00 10 06 0C 1D F5 CB 98 78


[18:13:33.818] Device: Govee_H6072_5288  [C8:36:39:34:52:88]
RSSI: -96 dBm
Manufacturer Data:
  Company ID: 0x8802 (34818)
  Data (5 bytes): EC 00 02 01 01
Raw AD (62 bytes):
  02 01 06 11 09 47 6F 76 65 65 5F 48 36 30 37 32
  5F 35 32 38 38 08 FF 02 88 EC 00 02 01 01 11 09
  47 6F 76 65 65 5F 48 36 30 37 32 5F 35 32 38 38
  00 00 00 00 00 00 00 00 00 00 00 00 00 00
AD Structures:
  [type=0x01 len=2] Flags: 06
  [type=0x09 len=17] Complete Name: 47 6F 76 65 65 5F 48 36 30 37 32 5F 35 32 38 38
  [type=0xFF len=8] Manufacturer Data: 02 88 EC 00 02 01 01
  [type=0x09 len=17] Complete Name: 47 6F 76 65 65 5F 48 36 30 37 32 5F 35 32 38 38


[18:13:33.869] Device: (no name)  [53:B7:BC:75:66:66]
RSSI: -75 dBm
Manufacturer Data:
  Company ID: 0x004C (76)
  Data (8 bytes): 10 06 3E 1A E1 DF 8E 4C
Raw AD (62 bytes):
  02 01 1A 02 0A 0C 0B FF 4C 00 10 06 3E 1A E1 DF
  8E 4C 00 00 00 00 00 00 00 00 00 00 00 00 00 00
  00 00 00 00 00 00 00 00 00 00 00 00 00 00 00 00
  00 00 00 00 00 00 00 00 00 00 00 00 00 00
AD Structures:
  [type=0x01 len=2] Flags: 1A
  [type=0x0A len=2] Type 10: 0C
  [type=0xFF len=11] Manufacturer Data: 4C 00 10 06 3E 1A E1 DF 8E 4C


[18:13:33.871] Device: (no name)  [4E:3A:EB:8B:4D:A1]
RSSI: -89 dBm
Manufacturer Data:
  Company ID: 0x004C (76)
  Data (7 bytes): 10 05 01 18 D4 C6 B9
Raw AD (62 bytes):
  02 01 1A 02 0A 11 0A FF 4C 00 10 05 01 18 D4 C6
  B9 00 00 00 00 00 00 00 00 00 00 00 00 00 00 00
  00 00 00 00 00 00 00 00 00 00 00 00 00 00 00 00
  00 00 00 00 00 00 00 00 00 00 00 00 00 00
AD Structures:
  [type=0x01 len=2] Flags: 1A
  [type=0x0A len=2] Type 10: 11
  [type=0xFF len=10] Manufacturer Data: 4C 00 10 05 01 18 D4 C6 B9


[18:13:36.519] Device: (no name)  [69:B7:0D:5A:2E:CC]
RSSI: -96 dBm
Manufacturer Data:
  Company ID: 0x004C (76)
  Data (24 bytes): 0C 0E 00 28 2A BB 09 61 8B 40 C2 DD C6 BA CB C8
  10 06 4B 1D 4D BB ED 48
Raw AD (62 bytes):
  02 01 1A 1B FF 4C 00 0C 0E 00 28 2A BB 09 61 8B
  40 C2 DD C6 BA CB C8 10 06 4B 1D 4D BB ED 48 00
  00 00 00 00 00 00 00 00 00 00 00 00 00 00 00 00
  00 00 00 00 00 00 00 00 00 00 00 00 00 00
AD Structures:
  [type=0x01 len=2] Flags: 1A
  [type=0xFF len=27] Manufacturer Data: 4C 00 0C 0E 00 28 2A BB 09 61 8B 40 C2 DD C6 BA
  CB C8 10 06 4B 1D 4D BB ED 48


[18:13:36.600] Device: (no name)  [78:DB:78:D1:93:3A]
RSSI: -96 dBm
Manufacturer Data:
  Company ID: 0x004C (76)
  Data (16 bytes): 09 08 13 5B C0 A8 B2 24 1B 58 0A 04 12 96 E5 C0
Raw AD (62 bytes):
  02 01 1A 13 FF 4C 00 09 08 13 5B C0 A8 B2 24 1B
  58 0A 04 12 96 E5 C0 00 00 00 00 00 00 00 00 00
  00 00 00 00 00 00 00 00 00 00 00 00 00 00 00 00
  00 00 00 00 00 00 00 00 00 00 00 00 00 00
AD Structures:
  [type=0x01 len=2] Flags: 1A
  [type=0xFF len=19] Manufacturer Data: 4C 00 09 08 13 5B C0 A8 B2 24 1B 58 0A 04 12 96
  E5 C0


[18:13:37.864] Device: (no name)  [80:47:86:87:E9:AD]
RSSI: -98 dBm
Manufacturer Data:
  Company ID: 0x0075 (117)
  Data (24 bytes): 42 04 01 80 66 80 47 86 87 E9 AD 82 47 86 87 E9
  AC 01 94 00 00 00 00 00
Raw AD (62 bytes):
  1B FF 75 00 42 04 01 80 66 80 47 86 87 E9 AD 82
  47 86 87 E9 AC 01 94 00 00 00 00 00 00 00 00 00
  00 00 00 00 00 00 00 00 00 00 00 00 00 00 00 00
  00 00 00 00 00 00 00 00 00 00 00 00 00 00
AD Structures:
  [type=0xFF len=27] Manufacturer Data: 75 00 42 04 01 80 66 80 47 86 87 E9 AD 82 47 86
  87 E9 AC 01 94 00 00 00 00 00


[18:13:39.425] Device: GVH600D833E  [A8:46:74:20:83:3E]
RSSI: -94 dBm
Manufacturer Data:
  Company ID: 0x8802 (34818)
  Data (6 bytes): EC 00 01 01 00 00
Raw AD (62 bytes):
  02 01 06 0C 09 47 56 48 36 30 30 44 38 33 33 45
  09 FF 02 88 EC 00 01 01 00 00 03 19 00 00 00 00
  00 00 00 00 00 00 00 00 00 00 00 00 00 00 00 00
  00 00 00 00 00 00 00 00 00 00 00 00 00 00
AD Structures:
  [type=0x01 len=2] Flags: 06
  [type=0x09 len=12] Complete Name: 47 56 48 36 30 30 44 38 33 33 45
  [type=0xFF len=9] Manufacturer Data: 02 88 EC 00 01 01 00 00
  [type=0x19 len=3] Type 25: 00 00


[18:13:39.509] Device: [TV] Samsung 5 Series (32)  [F8:77:B8:B0:8E:BB]
RSSI: -99 dBm
Manufacturer Data:
  Company ID: 0x0075 (117)
  Data (24 bytes): 42 04 01 40 5E F8 77 B8 B0 8E BB FA 77 B8 34 8E
  BA 01 00 00 00 00 00 00
Raw AD (62 bytes):
  02 01 1E 1B FF 75 00 42 04 01 40 5E F8 77 B8 B0
  8E BB FA 77 B8 34 8E BA 01 00 00 00 00 00 00 02
  0A 09 1B 08 5B 54 56 5D 20 53 61 6D 73 75 6E 67
  20 35 20 53 65 72 69 65 73 20 28 33 32 29
AD Structures:
  [type=0x01 len=2] Flags: 1E
  [type=0xFF len=27] Manufacturer Data: 75 00 42 04 01 40 5E F8 77 B8 B0 8E BB FA 77 B8
  34 8E BA 01 00 00 00 00 00 00
  [type=0x0A len=2] Type 10: 09
  [type=0x08 len=27] Shortened Name: 5B 54 56 5D 20 53 61 6D 73 75 6E 67 20 35 20 53
  65 72 69 65 73 20 28 33 32 29


[18:13:40.552] Device: (no name)  [D5:2C:2E:80:FC:A5]
RSSI: -89 dBm
Manufacturer Data:
  Company ID: 0x004C (76)
  Data (4 bytes): 12 02 00 00
Raw AD (62 bytes):
  07 FF 4C 00 12 02 00 00 00 00 00 00 00 00 00 00
  00 00 00 00 00 00 00 00 00 00 00 00 00 00 00 00
  00 00 00 00 00 00 00 00 00 00 00 00 00 00 00 00
  00 00 00 00 00 00 00 00 00 00 00 00 00 00
AD Structures:
  [type=0xFF len=7] Manufacturer Data: 4C 00 12 02 00 00


[18:13:42.062] Device: (no name)  [46:D6:64:B6:80:42]
RSSI: -96 dBm
Manufacturer Data:
  Company ID: 0x004C (76)
  Data (7 bytes): 10 05 3B 18 B3 3E AB
Raw AD (62 bytes):
  02 01 1A 02 0A 0C 0A FF 4C 00 10 05 3B 18 B3 3E
  AB 00 00 00 00 00 00 00 00 00 00 00 00 00 00 00
  00 00 00 00 00 00 00 00 00 00 00 00 00 00 00 00
  00 00 00 00 00 00 00 00 00 00 00 00 00 00
AD Structures:
  [type=0x01 len=2] Flags: 1A
  [type=0x0A len=2] Type 10: 0C
  [type=0xFF len=10] Manufacturer Data: 4C 00 10 05 3B 18 B3 3E AB


[18:13:42.074] Device: (no name)  [C9:73:F7:90:23:ED]
RSSI: -99 dBm
Raw AD (62 bytes):
  02 01 06 19 16 AA FE 40 41 5C D8 E7 1A 0A 18 7A
  1D 5A E3 A2 EB 5F 23 50 5C CD 12 BD A5 00 00 00
  00 00 00 00 00 00 00 00 00 00 00 00 00 00 00 00
  00 00 00 00 00 00 00 00 00 00 00 00 00 00
AD Structures:
  [type=0x01 len=2] Flags: 06
  [type=0x16 len=25] Type 22: AA FE 40 41 5C D8 E7 1A 0A 18 7A 1D 5A E3 A2 EB
  5F 23 50 5C CD 12 BD A5


[18:13:42.081] Device: (no name)  [E5:CA:0F:C0:57:57]
RSSI: -97 dBm
Manufacturer Data:
  Company ID: 0x004C (76)
  Data (4 bytes): 12 02 00 03
Raw AD (62 bytes):
  07 FF 4C 00 12 02 00 03 00 00 00 00 00 00 00 00
  00 00 00 00 00 00 00 00 00 00 00 00 00 00 00 00
  00 00 00 00 00 00 00 00 00 00 00 00 00 00 00 00
  00 00 00 00 00 00 00 00 00 00 00 00 00 00
AD Structures:
  [type=0xFF len=7] Manufacturer Data: 4C 00 12 02 00 03


[18:13:42.231] Device: (no name)  [67:14:67:E2:29:69]
RSSI: -89 dBm
Manufacturer Data:
  Company ID: 0x004C (76)
  Data (9 bytes): 10 07 3D 1F 61 BA 69 35 58
Raw AD (62 bytes):
  02 01 1A 0C FF 4C 00 10 07 3D 1F 61 BA 69 35 58
  02 0A 00 00 00 00 00 00 00 00 00 00 00 00 00 00
  00 00 00 00 00 00 00 00 00 00 00 00 00 00 00 00
  00 00 00 00 00 00 00 00 00 00 00 00 00 00
AD Structures:
  [type=0x01 len=2] Flags: 1A
  [type=0xFF len=12] Manufacturer Data: 4C 00 10 07 3D 1F 61 BA 69 35 58
  [type=0x0A len=2] Type 10: 00


[18:13:43.574] Device: (no name)  [EC:B2:7D:0C:AE:33]
RSSI: -101 dBm
Manufacturer Data:
  Company ID: 0x004C (76)
  Data (4 bytes): 12 02 00 02
Raw AD (62 bytes):
  07 FF 4C 00 12 02 00 02 00 00 00 00 00 00 00 00
  00 00 00 00 00 00 00 00 00 00 00 00 00 00 00 00
  00 00 00 00 00 00 00 00 00 00 00 00 00 00 00 00
  00 00 00 00 00 00 00 00 00 00 00 00 00 00
AD Structures:
  [type=0xFF len=7] Manufacturer Data: 4C 00 12 02 00 02


[18:13:44.837] Device: (no name)  [7C:1F:39:C5:30:2A]
RSSI: -94 dBm
Manufacturer Data:
  Company ID: 0x004C (76)
  Data (24 bytes): 0C 0E 00 28 2A BB 09 61 8B 40 C2 DD C6 BA CB C8
  10 06 4B 1D 4D BB ED 48
Raw AD (62 bytes):
  02 01 1A 1B FF 4C 00 0C 0E 00 28 2A BB 09 61 8B
  40 C2 DD C6 BA CB C8 10 06 4B 1D 4D BB ED 48 00
  00 00 00 00 00 00 00 00 00 00 00 00 00 00 00 00
  00 00 00 00 00 00 00 00 00 00 00 00 00 00
AD Structures:
  [type=0x01 len=2] Flags: 1A
  [type=0xFF len=27] Manufacturer Data: 4C 00 0C 0E 00 28 2A BB 09 61 8B 40 C2 DD C6 BA
  CB C8 10 06 4B 1D 4D BB ED 48


[18:13:44.924] Device: (no name)  [DA:48:36:4D:17:63]
RSSI: -94 dBm
Manufacturer Data:
  Company ID: 0x004C (76)
  Data (4 bytes): 12 02 00 01
Raw AD (62 bytes):
  07 FF 4C 00 12 02 00 01 00 00 00 00 00 00 00 00
  00 00 00 00 00 00 00 00 00 00 00 00 00 00 00 00
  00 00 00 00 00 00 00 00 00 00 00 00 00 00 00 00
  00 00 00 00 00 00 00 00 00 00 00 00 00 00
AD Structures:
  [type=0xFF len=7] Manufacturer Data: 4C 00 12 02 00 01


[18:13:50.687] Device: Govee_H6061_175A  [CD:38:30:33:17:5A]
RSSI: -92 dBm
Manufacturer Data:
  Company ID: 0x8803 (34819)
  Data (5 bytes): EC 00 01 03 01
Raw AD (62 bytes):
  02 01 06 11 09 47 6F 76 65 65 5F 48 36 30 36 31
  5F 31 37 35 41 08 FF 03 88 EC 00 01 03 01 11 09
  47 6F 76 65 65 5F 48 36 30 36 31 5F 31 37 35 41
  00 00 00 00 00 00 00 00 00 00 00 00 00 00
AD Structures:
  [type=0x01 len=2] Flags: 06
  [type=0x09 len=17] Complete Name: 47 6F 76 65 65 5F 48 36 30 36 31 5F 31 37 35 41
  [type=0xFF len=8] Manufacturer Data: 03 88 EC 00 01 03 01
  [type=0x09 len=17] Complete Name: 47 6F 76 65 65 5F 48 36 30 36 31 5F 31 37 35 41


[18:13:57.619] Device: (no name)  [7C:C7:D6:14:92:66]
RSSI: -98 dBm
Manufacturer Data:
  Company ID: 0x004C (76)
  Data (10 bytes): 16 08 00 36 2D 4F E9 D0 38 A3
Raw AD (62 bytes):
  02 01 1A 0D FF 4C 00 16 08 00 36 2D 4F E9 D0 38
  A3 00 00 00 00 00 00 00 00 00 00 00 00 00 00 00
  00 00 00 00 00 00 00 00 00 00 00 00 00 00 00 00
  00 00 00 00 00 00 00 00 00 00 00 00 00 00
AD Structures:
  [type=0x01 len=2] Flags: 1A
  [type=0xFF len=13] Manufacturer Data: 4C 00 16 08 00 36 2D 4F E9 D0 38 A3


[18:13:57.771] Device: P0.1  [80:6F:B0:7C:43:2F]
RSSI: -88 dBm
Service UUIDs:
  98bd0001-0b0e-421a-84e5-ddbf75dc6de4
Manufacturer Data:
  Company ID: 0x0426 (1062)
  Data (6 bytes): 05 04 A4 E2 00 0C
Raw AD (62 bytes):
  02 01 06 11 06 E4 6D DC 75 BF DD E5 84 1A 42 0E
  0B 01 00 BD 98 09 FF 26 04 05 04 A4 E2 00 0C 05
  08 50 30 2E 31 00 00 00 00 00 00 00 00 00 00 00
  00 00 00 00 00 00 00 00 00 00 00 00 00 00
AD Structures:
  [type=0x01 len=2] Flags: 06
  [type=0x06 len=17] Incomplete 128-bit UUIDs: E4 6D DC 75 BF DD E5 84 1A 42 0E 0B 01 00 BD 98
  [type=0xFF len=9] Manufacturer Data: 26 04 05 04 A4 E2 00 0C
  [type=0x08 len=5] Shortened Name: 50 30 2E 31


[18:14:00.188] Device: (no name)  [79:00:FE:7C:B1:48]
RSSI: -83 dBm
Manufacturer Data:
  Company ID: 0x004C (76)
  Data (10 bytes): 16 08 00 C6 66 37 E6 B9 63 C4
Raw AD (62 bytes):
  02 01 1A 0D FF 4C 00 16 08 00 C6 66 37 E6 B9 63
  C4 00 00 00 00 00 00 00 00 00 00 00 00 00 00 00
  00 00 00 00 00 00 00 00 00 00 00 00 00 00 00 00
  00 00 00 00 00 00 00 00 00 00 00 00 00 00
AD Structures:
  [type=0x01 len=2] Flags: 1A
  [type=0xFF len=13] Manufacturer Data: 4C 00 16 08 00 C6 66 37 E6 B9 63 C4


[18:14:03.173] Device: IOTWF3EC  [B4:E8:42:BC:D3:ED]
RSSI: -95 dBm
Manufacturer Data:
  Company ID: 0x5A01 (23041)
  Data (27 bytes): 52 24 61 29 40 0F 00 00 00 00 51 00 00 00 00 00
  00 00 00 00 00 00 00 00 00 00 00
Raw AD (62 bytes):
  1E FF 01 5A 52 24 61 29 40 0F 00 00 00 00 51 00
  00 00 00 00 00 00 00 00 00 00 00 00 00 00 00 11
  16 01 5A 52 06 B4 E8 42 BC D3 EC 00 62 C2 04 01
  00 02 01 06 09 09 49 4F 54 57 46 33 45 43
AD Structures:
  [type=0xFF len=30] Manufacturer Data: 01 5A 52 24 61 29 40 0F 00 00 00 00 51 00 00 00
  00 00 00 00 00 00 00 00 00 00 00 00 00
  [type=0x16 len=17] Type 22: 01 5A 52 06 B4 E8 42 BC D3 EC 00 62 C2 04 01 00
  [type=0x01 len=2] Flags: 06
  [type=0x09 len=9] Complete Name: 49 4F 54 57 46 33 45 43


[18:14:04.494] Device: (no name)  [C9:F4:7A:45:ED:F6]
RSSI: -99 dBm
Manufacturer Data:
  Company ID: 0x004C (76)
  Data (4 bytes): 12 02 00 01
Raw AD (62 bytes):
  07 FF 4C 00 12 02 00 01 00 00 00 00 00 00 00 00
  00 00 00 00 00 00 00 00 00 00 00 00 00 00 00 00
  00 00 00 00 00 00 00 00 00 00 00 00 00 00 00 00
  00 00 00 00 00 00 00 00 00 00 00 00 00 00
AD Structures:
  [type=0xFF len=7] Manufacturer Data: 4C 00 12 02 00 01


[18:14:05.913] Device: S18 2B9A LE  [F3:33:E9:CA:11:23]
RSSI: -98 dBm
Service UUIDs:
  0000fe07-0000-1000-8000-00805f9b34fb
Manufacturer Data:
  Company ID: 0x05A7 (1447)
  Data (26 bytes): 06 00 12 20 2A 00 CA 00 00 10 00 00 00 00 00 00
  00 B4 E5 53 2C A8 14 33 AE E9
Raw AD (62 bytes):
  02 01 04 03 03 07 FE 14 FF A7 05 06 00 12 20 2A
  00 CA 00 00 10 00 00 00 00 00 00 00 02 0A 00 0C
  FF A7 05 B4 E5 53 2C A8 14 33 AE E9 0C 09 53 31
  38 20 32 42 39 41 20 4C 45 00 00 00 00 00
AD Structures:
  [type=0x01 len=2] Flags: 04
  [type=0x03 len=3] Type 3: 07 FE
  [type=0xFF len=20] Manufacturer Data: A7 05 06 00 12 20 2A 00 CA 00 00 10 00 00 00 00
  00 00 00
  [type=0x0A len=2] Type 10: 00
  [type=0xFF len=12] Manufacturer Data: A7 05 B4 E5 53 2C A8 14 33 AE E9
  [type=0x09 len=12] Complete Name: 53 31 38 20 32 42 39 41 20 4C 45


[18:14:07.267] Device: IOTWF124  [B4:E8:42:BC:71:25]
RSSI: -96 dBm
Manufacturer Data:
  Company ID: 0x5A01 (23041)
  Data (27 bytes): 52 23 61 01 50 0F 00 00 00 0A 03 00 00 00 00 00
  00 00 00 00 00 00 00 00 00 00 00
Raw AD (62 bytes):
  1E FF 01 5A 52 23 61 01 50 0F 00 00 00 0A 03 00
  00 00 00 00 00 00 00 00 00 00 00 00 00 00 00 11
  16 01 5A 52 06 B4 E8 42 BC 71 24 00 62 C2 04 01
  00 02 01 06 09 09 49 4F 54 57 46 31 32 34
AD Structures:
  [type=0xFF len=30] Manufacturer Data: 01 5A 52 23 61 01 50 0F 00 00 00 0A 03 00 00 00
  00 00 00 00 00 00 00 00 00 00 00 00 00
  [type=0x16 len=17] Type 22: 01 5A 52 06 B4 E8 42 BC 71 24 00 62 C2 04 01 00
  [type=0x01 len=2] Flags: 06
  [type=0x09 len=9] Complete Name: 49 4F 54 57 46 31 32 34


[18:14:08.665] Device: (no name)  [64:4E:D7:FB:63:BC]
RSSI: -99 dBm
Service UUIDs:
  0000fe78-0000-1000-8000-00805f9b34fb
Manufacturer Data:
  Company ID: 0x0065 (101)
  Data (3 bytes): 01 C9 05
Raw AD (62 bytes):
  02 01 06 19 16 F7 FD 01 7A 90 BE F9 2E 5F 48 31
  A6 A3 99 F3 DB 41 06 AA 00 00 00 00 01 03 03 78
  FE 06 FF 65 00 01 C9 05 00 00 00 00 00 00 00 00
  00 00 00 00 00 00 00 00 00 00 00 00 00 00
AD Structures:
  [type=0x01 len=2] Flags: 06
  [type=0x16 len=25] Type 22: F7 FD 01 7A 90 BE F9 2E 5F 48 31 A6 A3 99 F3 DB
  41 06 AA 00 00 00 00 01
  [type=0x03 len=3] Type 3: 78 FE
  [type=0xFF len=6] Manufacturer Data: 65 00 01 C9 05


[18:14:08.775] Device: (no name)  [E3:CD:C8:1D:E7:09]
RSSI: -65 dBm
Manufacturer Data:
  Company ID: 0x004C (76)
  Data (4 bytes): 12 02 00 03
Raw AD (62 bytes):
  07 FF 4C 00 12 02 00 03 00 00 00 00 00 00 00 00
  00 00 00 00 00 00 00 00 00 00 00 00 00 00 00 00
  00 00 00 00 00 00 00 00 00 00 00 00 00 00 00 00
  00 00 00 00 00 00 00 00 00 00 00 00 00 00
AD Structures:
  [type=0xFF len=7] Manufacturer Data: 4C 00 12 02 00 03



=== Scan ended Fri Apr 03 18:14:12 GMT+02:00 2026 ===
