=== Omnipod Scan started Fri Apr 03 19:17:06 GMT+02:00 2026 ===

[19:17:06.378] ========== OMNIPOD FOUND ==========
Device: AP 0000429F 0E9984B10008918D  [34:3C:30:C9:65:5C]
RSSI: -73 dBm
Service UUIDs:
  ce1f923d-c539-48ea-7300-0a0000429c00  <-- OMNIPOD SCAN UUID
    UUID LE bytes: 00 9C 42 00 00 0A 00 73 EA 48 39 C5 3D 92 1F CE
    Profile ID: 10 (VALID)
    Pod ID base: 0x0000429C (17052)  [PAIRED - ctrl ID embedded]
Manufacturer Data:
  Company ID: 0x0360 (864)
  Data (5 bytes): 00 02 30 00 00
  --- Omnipod decode ---
    Pod ID adj bits: 3
    Alarm code: 0x00
    Alert code: 0x00
    Service type: 0x2470 (NO_DATA (default))
Raw AD (62 bytes):
  02 01 06 11 06 00 9C 42 00 00 0A 00 73 EA 48 39
  C5 3D 92 1F CE 08 FF 60 03 00 02 30 00 00 1D 09
  41 50 20 30 30 30 30 34 32 39 46 20 30 45 39 39
  38 34 42 31 30 30 30 38 39 31 38 44 00 00
AD Structures:
  [type=0x01 len=2] Flags: 06
  [type=0x06 len=17] Incomplete 128-bit UUIDs: 00 9C 42 00 00 0A 00 73 EA 48 39 C5 3D 92 1F CE
  [type=0xFF len=8] Manufacturer Data: 60 03 00 02 30 00 00
  [type=0x09 len=29] Complete Name: 41 50 20 30 30 30 30 34 32 39 46 20 30 45 39 39
  38 34 42 31 30 30 30 38 39 31 38 44
====================================


[19:17:06.406] Device: (no name)  [48:0D:90:5B:CF:66]
RSSI: -59 dBm
Manufacturer Data:
  Company ID: 0x004C (76)
  Data (8 bytes): 10 06 4F 1D 3A 83 57 38
Raw AD (62 bytes):
  02 01 1A 02 0A 0C 0B FF 4C 00 10 06 4F 1D 3A 83
  57 38 00 00 00 00 00 00 00 00 00 00 00 00 00 00
  00 00 00 00 00 00 00 00 00 00 00 00 00 00 00 00
  00 00 00 00 00 00 00 00 00 00 00 00 00 00
AD Structures:
  [type=0x01 len=2] Flags: 1A
  [type=0x0A len=2] Type 10: 0C
  [type=0xFF len=11] Manufacturer Data: 4C 00 10 06 4F 1D 3A 83 57 38


[19:17:06.415] Device: (no name)  [6B:77:14:7A:E2:C5]
RSSI: -59 dBm
Manufacturer Data:
  Company ID: 0x004C (76)
  Data (8 bytes): 10 06 4F 1D 3A 83 57 38
Raw AD (62 bytes):
  02 01 1A 02 0A 0C 0B FF 4C 00 10 06 4F 1D 3A 83
  57 38 00 00 00 00 00 00 00 00 00 00 00 00 00 00
  00 00 00 00 00 00 00 00 00 00 00 00 00 00 00 00
  00 00 00 00 00 00 00 00 00 00 00 00 00 00
AD Structures:
  [type=0x01 len=2] Flags: 1A
  [type=0x0A len=2] Type 10: 0C
  [type=0xFF len=11] Manufacturer Data: 4C 00 10 06 4F 1D 3A 83 57 38


[19:17:06.429] Device: Core300s  [10:97:BD:46:6F:C2]
RSSI: -76 dBm
Manufacturer Data:
  Company ID: 0x06D0 (1744)
  Data (12 bytes): 01 C2 6F 46 BD 97 10 C6 2E 02 02 00
Raw AD (62 bytes):
  02 01 06 0F FF D0 06 01 C2 6F 46 BD 97 10 C6 2E
  02 02 00 09 09 43 6F 72 65 33 30 30 73 00 00 00
  00 00 00 00 00 00 00 00 00 00 00 00 00 00 00 00
  00 00 00 00 00 00 00 00 00 00 00 00 00 00
AD Structures:
  [type=0x01 len=2] Flags: 06
  [type=0xFF len=15] Manufacturer Data: D0 06 01 C2 6F 46 BD 97 10 C6 2E 02 02 00
  [type=0x09 len=9] Complete Name: 43 6F 72 65 33 30 30 73


[19:17:06.431] Device: (no name)  [5D:3A:04:79:8B:3A]
RSSI: -62 dBm
Manufacturer Data:
  Company ID: 0x004C (76)
  Data (20 bytes): 09 08 13 12 C0 A8 01 74 1B 58 16 08 00 00 85 E6
  89 26 73 D9
Raw AD (62 bytes):
  02 01 1A 17 FF 4C 00 09 08 13 12 C0 A8 01 74 1B
  58 16 08 00 00 85 E6 89 26 73 D9 00 00 00 00 00
  00 00 00 00 00 00 00 00 00 00 00 00 00 00 00 00
  00 00 00 00 00 00 00 00 00 00 00 00 00 00
AD Structures:
  [type=0x01 len=2] Flags: 1A
  [type=0xFF len=23] Manufacturer Data: 4C 00 09 08 13 12 C0 A8 01 74 1B 58 16 08 00 00
  85 E6 89 26 73 D9


[19:17:06.458] Device: Govee_H6061_175A  [CD:38:30:33:17:5A]
RSSI: -63 dBm
Manufacturer Data:
  Company ID: 0x8803 (34819)
  Data (5 bytes): EC 00 01 03 01
Raw AD (62 bytes):
  02 01 06 11 09 47 6F 76 65 65 5F 48 36 30 36 31
  5F 31 37 35 41 08 FF 03 88 EC 00 01 03 01 11 09
  47 6F 76 65 65 5F 48 36 30 36 31 5F 31 37 35 41
  00 00 00 00 00 00 00 00 00 00 00 00 00 00
AD Structures:
  [type=0x01 len=2] Flags: 06
  [type=0x09 len=17] Complete Name: 47 6F 76 65 65 5F 48 36 30 36 31 5F 31 37 35 41
  [type=0xFF len=8] Manufacturer Data: 03 88 EC 00 01 03 01
  [type=0x09 len=17] Complete Name: 47 6F 76 65 65 5F 48 36 30 36 31 5F 31 37 35 41


[19:17:06.460] Device: (no name)  [7D:43:28:5E:50:91]
RSSI: -58 dBm
Manufacturer Data:
  Company ID: 0x004C (76)
  Data (26 bytes): 10 07 3B 1F 69 9B 8B 38 58 01 00 00 00 00 00 00
  00 00 00 00 00 00 80 00 00 00
Raw AD (62 bytes):
  02 01 1A 02 0A 08 0C FF 4C 00 10 07 3B 1F 69 9B
  8B 38 58 14 FF 4C 00 01 00 00 00 00 00 00 00 00
  00 00 00 00 80 00 00 00 00 00 00 00 00 00 00 00
  00 00 00 00 00 00 00 00 00 00 00 00 00 00
AD Structures:
  [type=0x01 len=2] Flags: 1A
  [type=0x0A len=2] Type 10: 08
  [type=0xFF len=12] Manufacturer Data: 4C 00 10 07 3B 1F 69 9B 8B 38 58
  [type=0xFF len=20] Manufacturer Data: 4C 00 01 00 00 00 00 00 00 00 00 00 00 00 00 80
  00 00 00


[19:17:06.465] Device: (no name)  [7B:99:EF:03:C2:D3]
RSSI: -86 dBm
Manufacturer Data:
  Company ID: 0x004C (76)
  Data (8 bytes): 10 06 3C 1E 40 66 B1 6E
Raw AD (62 bytes):
  02 01 1A 02 0A 0C 0B FF 4C 00 10 06 3C 1E 40 66
  B1 6E 00 00 00 00 00 00 00 00 00 00 00 00 00 00
  00 00 00 00 00 00 00 00 00 00 00 00 00 00 00 00
  00 00 00 00 00 00 00 00 00 00 00 00 00 00
AD Structures:
  [type=0x01 len=2] Flags: 1A
  [type=0x0A len=2] Type 10: 0C
  [type=0xFF len=11] Manufacturer Data: 4C 00 10 06 3C 1E 40 66 B1 6E


[19:17:06.466] Device: (no name)  [F0:B3:EC:6B:AE:C9]
RSSI: -80 dBm
Manufacturer Data:
  Company ID: 0x004C (76)
  Data (7 bytes): 10 05 08 14 6E 29 60
Raw AD (62 bytes):
  02 01 1A 02 0A 0C 0A FF 4C 00 10 05 08 14 6E 29
  60 00 00 00 00 00 00 00 00 00 00 00 00 00 00 00
  00 00 00 00 00 00 00 00 00 00 00 00 00 00 00 00
  00 00 00 00 00 00 00 00 00 00 00 00 00 00
AD Structures:
  [type=0x01 len=2] Flags: 1A
  [type=0x0A len=2] Type 10: 0C
  [type=0xFF len=10] Manufacturer Data: 4C 00 10 05 08 14 6E 29 60


[19:17:06.467] Device: (no name)  [63:77:1C:42:45:AB]
RSSI: -96 dBm
Manufacturer Data:
  Company ID: 0x004C (76)
  Data (8 bytes): 10 06 0F 19 1E 43 D7 28
Raw AD (62 bytes):
  02 01 1A 02 0A 0C 0B FF 4C 00 10 06 0F 19 1E 43
  D7 28 00 00 00 00 00 00 00 00 00 00 00 00 00 00
  00 00 00 00 00 00 00 00 00 00 00 00 00 00 00 00
  00 00 00 00 00 00 00 00 00 00 00 00 00 00
AD Structures:
  [type=0x01 len=2] Flags: 1A
  [type=0x0A len=2] Type 10: 0C
  [type=0xFF len=11] Manufacturer Data: 4C 00 10 06 0F 19 1E 43 D7 28


[19:17:06.523] Device: (no name)  [51:38:78:0C:32:17]
RSSI: -80 dBm
Manufacturer Data:
  Company ID: 0x004C (76)
  Data (8 bytes): 10 06 03 1D D7 4E 41 78
Raw AD (62 bytes):
  02 01 1A 02 0A 0B 0B FF 4C 00 10 06 03 1D D7 4E
  41 78 00 00 00 00 00 00 00 00 00 00 00 00 00 00
  00 00 00 00 00 00 00 00 00 00 00 00 00 00 00 00
  00 00 00 00 00 00 00 00 00 00 00 00 00 00
AD Structures:
  [type=0x01 len=2] Flags: 1A
  [type=0x0A len=2] Type 10: 0B
  [type=0xFF len=11] Manufacturer Data: 4C 00 10 06 03 1D D7 4E 41 78


[19:17:06.524] Device: Govee_H6072_5288  [C8:36:39:34:52:88]
RSSI: -44 dBm
Manufacturer Data:
  Company ID: 0x8802 (34818)
  Data (5 bytes): EC 00 02 01 01
Raw AD (62 bytes):
  02 01 06 11 09 47 6F 76 65 65 5F 48 36 30 37 32
  5F 35 32 38 38 08 FF 02 88 EC 00 02 01 01 11 09
  47 6F 76 65 65 5F 48 36 30 37 32 5F 35 32 38 38
  00 00 00 00 00 00 00 00 00 00 00 00 00 00
AD Structures:
  [type=0x01 len=2] Flags: 06
  [type=0x09 len=17] Complete Name: 47 6F 76 65 65 5F 48 36 30 37 32 5F 35 32 38 38
  [type=0xFF len=8] Manufacturer Data: 02 88 EC 00 02 01 01
  [type=0x09 len=17] Complete Name: 47 6F 76 65 65 5F 48 36 30 37 32 5F 35 32 38 38


[19:17:06.525] Device: Govee_H6072_388C  [C2:36:39:34:38:8C]
RSSI: -68 dBm
Manufacturer Data:
  Company ID: 0x8802 (34818)
  Data (5 bytes): EC 00 02 01 01
Raw AD (62 bytes):
  02 01 06 11 09 47 6F 76 65 65 5F 48 36 30 37 32
  5F 33 38 38 43 08 FF 02 88 EC 00 02 01 01 11 09
  47 6F 76 65 65 5F 48 36 30 37 32 5F 33 38 38 43
  00 00 00 00 00 00 00 00 00 00 00 00 00 00
AD Structures:
  [type=0x01 len=2] Flags: 06
  [type=0x09 len=17] Complete Name: 47 6F 76 65 65 5F 48 36 30 37 32 5F 33 38 38 43
  [type=0xFF len=8] Manufacturer Data: 02 88 EC 00 02 01 01
  [type=0x09 len=17] Complete Name: 47 6F 76 65 65 5F 48 36 30 37 32 5F 33 38 38 43


[19:17:06.561] Device: GBK_H61A2_B3DB  [D4:AD:FC:6C:B3:DB]
RSSI: -50 dBm
Manufacturer Data:
  Company ID: 0x8802 (34818)
  Data (5 bytes): EC 00 02 01 01
Raw AD (62 bytes):
  0F 09 47 42 4B 5F 48 36 31 41 32 5F 42 33 44 42
  08 FF 02 88 EC 00 02 01 01 02 01 05 0F 09 47 42
  4B 5F 48 36 31 41 32 5F 42 33 44 42 00 00 00 00
  00 00 00 00 00 00 00 00 00 00 00 00 00 00
AD Structures:
  [type=0x09 len=15] Complete Name: 47 42 4B 5F 48 36 31 41 32 5F 42 33 44 42
  [type=0xFF len=8] Manufacturer Data: 02 88 EC 00 02 01 01
  [type=0x01 len=2] Flags: 05
  [type=0x09 len=15] Complete Name: 47 42 4B 5F 48 36 31 41 32 5F 42 33 44 42


[19:17:07.204] Device: (no name)  [6C:63:05:AE:A3:08]
RSSI: -93 dBm
Manufacturer Data:
  Company ID: 0x004C (76)
  Data (8 bytes): 10 06 0F 19 1E 43 D7 28
Raw AD (62 bytes):
  02 01 1A 02 0A 0C 0B FF 4C 00 10 06 0F 19 1E 43
  D7 28 00 00 00 00 00 00 00 00 00 00 00 00 00 00
  00 00 00 00 00 00 00 00 00 00 00 00 00 00 00 00
  00 00 00 00 00 00 00 00 00 00 00 00 00 00
AD Structures:
  [type=0x01 len=2] Flags: 1A
  [type=0x0A len=2] Type 10: 0C
  [type=0xFF len=11] Manufacturer Data: 4C 00 10 06 0F 19 1E 43 D7 28


[19:17:07.277] Device: (no name)  [5C:29:D7:40:4F:AC]
RSSI: -81 dBm
Manufacturer Data:
  Company ID: 0x004C (76)
  Data (20 bytes): 09 08 13 E6 C0 A8 01 91 1B 58 16 08 00 AF BD 68
  44 A7 E2 88
Raw AD (62 bytes):
  02 01 1A 17 FF 4C 00 09 08 13 E6 C0 A8 01 91 1B
  58 16 08 00 AF BD 68 44 A7 E2 88 00 00 00 00 00
  00 00 00 00 00 00 00 00 00 00 00 00 00 00 00 00
  00 00 00 00 00 00 00 00 00 00 00 00 00 00
AD Structures:
  [type=0x01 len=2] Flags: 1A
  [type=0xFF len=23] Manufacturer Data: 4C 00 09 08 13 E6 C0 A8 01 91 1B 58 16 08 00 AF
  BD 68 44 A7 E2 88


[19:17:07.315] Device: (no name)  [C5:D7:9B:F7:3C:BF]
RSSI: -95 dBm
Manufacturer Data:
  Company ID: 0x004C (76)
  Data (4 bytes): 12 02 00 00
Raw AD (62 bytes):
  07 FF 4C 00 12 02 00 00 00 00 00 00 00 00 00 00
  00 00 00 00 00 00 00 00 00 00 00 00 00 00 00 00
  00 00 00 00 00 00 00 00 00 00 00 00 00 00 00 00
  00 00 00 00 00 00 00 00 00 00 00 00 00 00
AD Structures:
  [type=0xFF len=7] Manufacturer Data: 4C 00 12 02 00 00


[19:17:07.317] Device: (no name)  [71:DA:7E:3B:51:9B]
RSSI: -96 dBm
Manufacturer Data:
  Company ID: 0x004C (76)
  Data (16 bytes): 09 08 13 5B C0 A8 B2 24 1B 58 0A 04 12 BC BB 85
Raw AD (62 bytes):
  02 01 1A 13 FF 4C 00 09 08 13 5B C0 A8 B2 24 1B
  58 0A 04 12 BC BB 85 00 00 00 00 00 00 00 00 00
  00 00 00 00 00 00 00 00 00 00 00 00 00 00 00 00
  00 00 00 00 00 00 00 00 00 00 00 00 00 00
AD Structures:
  [type=0x01 len=2] Flags: 1A
  [type=0xFF len=19] Manufacturer Data: 4C 00 09 08 13 5B C0 A8 B2 24 1B 58 0A 04 12 BC
  BB 85


[19:17:07.393] Device: (no name)  [51:8A:01:74:E3:F2]
RSSI: -82 dBm
Manufacturer Data:
  Company ID: 0x004C (76)
  Data (8 bytes): 10 06 3F 1A 65 43 A8 13
Raw AD (62 bytes):
  02 01 1A 02 0A 0C 0B FF 4C 00 10 06 3F 1A 65 43
  A8 13 00 00 00 00 00 00 00 00 00 00 00 00 00 00
  00 00 00 00 00 00 00 00 00 00 00 00 00 00 00 00
  00 00 00 00 00 00 00 00 00 00 00 00 00 00
AD Structures:
  [type=0x01 len=2] Flags: 1A
  [type=0x0A len=2] Type 10: 0C
  [type=0xFF len=11] Manufacturer Data: 4C 00 10 06 3F 1A 65 43 A8 13


[19:17:08.105] Device: (no name)  [E4:66:4A:F2:F8:A3]
RSSI: -79 dBm
Manufacturer Data:
  Company ID: 0x004C (76)
  Data (4 bytes): 12 02 00 02
Raw AD (62 bytes):
  07 FF 4C 00 12 02 00 02 00 00 00 00 00 00 00 00
  00 00 00 00 00 00 00 00 00 00 00 00 00 00 00 00
  00 00 00 00 00 00 00 00 00 00 00 00 00 00 00 00
  00 00 00 00 00 00 00 00 00 00 00 00 00 00
AD Structures:
  [type=0xFF len=7] Manufacturer Data: 4C 00 12 02 00 02


[19:17:08.642] Device: DXCMVY  [CD:3F:DE:25:5E:78]
RSSI: -77 dBm
Service UUIDs:
  0000febc-0000-1000-8000-00805f9b34fb
Manufacturer Data:
  Company ID: 0x00D0 (208)
  Data (4 bytes): 9C BA 12 04
Raw AD (62 bytes):
  02 01 06 07 09 44 58 43 4D 56 59 03 02 BC FE 07
  FF D0 00 9C BA 12 04 00 00 00 00 00 00 00 00 00
  00 00 00 00 00 00 00 00 00 00 00 00 00 00 00 00
  00 00 00 00 00 00 00 00 00 00 00 00 00 00
AD Structures:
  [type=0x01 len=2] Flags: 06
  [type=0x09 len=7] Complete Name: 44 58 43 4D 56 59
  [type=0x02 len=3] Type 2: BC FE
  [type=0xFF len=7] Manufacturer Data: D0 00 9C BA 12 04


[19:17:08.723] Device: (no name)  [D9:57:DA:CC:16:A0]
RSSI: -50 dBm
Manufacturer Data:
  Company ID: 0x004C (76)
  Data (23 bytes): 12 02 6E 01 07 11 06 18 BA F8 52 4D 17 61 26 E7
  BD E0 45 5B D0 9D 45
Raw AD (62 bytes):
  1A FF 4C 00 12 02 6E 01 07 11 06 18 BA F8 52 4D
  17 61 26 E7 BD E0 45 5B D0 9D 45 00 00 00 00 00
  00 00 00 00 00 00 00 00 00 00 00 00 00 00 00 00
  00 00 00 00 00 00 00 00 00 00 00 00 00 00
AD Structures:
  [type=0xFF len=26] Manufacturer Data: 4C 00 12 02 6E 01 07 11 06 18 BA F8 52 4D 17 61
  26 E7 BD E0 45 5B D0 9D 45


[19:17:08.725] Device: (no name)  [E7:13:19:C6:25:C5]
RSSI: -99 dBm
Manufacturer Data:
  Company ID: 0x004C (76)
  Data (4 bytes): 12 02 00 02
Raw AD (62 bytes):
  07 FF 4C 00 12 02 00 02 00 00 00 00 00 00 00 00
  00 00 00 00 00 00 00 00 00 00 00 00 00 00 00 00
  00 00 00 00 00 00 00 00 00 00 00 00 00 00 00 00
  00 00 00 00 00 00 00 00 00 00 00 00 00 00
AD Structures:
  [type=0xFF len=7] Manufacturer Data: 4C 00 12 02 00 02


[19:17:08.803] Device: (no name)  [C3:10:B4:66:2F:D2]
RSSI: -76 dBm
Manufacturer Data:
  Company ID: 0x004C (76)
  Data (4 bytes): 12 02 00 02
Raw AD (62 bytes):
  07 FF 4C 00 12 02 00 02 00 00 00 00 00 00 00 00
  00 00 00 00 00 00 00 00 00 00 00 00 00 00 00 00
  00 00 00 00 00 00 00 00 00 00 00 00 00 00 00 00
  00 00 00 00 00 00 00 00 00 00 00 00 00 00
AD Structures:
  [type=0xFF len=7] Manufacturer Data: 4C 00 12 02 00 02


[19:17:08.833] Device: (no name)  [76:D3:A8:DC:AF:57]
RSSI: -58 dBm
Manufacturer Data:
  Company ID: 0x004C (76)
  Data (10 bytes): 16 08 00 06 39 E2 38 5D DB C6
Raw AD (62 bytes):
  02 01 1A 0D FF 4C 00 16 08 00 06 39 E2 38 5D DB
  C6 00 00 00 00 00 00 00 00 00 00 00 00 00 00 00
  00 00 00 00 00 00 00 00 00 00 00 00 00 00 00 00
  00 00 00 00 00 00 00 00 00 00 00 00 00 00
AD Structures:
  [type=0x01 len=2] Flags: 1A
  [type=0xFF len=13] Manufacturer Data: 4C 00 16 08 00 06 39 E2 38 5D DB C6


[19:17:09.421] Device: (no name)  [FD:CC:4D:02:1A:DD]
RSSI: -96 dBm
Manufacturer Data:
  Company ID: 0x004C (76)
  Data (4 bytes): 12 02 00 03
Raw AD (62 bytes):
  07 FF 4C 00 12 02 00 03 00 00 00 00 00 00 00 00
  00 00 00 00 00 00 00 00 00 00 00 00 00 00 00 00
  00 00 00 00 00 00 00 00 00 00 00 00 00 00 00 00
  00 00 00 00 00 00 00 00 00 00 00 00 00 00
AD Structures:
  [type=0xFF len=7] Manufacturer Data: 4C 00 12 02 00 03


[19:17:10.857] Device: (no name)  [DF:AF:F7:56:7E:AD]
RSSI: -95 dBm
Manufacturer Data:
  Company ID: 0x004C (76)
  Data (4 bytes): 12 02 D0 02
Raw AD (62 bytes):
  07 FF 4C 00 12 02 D0 02 00 00 00 00 00 00 00 00
  00 00 00 00 00 00 00 00 00 00 00 00 00 00 00 00
  00 00 00 00 00 00 00 00 00 00 00 00 00 00 00 00
  00 00 00 00 00 00 00 00 00 00 00 00 00 00
AD Structures:
  [type=0xFF len=7] Manufacturer Data: 4C 00 12 02 D0 02


[19:17:10.866] Device: (no name)  [D5:A0:CB:BB:50:D0]
RSSI: -58 dBm
Manufacturer Data:
  Company ID: 0x004C (76)
  Data (4 bytes): 12 02 00 01
Raw AD (62 bytes):
  07 FF 4C 00 12 02 00 01 00 00 00 00 00 00 00 00
  00 00 00 00 00 00 00 00 00 00 00 00 00 00 00 00
  00 00 00 00 00 00 00 00 00 00 00 00 00 00 00 00
  00 00 00 00 00 00 00 00 00 00 00 00 00 00
AD Structures:
  [type=0xFF len=7] Manufacturer Data: 4C 00 12 02 00 01


[19:17:11.533] ========== OMNIPOD FOUND ==========
Device: AP 0000429F 0E9984B10008918D  [34:3C:30:C9:65:5C]
RSSI: -81 dBm
Service UUIDs:
  ce1f923d-c539-48ea-7300-0a0000429c00  <-- OMNIPOD SCAN UUID
    UUID LE bytes: 00 9C 42 00 00 0A 00 73 EA 48 39 C5 3D 92 1F CE
    Profile ID: 10 (VALID)
    Pod ID base: 0x0000429C (17052)  [PAIRED - ctrl ID embedded]
Manufacturer Data:
  Company ID: 0x0360 (864)
  Data (5 bytes): 00 02 30 00 00
  --- Omnipod decode ---
    Pod ID adj bits: 3
    Alarm code: 0x00
    Alert code: 0x00
    Service type: 0x2470 (NO_DATA (default))
Raw AD (62 bytes):
  02 01 06 11 06 00 9C 42 00 00 0A 00 73 EA 48 39
  C5 3D 92 1F CE 08 FF 60 03 00 02 30 00 00 1D 09
  41 50 20 30 30 30 30 34 32 39 46 20 30 45 39 39
  38 34 42 31 30 30 30 38 39 31 38 44 00 00
AD Structures:
  [type=0x01 len=2] Flags: 06
  [type=0x06 len=17] Incomplete 128-bit UUIDs: 00 9C 42 00 00 0A 00 73 EA 48 39 C5 3D 92 1F CE
  [type=0xFF len=8] Manufacturer Data: 60 03 00 02 30 00 00
  [type=0x09 len=29] Complete Name: 41 50 20 30 30 30 30 34 32 39 46 20 30 45 39 39
  38 34 42 31 30 30 30 38 39 31 38 44
====================================


[19:17:11.572] Device: GVH600D833E  [A8:46:74:20:83:3E]
RSSI: -97 dBm
Manufacturer Data:
  Company ID: 0x8802 (34818)
  Data (6 bytes): EC 00 01 01 00 00
Raw AD (62 bytes):
  02 01 06 0C 09 47 56 48 36 30 30 44 38 33 33 45
  09 FF 02 88 EC 00 01 01 00 00 03 19 00 00 00 00
  00 00 00 00 00 00 00 00 00 00 00 00 00 00 00 00
  00 00 00 00 00 00 00 00 00 00 00 00 00 00
AD Structures:
  [type=0x01 len=2] Flags: 06
  [type=0x09 len=12] Complete Name: 47 56 48 36 30 30 44 38 33 33 45
  [type=0xFF len=9] Manufacturer Data: 02 88 EC 00 01 01 00 00
  [type=0x19 len=3] Type 25: 00 00


[19:17:11.634] Device: (no name)  [50:CC:05:F3:80:88]
RSSI: -95 dBm
Manufacturer Data:
  Company ID: 0x004C (76)
  Data (10 bytes): 16 08 00 BE 72 9A 02 8A B1 30
Raw AD (62 bytes):
  02 01 1A 0D FF 4C 00 16 08 00 BE 72 9A 02 8A B1
  30 00 00 00 00 00 00 00 00 00 00 00 00 00 00 00
  00 00 00 00 00 00 00 00 00 00 00 00 00 00 00 00
  00 00 00 00 00 00 00 00 00 00 00 00 00 00
AD Structures:
  [type=0x01 len=2] Flags: 1A
  [type=0xFF len=13] Manufacturer Data: 4C 00 16 08 00 BE 72 9A 02 8A B1 30


[19:17:11.635] Device: (no name)  [58:84:D1:63:79:98]
RSSI: -90 dBm
Manufacturer Data:
  Company ID: 0x004C (76)
  Data (26 bytes): 10 07 33 1F C9 43 49 0B 08 01 00 00 00 00 00 00
  00 00 00 00 00 00 80 00 00 00
Raw AD (62 bytes):
  02 01 1A 02 0A 0B 0C FF 4C 00 10 07 33 1F C9 43
  49 0B 08 14 FF 4C 00 01 00 00 00 00 00 00 00 00
  00 00 00 00 80 00 00 00 00 00 00 00 00 00 00 00
  00 00 00 00 00 00 00 00 00 00 00 00 00 00
AD Structures:
  [type=0x01 len=2] Flags: 1A
  [type=0x0A len=2] Type 10: 0B
  [type=0xFF len=12] Manufacturer Data: 4C 00 10 07 33 1F C9 43 49 0B 08
  [type=0xFF len=20] Manufacturer Data: 4C 00 01 00 00 00 00 00 00 00 00 00 00 00 00 80
  00 00 00


[19:17:12.301] ========== OMNIPOD FOUND ==========
Device: AP 0000429F 0E9984B10008918D  [34:3C:30:C9:65:5C]
RSSI: -71 dBm
Service UUIDs:
  ce1f923d-c539-48ea-7300-0a0000429c00  <-- OMNIPOD SCAN UUID
    UUID LE bytes: 00 9C 42 00 00 0A 00 73 EA 48 39 C5 3D 92 1F CE
    Profile ID: 10 (VALID)
    Pod ID base: 0x0000429C (17052)  [PAIRED - ctrl ID embedded]
Manufacturer Data:
  Company ID: 0x0360 (864)
  Data (5 bytes): 00 02 30 00 00
  --- Omnipod decode ---
    Pod ID adj bits: 3
    Alarm code: 0x00
    Alert code: 0x00
    Service type: 0x2470 (NO_DATA (default))
Raw AD (62 bytes):
  02 01 06 11 06 00 9C 42 00 00 0A 00 73 EA 48 39
  C5 3D 92 1F CE 08 FF 60 03 00 02 30 00 00 1D 09
  41 50 20 30 30 30 30 34 32 39 46 20 30 45 39 39
  38 34 42 31 30 30 30 38 39 31 38 44 00 00
AD Structures:
  [type=0x01 len=2] Flags: 06
  [type=0x06 len=17] Incomplete 128-bit UUIDs: 00 9C 42 00 00 0A 00 73 EA 48 39 C5 3D 92 1F CE
  [type=0xFF len=8] Manufacturer Data: 60 03 00 02 30 00 00
  [type=0x09 len=29] Complete Name: 41 50 20 30 30 30 30 34 32 39 46 20 30 45 39 39
  38 34 42 31 30 30 30 38 39 31 38 44
====================================


[19:17:16.854] ========== OMNIPOD FOUND ==========
Device: Openpod_Emu  [F3:F9:AA:51:B5:54]
RSSI: -40 dBm
Service UUIDs:
  ce1f923d-c539-48ea-7300-0afffffffe00  <-- OMNIPOD SCAN UUID
    UUID LE bytes: 00 FE FF FF FF 0A 00 73 EA 48 39 C5 3D 92 1F CE
    Profile ID: 10 (VALID)
    Pod ID base: 0xFFFFFFFE (4294967294)  [UNPAIRED]
Manufacturer Data:
  Company ID: 0x0000 (0)
  Data (7 bytes): 00 00 00 00 00 00 00
  --- Omnipod decode ---
    Pod ID adj bits: 0
    Alarm code: 0x00
    Alert code: 0x00
    Service type: 0x2470 (NO_DATA (default))
Raw AD (62 bytes):
  11 06 00 FE FF FF FF 0A 00 73 EA 48 39 C5 3D 92
  1F CE 0A FF 00 00 00 00 00 00 00 00 00 0C 09 4F
  70 65 6E 70 6F 64 5F 45 6D 75 00 00 00 00 00 00
  00 00 00 00 00 00 00 00 00 00 00 00 00 00
AD Structures:
  [type=0x06 len=17] Incomplete 128-bit UUIDs: 00 FE FF FF FF 0A 00 73 EA 48 39 C5 3D 92 1F CE
  [type=0xFF len=10] Manufacturer Data: 00 00 00 00 00 00 00 00 00
  [type=0x09 len=12] Complete Name: 4F 70 65 6E 70 6F 64 5F 45 6D 75
====================================


[19:17:17.003] ========== OMNIPOD FOUND ==========
Device: AP 0000429F 0E9984B10008918D  [34:3C:30:C9:65:5C]
RSSI: -82 dBm
Service UUIDs:
  ce1f923d-c539-48ea-7300-0a0000429c00  <-- OMNIPOD SCAN UUID
    UUID LE bytes: 00 9C 42 00 00 0A 00 73 EA 48 39 C5 3D 92 1F CE
    Profile ID: 10 (VALID)
    Pod ID base: 0x0000429C (17052)  [PAIRED - ctrl ID embedded]
Manufacturer Data:
  Company ID: 0x0360 (864)
  Data (5 bytes): 00 02 30 00 00
  --- Omnipod decode ---
    Pod ID adj bits: 3
    Alarm code: 0x00
    Alert code: 0x00
    Service type: 0x2470 (NO_DATA (default))
Raw AD (62 bytes):
  02 01 06 11 06 00 9C 42 00 00 0A 00 73 EA 48 39
  C5 3D 92 1F CE 08 FF 60 03 00 02 30 00 00 1D 09
  41 50 20 30 30 30 30 34 32 39 46 20 30 45 39 39
  38 34 42 31 30 30 30 38 39 31 38 44 00 00
AD Structures:
  [type=0x01 len=2] Flags: 06
  [type=0x06 len=17] Incomplete 128-bit UUIDs: 00 9C 42 00 00 0A 00 73 EA 48 39 C5 3D 92 1F CE
  [type=0xFF len=8] Manufacturer Data: 60 03 00 02 30 00 00
  [type=0x09 len=29] Complete Name: 41 50 20 30 30 30 30 34 32 39 46 20 30 45 39 39
  38 34 42 31 30 30 30 38 39 31 38 44
====================================


[19:17:26.761] Device: (no name)  [CC:C2:C3:DB:D0:AC]
RSSI: -56 dBm
Manufacturer Data:
  Company ID: 0x004C (76)
  Data (4 bytes): 12 02 00 00
Raw AD (62 bytes):
  07 FF 4C 00 12 02 00 00 00 00 00 00 00 00 00 00
  00 00 00 00 00 00 00 00 00 00 00 00 00 00 00 00
  00 00 00 00 00 00 00 00 00 00 00 00 00 00 00 00
  00 00 00 00 00 00 00 00 00 00 00 00 00 00
AD Structures:
  [type=0xFF len=7] Manufacturer Data: 4C 00 12 02 00 00


[19:17:27.907] Device: (no name)  [52:7C:72:57:1C:31]
RSSI: -95 dBm
Manufacturer Data:
  Company ID: 0x004C (76)
  Data (9 bytes): 10 07 3C 1F AB 6F C8 F1 68
Raw AD (62 bytes):
  02 01 1A 0C FF 4C 00 10 07 3C 1F AB 6F C8 F1 68
  02 0A 00 00 00 00 00 00 00 00 00 00 00 00 00 00
  00 00 00 00 00 00 00 00 00 00 00 00 00 00 00 00
  00 00 00 00 00 00 00 00 00 00 00 00 00 00
AD Structures:
  [type=0x01 len=2] Flags: 1A
  [type=0xFF len=12] Manufacturer Data: 4C 00 10 07 3C 1F AB 6F C8 F1 68
  [type=0x0A len=2] Type 10: 00


[19:17:29.484] Device: (no name)  [62:DD:47:16:67:0F]
RSSI: -98 dBm
Manufacturer Data:
  Company ID: 0x004C (76)
  Data (26 bytes): 10 07 3E 1F 84 54 F2 C9 38 01 00 00 00 00 00 00
  00 00 00 00 00 00 80 00 00 00
Raw AD (62 bytes):
  02 01 1A 02 0A 0C 0C FF 4C 00 10 07 3E 1F 84 54
  F2 C9 38 14 FF 4C 00 01 00 00 00 00 00 00 00 00
  00 00 00 00 80 00 00 00 00 00 00 00 00 00 00 00
  00 00 00 00 00 00 00 00 00 00 00 00 00 00
AD Structures:
  [type=0x01 len=2] Flags: 1A
  [type=0x0A len=2] Type 10: 0C
  [type=0xFF len=12] Manufacturer Data: 4C 00 10 07 3E 1F 84 54 F2 C9 38
  [type=0xFF len=20] Manufacturer Data: 4C 00 01 00 00 00 00 00 00 00 00 00 00 00 00 80
  00 00 00


[19:17:30.660] ========== OMNIPOD FOUND ==========
Device: AP 0000429F 0E9984B10008918D  [34:3C:30:C9:65:5C]
RSSI: -74 dBm
Service UUIDs:
  ce1f923d-c539-48ea-7300-0a0000429c00  <-- OMNIPOD SCAN UUID
    UUID LE bytes: 00 9C 42 00 00 0A 00 73 EA 48 39 C5 3D 92 1F CE
    Profile ID: 10 (VALID)
    Pod ID base: 0x0000429C (17052)  [PAIRED - ctrl ID embedded]
Manufacturer Data:
  Company ID: 0x0360 (864)
  Data (5 bytes): 00 02 30 00 00
  --- Omnipod decode ---
    Pod ID adj bits: 3
    Alarm code: 0x00
    Alert code: 0x00
    Service type: 0x2470 (NO_DATA (default))
Raw AD (62 bytes):
  02 01 06 11 06 00 9C 42 00 00 0A 00 73 EA 48 39
  C5 3D 92 1F CE 08 FF 60 03 00 02 30 00 00 1D 09
  41 50 20 30 30 30 30 34 32 39 46 20 30 45 39 39
  38 34 42 31 30 30 30 38 39 31 38 44 00 00
AD Structures:
  [type=0x01 len=2] Flags: 06
  [type=0x06 len=17] Incomplete 128-bit UUIDs: 00 9C 42 00 00 0A 00 73 EA 48 39 C5 3D 92 1F CE
  [type=0xFF len=8] Manufacturer Data: 60 03 00 02 30 00 00
  [type=0x09 len=29] Complete Name: 41 50 20 30 30 30 30 34 32 39 46 20 30 45 39 39
  38 34 42 31 30 30 30 38 39 31 38 44
====================================


[19:17:40.629] ========== OMNIPOD FOUND ==========
Device: AP 0000429F 0E9984B10008918D  [34:3C:30:C9:65:5C]
RSSI: -78 dBm
Service UUIDs:
  ce1f923d-c539-48ea-7300-0a0000429c00  <-- OMNIPOD SCAN UUID
    UUID LE bytes: 00 9C 42 00 00 0A 00 73 EA 48 39 C5 3D 92 1F CE
    Profile ID: 10 (VALID)
    Pod ID base: 0x0000429C (17052)  [PAIRED - ctrl ID embedded]
Manufacturer Data:
  Company ID: 0x0360 (864)
  Data (5 bytes): 00 02 30 00 00
  --- Omnipod decode ---
    Pod ID adj bits: 3
    Alarm code: 0x00
    Alert code: 0x00
    Service type: 0x2470 (NO_DATA (default))
Raw AD (62 bytes):
  02 01 06 11 06 00 9C 42 00 00 0A 00 73 EA 48 39
  C5 3D 92 1F CE 08 FF 60 03 00 02 30 00 00 1D 09
  41 50 20 30 30 30 30 34 32 39 46 20 30 45 39 39
  38 34 42 31 30 30 30 38 39 31 38 44 00 00
AD Structures:
  [type=0x01 len=2] Flags: 06
  [type=0x06 len=17] Incomplete 128-bit UUIDs: 00 9C 42 00 00 0A 00 73 EA 48 39 C5 3D 92 1F CE
  [type=0xFF len=8] Manufacturer Data: 60 03 00 02 30 00 00
  [type=0x09 len=29] Complete Name: 41 50 20 30 30 30 30 34 32 39 46 20 30 45 39 39
  38 34 42 31 30 30 30 38 39 31 38 44
====================================


[19:17:41.908] Device: GVH600D50FA  [0C:4E:A0:88:50:FA]
RSSI: -96 dBm
Manufacturer Data:
  Company ID: 0x8802 (34818)
  Data (6 bytes): EC 00 01 01 00 00
Raw AD (62 bytes):
  02 01 06 0C 09 47 56 48 36 30 30 44 35 30 46 41
  09 FF 02 88 EC 00 01 01 00 00 03 19 00 00 00 00
  00 00 00 00 00 00 00 00 00 00 00 00 00 00 00 00
  00 00 00 00 00 00 00 00 00 00 00 00 00 00
AD Structures:
  [type=0x01 len=2] Flags: 06
  [type=0x09 len=12] Complete Name: 47 56 48 36 30 30 44 35 30 46 41
  [type=0xFF len=9] Manufacturer Data: 02 88 EC 00 01 01 00 00
  [type=0x19 len=3] Type 25: 00 00


[19:17:46.137] Device: (no name)  [52:AE:18:A3:36:71]
RSSI: -90 dBm
Manufacturer Data:
  Company ID: 0x004C (76)
  Data (26 bytes): 10 07 3B 1F 25 A3 0B 37 78 01 00 00 00 00 00 00
  00 00 00 00 00 00 80 00 00 00
Raw AD (62 bytes):
  02 01 1A 02 0A 0B 0C FF 4C 00 10 07 3B 1F 25 A3
  0B 37 78 14 FF 4C 00 01 00 00 00 00 00 00 00 00
  00 00 00 00 80 00 00 00 00 00 00 00 00 00 00 00
  00 00 00 00 00 00 00 00 00 00 00 00 00 00
AD Structures:
  [type=0x01 len=2] Flags: 1A
  [type=0x0A len=2] Type 10: 0B
  [type=0xFF len=12] Manufacturer Data: 4C 00 10 07 3B 1F 25 A3 0B 37 78
  [type=0xFF len=20] Manufacturer Data: 4C 00 01 00 00 00 00 00 00 00 00 00 00 00 00 80
  00 00 00


[19:17:49.018] ========== OMNIPOD FOUND ==========
Device: AP 0000429F 0E9984B10008918D  [34:3C:30:C9:65:5C]
RSSI: -69 dBm
Service UUIDs:
  ce1f923d-c539-48ea-7300-0a0000429c00  <-- OMNIPOD SCAN UUID
    UUID LE bytes: 00 9C 42 00 00 0A 00 73 EA 48 39 C5 3D 92 1F CE
    Profile ID: 10 (VALID)
    Pod ID base: 0x0000429C (17052)  [PAIRED - ctrl ID embedded]
Manufacturer Data:
  Company ID: 0x0360 (864)
  Data (5 bytes): 00 02 30 00 00
  --- Omnipod decode ---
    Pod ID adj bits: 3
    Alarm code: 0x00
    Alert code: 0x00
    Service type: 0x2470 (NO_DATA (default))
Raw AD (62 bytes):
  02 01 06 11 06 00 9C 42 00 00 0A 00 73 EA 48 39
  C5 3D 92 1F CE 08 FF 60 03 00 02 30 00 00 1D 09
  41 50 20 30 30 30 30 34 32 39 46 20 30 45 39 39
  38 34 42 31 30 30 30 38 39 31 38 44 00 00
AD Structures:
  [type=0x01 len=2] Flags: 06
  [type=0x06 len=17] Incomplete 128-bit UUIDs: 00 9C 42 00 00 0A 00 73 EA 48 39 C5 3D 92 1F CE
  [type=0xFF len=8] Manufacturer Data: 60 03 00 02 30 00 00
  [type=0x09 len=29] Complete Name: 41 50 20 30 30 30 30 34 32 39 46 20 30 45 39 39
  38 34 42 31 30 30 30 38 39 31 38 44
====================================


[19:17:57.445] ========== OMNIPOD FOUND ==========
Device: AP 0000429F 0E9984B10008918D  [34:3C:30:C9:65:5C]
RSSI: -70 dBm
Service UUIDs:
  ce1f923d-c539-48ea-7300-0a0000429c00  <-- OMNIPOD SCAN UUID
    UUID LE bytes: 00 9C 42 00 00 0A 00 73 EA 48 39 C5 3D 92 1F CE
    Profile ID: 10 (VALID)
    Pod ID base: 0x0000429C (17052)  [PAIRED - ctrl ID embedded]
Manufacturer Data:
  Company ID: 0x0360 (864)
  Data (5 bytes): 00 02 30 00 00
  --- Omnipod decode ---
    Pod ID adj bits: 3
    Alarm code: 0x00
    Alert code: 0x00
    Service type: 0x2470 (NO_DATA (default))
Raw AD (62 bytes):
  02 01 06 11 06 00 9C 42 00 00 0A 00 73 EA 48 39
  C5 3D 92 1F CE 08 FF 60 03 00 02 30 00 00 1D 09
  41 50 20 30 30 30 30 34 32 39 46 20 30 45 39 39
  38 34 42 31 30 30 30 38 39 31 38 44 00 00
AD Structures:
  [type=0x01 len=2] Flags: 06
  [type=0x06 len=17] Incomplete 128-bit UUIDs: 00 9C 42 00 00 0A 00 73 EA 48 39 C5 3D 92 1F CE
  [type=0xFF len=8] Manufacturer Data: 60 03 00 02 30 00 00
  [type=0x09 len=29] Complete Name: 41 50 20 30 30 30 30 34 32 39 46 20 30 45 39 39
  38 34 42 31 30 30 30 38 39 31 38 44
====================================



=== Scan ended Fri Apr 03 19:18:06 GMT+02:00 2026 ===
