=== Omnipod Scan started Fri Apr 03 18:03:53 GMT+02:00 2026 ===

[18:03:53.519] Device: (no name)  [24:4B:03:94:AD:A7]
RSSI: -89 dBm
Manufacturer Data:
  Company ID: 0x0075 (117)
  Data (24 bytes): 42 04 01 80 8E 24 4B 03 94 AD A7 26 4B 03 35 28
  6B 01 00 00 00 00 00 00
Raw AD (62 bytes):
  1B FF 75 00 42 04 01 80 8E 24 4B 03 94 AD A7 26
  4B 03 35 28 6B 01 00 00 00 00 00 00 00 00 00 00
  00 00 00 00 00 00 00 00 00 00 00 00 00 00 00 00
  00 00 00 00 00 00 00 00 00 00 00 00 00 00
AD Structures:
  [type=0xFF len=27] Manufacturer Data: 75 00 42 04 01 80 8E 24 4B 03 94 AD A7 26 4B 03
  35 28 6B 01 00 00 00 00 00 00


[18:03:53.525] Device: (no name)  [F0:B3:EC:6B:AE:C9]
RSSI: -69 dBm
Manufacturer Data:
  Company ID: 0x004C (76)
  Data (7 bytes): 10 05 08 14 6E 29 60
Raw AD (62 bytes):
  02 01 1A 02 0A 0C 0A FF 4C 00 10 05 08 14 6E 29
  60 00 00 00 00 00 00 00 00 00 00 00 00 00 00 00
  00 00 00 00 00 00 00 00 00 00 00 00 00 00 00 00
  00 00 00 00 00 00 00 00 00 00 00 00 00 00
AD Structures:
  [type=0x01 len=2] Flags: 1A
  [type=0x0A len=2] Type 10: 0C
  [type=0xFF len=10] Manufacturer Data: 4C 00 10 05 08 14 6E 29 60


[18:03:53.539] Device: (no name)  [80:47:86:87:E9:AD]
RSSI: -95 dBm
Manufacturer Data:
  Company ID: 0x0075 (117)
  Data (24 bytes): 42 04 01 80 66 80 47 86 87 E9 AD 82 47 86 87 E9
  AC 01 94 00 00 00 00 00
Raw AD (62 bytes):
  1B FF 75 00 42 04 01 80 66 80 47 86 87 E9 AD 82
  47 86 87 E9 AC 01 94 00 00 00 00 00 00 00 00 00
  00 00 00 00 00 00 00 00 00 00 00 00 00 00 00 00
  00 00 00 00 00 00 00 00 00 00 00 00 00 00
AD Structures:
  [type=0xFF len=27] Manufacturer Data: 75 00 42 04 01 80 66 80 47 86 87 E9 AD 82 47 86
  87 E9 AC 01 94 00 00 00 00 00


[18:03:53.542] Device: GBK_H61A2_B3DB  [D4:AD:FC:6C:B3:DB]
RSSI: -81 dBm
Manufacturer Data:
  Company ID: 0x8802 (34818)
  Data (5 bytes): EC 00 02 01 01
Raw AD (62 bytes):
  0F 09 47 42 4B 5F 48 36 31 41 32 5F 42 33 44 42
  08 FF 02 88 EC 00 02 01 01 02 01 05 0F 09 47 42
  4B 5F 48 36 31 41 32 5F 42 33 44 42 00 00 00 00
  00 00 00 00 00 00 00 00 00 00 00 00 00 00
AD Structures:
  [type=0x09 len=15] Complete Name: 47 42 4B 5F 48 36 31 41 32 5F 42 33 44 42
  [type=0xFF len=8] Manufacturer Data: 02 88 EC 00 02 01 01
  [type=0x01 len=2] Flags: 05
  [type=0x09 len=15] Complete Name: 47 42 4B 5F 48 36 31 41 32 5F 42 33 44 42


[18:03:53.547] Device: SugarPixel-Oben  [78:1C:3C:EF:B4:4E]
RSSI: -64 dBm
Raw AD (62 bytes):
  02 01 06 10 09 53 75 67 61 72 50 69 78 65 6C 2D
  4F 62 65 6E 00 00 00 00 00 00 00 00 00 00 00 00
  00 00 00 00 00 00 00 00 00 00 00 00 00 00 00 00
  00 00 00 00 00 00 00 00 00 00 00 00 00 00
AD Structures:
  [type=0x01 len=2] Flags: 06
  [type=0x09 len=16] Complete Name: 53 75 67 61 72 50 69 78 65 6C 2D 4F 62 65 6E


[18:03:53.575] Device: (no name)  [52:52:86:AD:67:65]
RSSI: -90 dBm
Manufacturer Data:
  Company ID: 0x004C (76)
  Data (8 bytes): 10 06 37 1E 3E 0C 2E CB
Raw AD (62 bytes):
  02 01 1A 02 0A 07 0B FF 4C 00 10 06 37 1E 3E 0C
  2E CB 00 00 00 00 00 00 00 00 00 00 00 00 00 00
  00 00 00 00 00 00 00 00 00 00 00 00 00 00 00 00
  00 00 00 00 00 00 00 00 00 00 00 00 00 00
AD Structures:
  [type=0x01 len=2] Flags: 1A
  [type=0x0A len=2] Type 10: 07
  [type=0xFF len=11] Manufacturer Data: 4C 00 10 06 37 1E 3E 0C 2E CB


[18:03:53.580] Device: (no name)  [03:9F:E6:85:B9:BF]
RSSI: -58 dBm
Manufacturer Data:
  Company ID: 0x0006 (6)
  Data (27 bytes): 01 09 20 22 EC 6D 85 89 48 77 C8 5B 36 08 D8 70
  33 2B 35 BC EC D1 78 E5 45 C1 8D
Raw AD (62 bytes):
  1E FF 06 00 01 09 20 22 EC 6D 85 89 48 77 C8 5B
  36 08 D8 70 33 2B 35 BC EC D1 78 E5 45 C1 8D 00
  00 00 00 00 00 00 00 00 00 00 00 00 00 00 00 00
  00 00 00 00 00 00 00 00 00 00 00 00 00 00
AD Structures:
  [type=0xFF len=30] Manufacturer Data: 06 00 01 09 20 22 EC 6D 85 89 48 77 C8 5B 36 08
  D8 70 33 2B 35 BC EC D1 78 E5 45 C1 8D


[18:03:53.604] Device: (no name)  [6E:A1:02:B3:D9:BD]
RSSI: -78 dBm
Manufacturer Data:
  Company ID: 0x004C (76)
  Data (25 bytes): 10 06 78 16 A0 26 E9 DE 01 00 00 00 00 00 00 00
  00 00 00 00 00 80 00 00 00
Raw AD (62 bytes):
  02 01 1A 02 0A 0C 0B FF 4C 00 10 06 78 16 A0 26
  E9 DE 14 FF 4C 00 01 00 00 00 00 00 00 00 00 00
  00 00 00 80 00 00 00 00 00 00 00 00 00 00 00 00
  00 00 00 00 00 00 00 00 00 00 00 00 00 00
AD Structures:
  [type=0x01 len=2] Flags: 1A
  [type=0x0A len=2] Type 10: 0C
  [type=0xFF len=11] Manufacturer Data: 4C 00 10 06 78 16 A0 26 E9 DE
  [type=0xFF len=20] Manufacturer Data: 4C 00 01 00 00 00 00 00 00 00 00 00 00 00 00 80
  00 00 00


[18:03:53.619] Device: (no name)  [54:68:94:01:E4:97]
RSSI: -80 dBm
Manufacturer Data:
  Company ID: 0x004C (76)
  Data (8 bytes): 10 06 0C 1D 34 CB 75 38
Raw AD (62 bytes):
  02 01 1A 02 0A 0B 0B FF 4C 00 10 06 0C 1D 34 CB
  75 38 00 00 00 00 00 00 00 00 00 00 00 00 00 00
  00 00 00 00 00 00 00 00 00 00 00 00 00 00 00 00
  00 00 00 00 00 00 00 00 00 00 00 00 00 00
AD Structures:
  [type=0x01 len=2] Flags: 1A
  [type=0x0A len=2] Type 10: 0B
  [type=0xFF len=11] Manufacturer Data: 4C 00 10 06 0C 1D 34 CB 75 38


[18:03:53.643] Device: (no name)  [4C:9D:C3:26:8A:42]
RSSI: -71 dBm
Manufacturer Data:
  Company ID: 0x004C (76)
  Data (20 bytes): 09 08 13 E1 C0 A8 01 91 1B 58 16 08 00 B4 C8 B6
  A3 BB 1C C8
Raw AD (62 bytes):
  02 01 1A 17 FF 4C 00 09 08 13 E1 C0 A8 01 91 1B
  58 16 08 00 B4 C8 B6 A3 BB 1C C8 00 00 00 00 00
  00 00 00 00 00 00 00 00 00 00 00 00 00 00 00 00
  00 00 00 00 00 00 00 00 00 00 00 00 00 00
AD Structures:
  [type=0x01 len=2] Flags: 1A
  [type=0xFF len=23] Manufacturer Data: 4C 00 09 08 13 E1 C0 A8 01 91 1B 58 16 08 00 B4
  C8 B6 A3 BB 1C C8


[18:03:53.645] Device: (no name)  [5D:F0:4E:7C:DE:6F]
RSSI: -92 dBm
Manufacturer Data:
  Company ID: 0x004C (76)
  Data (7 bytes): 10 05 03 18 62 D6 5C
Raw AD (62 bytes):
  02 01 1A 02 0A 0C 0A FF 4C 00 10 05 03 18 62 D6
  5C 00 00 00 00 00 00 00 00 00 00 00 00 00 00 00
  00 00 00 00 00 00 00 00 00 00 00 00 00 00 00 00
  00 00 00 00 00 00 00 00 00 00 00 00 00 00
AD Structures:
  [type=0x01 len=2] Flags: 1A
  [type=0x0A len=2] Type 10: 0C
  [type=0xFF len=10] Manufacturer Data: 4C 00 10 05 03 18 62 D6 5C


[18:03:53.672] Device: SugarPixel-Unten  [78:1C:3C:EF:A6:AE]
RSSI: -90 dBm
Raw AD (62 bytes):
  02 01 06 11 09 53 75 67 61 72 50 69 78 65 6C 2D
  55 6E 74 65 6E 00 00 00 00 00 00 00 00 00 00 00
  00 00 00 00 00 00 00 00 00 00 00 00 00 00 00 00
  00 00 00 00 00 00 00 00 00 00 00 00 00 00
AD Structures:
  [type=0x01 len=2] Flags: 06
  [type=0x09 len=17] Complete Name: 53 75 67 61 72 50 69 78 65 6C 2D 55 6E 74 65 6E


[18:03:53.673] Device: (no name)  [D5:2C:2E:80:FC:A5]
RSSI: -88 dBm
Manufacturer Data:
  Company ID: 0x004C (76)
  Data (4 bytes): 12 02 00 00
Raw AD (62 bytes):
  07 FF 4C 00 12 02 00 00 00 00 00 00 00 00 00 00
  00 00 00 00 00 00 00 00 00 00 00 00 00 00 00 00
  00 00 00 00 00 00 00 00 00 00 00 00 00 00 00 00
  00 00 00 00 00 00 00 00 00 00 00 00 00 00
AD Structures:
  [type=0xFF len=7] Manufacturer Data: 4C 00 12 02 00 00


[18:03:54.377] Device: (no name)  [4E:3A:EB:8B:4D:A1]
RSSI: -83 dBm
Manufacturer Data:
  Company ID: 0x004C (76)
  Data (7 bytes): 10 05 01 18 D4 C6 B9
Raw AD (62 bytes):
  02 01 1A 02 0A 11 0A FF 4C 00 10 05 01 18 D4 C6
  B9 00 00 00 00 00 00 00 00 00 00 00 00 00 00 00
  00 00 00 00 00 00 00 00 00 00 00 00 00 00 00 00
  00 00 00 00 00 00 00 00 00 00 00 00 00 00
AD Structures:
  [type=0x01 len=2] Flags: 1A
  [type=0x0A len=2] Type 10: 11
  [type=0xFF len=10] Manufacturer Data: 4C 00 10 05 01 18 D4 C6 B9


[18:03:54.435] Device: (no name)  [5B:5C:E2:60:EA:D3]
RSSI: -98 dBm
Manufacturer Data:
  Company ID: 0x004C (76)
  Data (11 bytes): 0F 05 90 00 41 09 E8 10 02 2A 04
Raw AD (62 bytes):
  02 01 1A 0E FF 4C 00 0F 05 90 00 41 09 E8 10 02
  2A 04 02 0A 00 00 00 00 00 00 00 00 00 00 00 00
  00 00 00 00 00 00 00 00 00 00 00 00 00 00 00 00
  00 00 00 00 00 00 00 00 00 00 00 00 00 00
AD Structures:
  [type=0x01 len=2] Flags: 1A
  [type=0xFF len=14] Manufacturer Data: 4C 00 0F 05 90 00 41 09 E8 10 02 2A 04
  [type=0x0A len=2] Type 10: 00


[18:03:54.468] Device: (no name)  [0C:2B:91:1B:97:22]
RSSI: -97 dBm
Manufacturer Data:
  Company ID: 0x004C (76)
  Data (10 bytes): 13 08 4A A4 34 FD 49 9E ED 00
Raw AD (62 bytes):
  02 01 1A 0D FF 4C 00 13 08 4A A4 34 FD 49 9E ED
  00 00 00 00 00 00 00 00 00 00 00 00 00 00 00 00
  00 00 00 00 00 00 00 00 00 00 00 00 00 00 00 00
  00 00 00 00 00 00 00 00 00 00 00 00 00 00
AD Structures:
  [type=0x01 len=2] Flags: 1A
  [type=0xFF len=13] Manufacturer Data: 4C 00 13 08 4A A4 34 FD 49 9E ED 00


[18:03:54.470] Device: GVH600D833E  [A8:46:74:20:83:3E]
RSSI: -93 dBm
Manufacturer Data:
  Company ID: 0x8802 (34818)
  Data (6 bytes): EC 00 01 01 00 00
Raw AD (62 bytes):
  02 01 06 0C 09 47 56 48 36 30 30 44 38 33 33 45
  09 FF 02 88 EC 00 01 01 00 00 03 19 00 00 00 00
  00 00 00 00 00 00 00 00 00 00 00 00 00 00 00 00
  00 00 00 00 00 00 00 00 00 00 00 00 00 00
AD Structures:
  [type=0x01 len=2] Flags: 06
  [type=0x09 len=12] Complete Name: 47 56 48 36 30 30 44 38 33 33 45
  [type=0xFF len=9] Manufacturer Data: 02 88 EC 00 01 01 00 00
  [type=0x19 len=3] Type 25: 00 00


[18:03:55.061] Device: Oura Ring 4  [4C:61:F0:FA:FE:C1]
RSSI: -52 dBm
Service UUIDs:
  98ed0001-a541-11e4-b6a0-0002a5d5c51b
Manufacturer Data:
  Company ID: 0x02B2 (690)
  Data (4 bytes): 04 60 49 01
Raw AD (62 bytes):
  02 01 05 11 06 1B C5 D5 A5 02 00 A0 B6 E4 11 41
  A5 01 00 ED 98 07 FF B2 02 04 60 49 01 0C 09 4F
  75 72 61 20 52 69 6E 67 20 34 00 00 00 00 00 00
  00 00 00 00 00 00 00 00 00 00 00 00 00 00
AD Structures:
  [type=0x01 len=2] Flags: 05
  [type=0x06 len=17] Incomplete 128-bit UUIDs: 1B C5 D5 A5 02 00 A0 B6 E4 11 41 A5 01 00 ED 98
  [type=0xFF len=7] Manufacturer Data: B2 02 04 60 49 01
  [type=0x09 len=12] Complete Name: 4F 75 72 61 20 52 69 6E 67 20 34


[18:03:55.104] Device: (no name)  [6C:AB:16:1A:C5:25]
RSSI: -65 dBm
Manufacturer Data:
  Company ID: 0x004C (76)
  Data (8 bytes): 10 06 38 1A B0 C8 06 AF
Raw AD (62 bytes):
  02 01 1A 02 0A 0C 0B FF 4C 00 10 06 38 1A B0 C8
  06 AF 00 00 00 00 00 00 00 00 00 00 00 00 00 00
  00 00 00 00 00 00 00 00 00 00 00 00 00 00 00 00
  00 00 00 00 00 00 00 00 00 00 00 00 00 00
AD Structures:
  [type=0x01 len=2] Flags: 1A
  [type=0x0A len=2] Type 10: 0C
  [type=0xFF len=11] Manufacturer Data: 4C 00 10 06 38 1A B0 C8 06 AF


[18:03:55.148] Device: (no name)  [C9:F4:7A:45:ED:F6]
RSSI: -82 dBm
Manufacturer Data:
  Company ID: 0x004C (76)
  Data (4 bytes): 12 02 00 01
Raw AD (62 bytes):
  07 FF 4C 00 12 02 00 01 00 00 00 00 00 00 00 00
  00 00 00 00 00 00 00 00 00 00 00 00 00 00 00 00
  00 00 00 00 00 00 00 00 00 00 00 00 00 00 00 00
  00 00 00 00 00 00 00 00 00 00 00 00 00 00
AD Structures:
  [type=0xFF len=7] Manufacturer Data: 4C 00 12 02 00 01


[18:03:55.150] Device: (no name)  [65:D2:DA:F9:B1:F7]
RSSI: -77 dBm
Manufacturer Data:
  Company ID: 0x004C (76)
  Data (10 bytes): 16 08 00 05 13 6F 39 60 CA A5
Raw AD (62 bytes):
  02 01 1A 0D FF 4C 00 16 08 00 05 13 6F 39 60 CA
  A5 00 00 00 00 00 00 00 00 00 00 00 00 00 00 00
  00 00 00 00 00 00 00 00 00 00 00 00 00 00 00 00
  00 00 00 00 00 00 00 00 00 00 00 00 00 00
AD Structures:
  [type=0x01 len=2] Flags: 1A
  [type=0xFF len=13] Manufacturer Data: 4C 00 16 08 00 05 13 6F 39 60 CA A5


[18:03:55.895] Device: S4REA2524K2451    [C7:0C:A3:3A:BF:54]
RSSI: -94 dBm
Service UUIDs:
  6e400001-b5a3-f393-e0a9-e50e24dcca9e
Manufacturer Data:
  Company ID: 0x424E (16974)
  Data (6 bytes): E0 02 00 00 00 1D
Raw AD (62 bytes):
  02 01 06 09 FF 4E 42 E0 02 00 00 00 1D 11 09 53
  34 52 45 41 32 35 32 34 4B 32 34 35 31 00 00 08
  1B 54 BF 3A A3 0C C7 01 11 07 9E CA DC 24 0E E5
  A9 E0 93 F3 A3 B5 01 00 40 6E 00 00 00 00
AD Structures:
  [type=0x01 len=2] Flags: 06
  [type=0xFF len=9] Manufacturer Data: 4E 42 E0 02 00 00 00 1D
  [type=0x09 len=17] Complete Name: 53 34 52 45 41 32 35 32 34 4B 32 34 35 31 00 00
  [type=0x1B len=8] Type 27: 54 BF 3A A3 0C C7 01
  [type=0x07 len=17] Complete 128-bit UUIDs: 9E CA DC 24 0E E5 A9 E0 93 F3 A3 B5 01 00 40 6E


[18:03:55.973] Device: (no name)  [73:25:47:AE:AC:7A]
RSSI: -80 dBm
Manufacturer Data:
  Company ID: 0x004C (76)
  Data (26 bytes): 10 07 35 1F 6D E2 DA 08 28 01 00 00 00 00 00 00
  00 00 00 00 00 00 80 00 00 00
Raw AD (62 bytes):
  02 01 1A 02 0A 0C 0C FF 4C 00 10 07 35 1F 6D E2
  DA 08 28 14 FF 4C 00 01 00 00 00 00 00 00 00 00
  00 00 00 00 80 00 00 00 00 00 00 00 00 00 00 00
  00 00 00 00 00 00 00 00 00 00 00 00 00 00
AD Structures:
  [type=0x01 len=2] Flags: 1A
  [type=0x0A len=2] Type 10: 0C
  [type=0xFF len=12] Manufacturer Data: 4C 00 10 07 35 1F 6D E2 DA 08 28
  [type=0xFF len=20] Manufacturer Data: 4C 00 01 00 00 00 00 00 00 00 00 00 00 00 00 80
  00 00 00


[18:03:55.974] Device: (no name)  [67:14:67:E2:29:69]
RSSI: -89 dBm
Manufacturer Data:
  Company ID: 0x004C (76)
  Data (9 bytes): 10 07 3D 1F 61 BA 69 35 58
Raw AD (62 bytes):
  02 01 1A 0C FF 4C 00 10 07 3D 1F 61 BA 69 35 58
  02 0A 00 00 00 00 00 00 00 00 00 00 00 00 00 00
  00 00 00 00 00 00 00 00 00 00 00 00 00 00 00 00
  00 00 00 00 00 00 00 00 00 00 00 00 00 00
AD Structures:
  [type=0x01 len=2] Flags: 1A
  [type=0xFF len=12] Manufacturer Data: 4C 00 10 07 3D 1F 61 BA 69 35 58
  [type=0x0A len=2] Type 10: 00


[18:03:56.552] Device: (no name)  [78:DB:78:D1:93:3A]
RSSI: -102 dBm
Manufacturer Data:
  Company ID: 0x004C (76)
  Data (16 bytes): 09 08 13 5B C0 A8 B2 24 1B 58 0A 04 12 96 E5 C0
Raw AD (62 bytes):
  02 01 1A 13 FF 4C 00 09 08 13 5B C0 A8 B2 24 1B
  58 0A 04 12 96 E5 C0 00 00 00 00 00 00 00 00 00
  00 00 00 00 00 00 00 00 00 00 00 00 00 00 00 00
  00 00 00 00 00 00 00 00 00 00 00 00 00 00
AD Structures:
  [type=0x01 len=2] Flags: 1A
  [type=0xFF len=19] Manufacturer Data: 4C 00 09 08 13 5B C0 A8 B2 24 1B 58 0A 04 12 96
  E5 C0


[18:03:56.660] Device: (no name)  [78:9E:CD:42:1A:E9]
RSSI: -91 dBm
Manufacturer Data:
  Company ID: 0x004C (76)
  Data (7 bytes): 10 05 3A 18 2F 9B C2
Raw AD (62 bytes):
  02 01 1A 02 0A 0C 0A FF 4C 00 10 05 3A 18 2F 9B
  C2 00 00 00 00 00 00 00 00 00 00 00 00 00 00 00
  00 00 00 00 00 00 00 00 00 00 00 00 00 00 00 00
  00 00 00 00 00 00 00 00 00 00 00 00 00 00
AD Structures:
  [type=0x01 len=2] Flags: 1A
  [type=0x0A len=2] Type 10: 0C
  [type=0xFF len=10] Manufacturer Data: 4C 00 10 05 3A 18 2F 9B C2


[18:03:56.695] Device: Govee_H6072_5288  [C8:36:39:34:52:88]
RSSI: -91 dBm
Manufacturer Data:
  Company ID: 0x8802 (34818)
  Data (5 bytes): EC 00 02 01 01
Raw AD (62 bytes):
  02 01 06 11 09 47 6F 76 65 65 5F 48 36 30 37 32
  5F 35 32 38 38 08 FF 02 88 EC 00 02 01 01 11 09
  47 6F 76 65 65 5F 48 36 30 37 32 5F 35 32 38 38
  00 00 00 00 00 00 00 00 00 00 00 00 00 00
AD Structures:
  [type=0x01 len=2] Flags: 06
  [type=0x09 len=17] Complete Name: 47 6F 76 65 65 5F 48 36 30 37 32 5F 35 32 38 38
  [type=0xFF len=8] Manufacturer Data: 02 88 EC 00 02 01 01
  [type=0x09 len=17] Complete Name: 47 6F 76 65 65 5F 48 36 30 37 32 5F 35 32 38 38


[18:03:57.318] Device: (no name)  [FC:3C:03:D0:29:AA]
RSSI: -62 dBm
Manufacturer Data:
  Company ID: 0x004C (76)
  Data (4 bytes): 12 02 00 02
Raw AD (62 bytes):
  07 FF 4C 00 12 02 00 02 00 00 00 00 00 00 00 00
  00 00 00 00 00 00 00 00 00 00 00 00 00 00 00 00
  00 00 00 00 00 00 00 00 00 00 00 00 00 00 00 00
  00 00 00 00 00 00 00 00 00 00 00 00 00 00
AD Structures:
  [type=0xFF len=7] Manufacturer Data: 4C 00 12 02 00 02


[18:03:57.981] Device: (no name)  [52:CA:EE:A8:F5:3E]
RSSI: -101 dBm
Manufacturer Data:
  Company ID: 0x004C (76)
  Data (20 bytes): 09 08 13 1F C0 A8 B2 6E 1B 58 16 08 00 B4 4E FC
  82 41 8A 65
Raw AD (62 bytes):
  02 01 1A 17 FF 4C 00 09 08 13 1F C0 A8 B2 6E 1B
  58 16 08 00 B4 4E FC 82 41 8A 65 00 00 00 00 00
  00 00 00 00 00 00 00 00 00 00 00 00 00 00 00 00
  00 00 00 00 00 00 00 00 00 00 00 00 00 00
AD Structures:
  [type=0x01 len=2] Flags: 1A
  [type=0xFF len=23] Manufacturer Data: 4C 00 09 08 13 1F C0 A8 B2 6E 1B 58 16 08 00 B4
  4E FC 82 41 8A 65


[18:03:58.122] Device: (no name)  [EC:B2:7D:0C:AE:33]
RSSI: -91 dBm
Manufacturer Data:
  Company ID: 0x004C (76)
  Data (4 bytes): 12 02 00 02
Raw AD (62 bytes):
  07 FF 4C 00 12 02 00 02 00 00 00 00 00 00 00 00
  00 00 00 00 00 00 00 00 00 00 00 00 00 00 00 00
  00 00 00 00 00 00 00 00 00 00 00 00 00 00 00 00
  00 00 00 00 00 00 00 00 00 00 00 00 00 00
AD Structures:
  [type=0xFF len=7] Manufacturer Data: 4C 00 12 02 00 02


[18:03:58.752] Device: [TV] Samsung 5 Series (32)  [F8:77:B8:B0:8E:BB]
RSSI: -95 dBm
Manufacturer Data:
  Company ID: 0x0075 (117)
  Data (24 bytes): 42 04 01 40 5E F8 77 B8 B0 8E BB FA 77 B8 34 8E
  BA 01 00 00 00 00 00 00
Raw AD (62 bytes):
  02 01 1E 1B FF 75 00 42 04 01 40 5E F8 77 B8 B0
  8E BB FA 77 B8 34 8E BA 01 00 00 00 00 00 00 02
  0A 09 1B 08 5B 54 56 5D 20 53 61 6D 73 75 6E 67
  20 35 20 53 65 72 69 65 73 20 28 33 32 29
AD Structures:
  [type=0x01 len=2] Flags: 1E
  [type=0xFF len=27] Manufacturer Data: 75 00 42 04 01 40 5E F8 77 B8 B0 8E BB FA 77 B8
  34 8E BA 01 00 00 00 00 00 00
  [type=0x0A len=2] Type 10: 09
  [type=0x08 len=27] Shortened Name: 5B 54 56 5D 20 53 61 6D 73 75 6E 67 20 35 20 53
  65 72 69 65 73 20 28 33 32 29


[18:03:58.760] Device: (no name)  [54:61:08:11:5E:15]
RSSI: -94 dBm
Manufacturer Data:
  Company ID: 0x004C (76)
  Data (25 bytes): 10 06 38 1A 70 86 72 CF 01 00 00 00 00 00 00 00
  00 00 00 00 00 80 00 00 00
Raw AD (62 bytes):
  02 01 1A 02 0A 0B 0B FF 4C 00 10 06 38 1A 70 86
  72 CF 14 FF 4C 00 01 00 00 00 00 00 00 00 00 00
  00 00 00 80 00 00 00 00 00 00 00 00 00 00 00 00
  00 00 00 00 00 00 00 00 00 00 00 00 00 00
AD Structures:
  [type=0x01 len=2] Flags: 1A
  [type=0x0A len=2] Type 10: 0B
  [type=0xFF len=11] Manufacturer Data: 4C 00 10 06 38 1A 70 86 72 CF
  [type=0xFF len=20] Manufacturer Data: 4C 00 01 00 00 00 00 00 00 00 00 00 00 00 00 80
  00 00 00


[18:03:58.886] Device: (no name)  [DA:48:36:4D:17:63]
RSSI: -95 dBm
Manufacturer Data:
  Company ID: 0x004C (76)
  Data (4 bytes): 12 02 00 01
Raw AD (62 bytes):
  07 FF 4C 00 12 02 00 01 00 00 00 00 00 00 00 00
  00 00 00 00 00 00 00 00 00 00 00 00 00 00 00 00
  00 00 00 00 00 00 00 00 00 00 00 00 00 00 00 00
  00 00 00 00 00 00 00 00 00 00 00 00 00 00
AD Structures:
  [type=0xFF len=7] Manufacturer Data: 4C 00 12 02 00 01


[18:03:59.537] Device: (no name)  [64:4E:D7:FB:63:BC]
RSSI: -92 dBm
Service UUIDs:
  0000fe78-0000-1000-8000-00805f9b34fb
Manufacturer Data:
  Company ID: 0x0065 (101)
  Data (3 bytes): 01 C9 05
Raw AD (62 bytes):
  02 01 06 19 16 F7 FD 01 7A 90 BE F9 2E 5F 48 31
  A6 A3 99 F3 DB 41 06 AA 00 00 00 00 01 03 03 78
  FE 06 FF 65 00 01 C9 05 00 00 00 00 00 00 00 00
  00 00 00 00 00 00 00 00 00 00 00 00 00 00
AD Structures:
  [type=0x01 len=2] Flags: 06
  [type=0x16 len=25] Type 22: F7 FD 01 7A 90 BE F9 2E 5F 48 31 A6 A3 99 F3 DB
  41 06 AA 00 00 00 00 01
  [type=0x03 len=3] Type 3: 78 FE
  [type=0xFF len=6] Manufacturer Data: 65 00 01 C9 05


[18:04:01.138] Device: (no name)  [7C:1F:39:C5:30:2A]
RSSI: -94 dBm
Manufacturer Data:
  Company ID: 0x004C (76)
  Data (24 bytes): 0C 0E 00 08 2A F6 B9 12 86 F2 80 F8 24 FB F5 F4
  10 06 4B 1D 4D BB ED 48
Raw AD (62 bytes):
  02 01 1A 1B FF 4C 00 0C 0E 00 08 2A F6 B9 12 86
  F2 80 F8 24 FB F5 F4 10 06 4B 1D 4D BB ED 48 00
  00 00 00 00 00 00 00 00 00 00 00 00 00 00 00 00
  00 00 00 00 00 00 00 00 00 00 00 00 00 00
AD Structures:
  [type=0x01 len=2] Flags: 1A
  [type=0xFF len=27] Manufacturer Data: 4C 00 0C 0E 00 08 2A F6 B9 12 86 F2 80 F8 24 FB
  F5 F4 10 06 4B 1D 4D BB ED 48


[18:04:02.437] Device: Govee_H6072_388C  [C2:36:39:34:38:8C]
RSSI: -87 dBm
Manufacturer Data:
  Company ID: 0x8802 (34818)
  Data (5 bytes): EC 00 02 01 01
Raw AD (62 bytes):
  02 01 06 11 09 47 6F 76 65 65 5F 48 36 30 37 32
  5F 33 38 38 43 08 FF 02 88 EC 00 02 01 01 11 09
  47 6F 76 65 65 5F 48 36 30 37 32 5F 33 38 38 43
  00 00 00 00 00 00 00 00 00 00 00 00 00 00
AD Structures:
  [type=0x01 len=2] Flags: 06
  [type=0x09 len=17] Complete Name: 47 6F 76 65 65 5F 48 36 30 37 32 5F 33 38 38 43
  [type=0xFF len=8] Manufacturer Data: 02 88 EC 00 02 01 01
  [type=0x09 len=17] Complete Name: 47 6F 76 65 65 5F 48 36 30 37 32 5F 33 38 38 43


[18:04:05.503] Device: Core300s  [10:97:BD:46:6F:C2]
RSSI: -97 dBm
Manufacturer Data:
  Company ID: 0x06D0 (1744)
  Data (12 bytes): 01 C2 6F 46 BD 97 10 C6 2E 02 02 00
Raw AD (62 bytes):
  02 01 06 0F FF D0 06 01 C2 6F 46 BD 97 10 C6 2E
  02 02 00 09 09 43 6F 72 65 33 30 30 73 00 00 00
  00 00 00 00 00 00 00 00 00 00 00 00 00 00 00 00
  00 00 00 00 00 00 00 00 00 00 00 00 00 00
AD Structures:
  [type=0x01 len=2] Flags: 06
  [type=0xFF len=15] Manufacturer Data: D0 06 01 C2 6F 46 BD 97 10 C6 2E 02 02 00
  [type=0x09 len=9] Complete Name: 43 6F 72 65 33 30 30 73


[18:04:06.767] Device: P0.1  [80:6F:B0:7C:43:2F]
RSSI: -89 dBm
Service UUIDs:
  98bd0001-0b0e-421a-84e5-ddbf75dc6de4
Manufacturer Data:
  Company ID: 0x0426 (1062)
  Data (6 bytes): 05 04 A4 E2 00 0C
Raw AD (62 bytes):
  02 01 06 11 06 E4 6D DC 75 BF DD E5 84 1A 42 0E
  0B 01 00 BD 98 09 FF 26 04 05 04 A4 E2 00 0C 05
  08 50 30 2E 31 00 00 00 00 00 00 00 00 00 00 00
  00 00 00 00 00 00 00 00 00 00 00 00 00 00
AD Structures:
  [type=0x01 len=2] Flags: 06
  [type=0x06 len=17] Incomplete 128-bit UUIDs: E4 6D DC 75 BF DD E5 84 1A 42 0E 0B 01 00 BD 98
  [type=0xFF len=9] Manufacturer Data: 26 04 05 04 A4 E2 00 0C
  [type=0x08 len=5] Shortened Name: 50 30 2E 31


[18:04:09.524] Device: (no name)  [69:B7:0D:5A:2E:CC]
RSSI: -96 dBm
Manufacturer Data:
  Company ID: 0x004C (76)
  Data (24 bytes): 0C 0E 00 09 2A CF C1 83 C9 69 2D D0 55 AE E6 D3
  10 06 4B 1D 4D BB ED 48
Raw AD (62 bytes):
  02 01 1A 1B FF 4C 00 0C 0E 00 09 2A CF C1 83 C9
  69 2D D0 55 AE E6 D3 10 06 4B 1D 4D BB ED 48 00
  00 00 00 00 00 00 00 00 00 00 00 00 00 00 00 00
  00 00 00 00 00 00 00 00 00 00 00 00 00 00
AD Structures:
  [type=0x01 len=2] Flags: 1A
  [type=0xFF len=27] Manufacturer Data: 4C 00 0C 0E 00 09 2A CF C1 83 C9 69 2D D0 55 AE
  E6 D3 10 06 4B 1D 4D BB ED 48


[18:04:09.696] Device: GVH600D50FA  [0C:4E:A0:88:50:FA]
RSSI: -93 dBm
Manufacturer Data:
  Company ID: 0x8802 (34818)
  Data (6 bytes): EC 00 01 01 00 00
Raw AD (62 bytes):
  02 01 06 0C 09 47 56 48 36 30 30 44 35 30 46 41
  09 FF 02 88 EC 00 01 01 00 00 03 19 00 00 00 00
  00 00 00 00 00 00 00 00 00 00 00 00 00 00 00 00
  00 00 00 00 00 00 00 00 00 00 00 00 00 00
AD Structures:
  [type=0x01 len=2] Flags: 06
  [type=0x09 len=12] Complete Name: 47 56 48 36 30 30 44 35 30 46 41
  [type=0xFF len=9] Manufacturer Data: 02 88 EC 00 01 01 00 00
  [type=0x19 len=3] Type 25: 00 00


[18:04:10.907] Device: Govee_H6061_175A  [CD:38:30:33:17:5A]
RSSI: -98 dBm
Manufacturer Data:
  Company ID: 0x8803 (34819)
  Data (5 bytes): EC 00 01 03 01
Raw AD (62 bytes):
  02 01 06 11 09 47 6F 76 65 65 5F 48 36 30 36 31
  5F 31 37 35 41 08 FF 03 88 EC 00 01 03 01 11 09
  47 6F 76 65 65 5F 48 36 30 36 31 5F 31 37 35 41
  00 00 00 00 00 00 00 00 00 00 00 00 00 00
AD Structures:
  [type=0x01 len=2] Flags: 06
  [type=0x09 len=17] Complete Name: 47 6F 76 65 65 5F 48 36 30 36 31 5F 31 37 35 41
  [type=0xFF len=8] Manufacturer Data: 03 88 EC 00 01 03 01
  [type=0x09 len=17] Complete Name: 47 6F 76 65 65 5F 48 36 30 36 31 5F 31 37 35 41


[18:04:20.640] Device: (no name)  [E3:CD:C8:1D:E7:09]
RSSI: -82 dBm
Manufacturer Data:
  Company ID: 0x004C (76)
  Data (4 bytes): 12 02 00 03
Raw AD (62 bytes):
  07 FF 4C 00 12 02 00 03 00 00 00 00 00 00 00 00
  00 00 00 00 00 00 00 00 00 00 00 00 00 00 00 00
  00 00 00 00 00 00 00 00 00 00 00 00 00 00 00 00
  00 00 00 00 00 00 00 00 00 00 00 00 00 00
AD Structures:
  [type=0xFF len=7] Manufacturer Data: 4C 00 12 02 00 03


[18:04:40.180] Device: (no name)  [E5:CA:0F:C0:57:57]
RSSI: -93 dBm
Manufacturer Data:
  Company ID: 0x004C (76)
  Data (4 bytes): 12 02 00 03
Raw AD (62 bytes):
  07 FF 4C 00 12 02 00 03 00 00 00 00 00 00 00 00
  00 00 00 00 00 00 00 00 00 00 00 00 00 00 00 00
  00 00 00 00 00 00 00 00 00 00 00 00 00 00 00 00
  00 00 00 00 00 00 00 00 00 00 00 00 00 00
AD Structures:
  [type=0xFF len=7] Manufacturer Data: 4C 00 12 02 00 03


[18:04:45.891] ========== OMNIPOD FOUND ==========
Device: Openpod_Emu  [F3:F9:AA:51:B5:54]
RSSI: -102 dBm
Service UUIDs:
  ce1f923d-c539-48ea-7300-0afffffffe00  <-- OMNIPOD SCAN UUID
    UUID LE bytes: 00 FE FF FF FF 0A 00 73 EA 48 39 C5 3D 92 1F CE
    Profile ID: 10 (VALID)
    Pod ID base: 0xFFFFFFFE (4294967294)  [UNPAIRED]
Manufacturer Data:
  Company ID: 0x0000 (0)
  Data (7 bytes): 00 00 00 00 00 00 00
  --- Omnipod decode ---
    Pod ID adj bits: 0
    Alarm code: 0x00
    Alert code: 0x00
    Service type: 0x2470 (NO_DATA (default))
Raw AD (62 bytes):
  11 06 00 FE FF FF FF 0A 00 73 EA 48 39 C5 3D 92
  1F CE 0A FF 00 00 00 00 00 00 00 00 00 0C 09 4F
  70 65 6E 70 6F 64 5F 45 6D 75 00 00 00 00 00 00
  00 00 00 00 00 00 00 00 00 00 00 00 00 00
AD Structures:
  [type=0x06 len=17] Incomplete 128-bit UUIDs: 00 FE FF FF FF 0A 00 73 EA 48 39 C5 3D 92 1F CE
  [type=0xFF len=10] Manufacturer Data: 00 00 00 00 00 00 00 00 00
  [type=0x09 len=12] Complete Name: 4F 70 65 6E 70 6F 64 5F 45 6D 75
====================================



=== Scan ended Fri Apr 03 18:04:53 GMT+02:00 2026 ===
